<!DOCTYPE html>
<html>
<head>
<meta http-equiv="Content-Type" content="text/html; charset=utf-8"/>
<meta http-equiv="x-ua-compatible" content="IE=edge"/>
<title>Test results - Class uk.gov.dhsc.htbhf.claimant.PaymentCycleIntegrationTests</title>
<link href="../css/base-style.css" rel="stylesheet" type="text/css"/>
<link href="../css/style.css" rel="stylesheet" type="text/css"/>
<script src="../js/report.js" type="text/javascript"></script>
</head>
<body>
<div id="content">
<h1>Class uk.gov.dhsc.htbhf.claimant.PaymentCycleIntegrationTests</h1>
<div class="breadcrumbs">
<a href="../index.html">all</a> &gt; 
<a href="../packages/uk.gov.dhsc.htbhf.claimant.html">uk.gov.dhsc.htbhf.claimant</a> &gt; PaymentCycleIntegrationTests</div>
<div id="summary">
<table>
<tr>
<td>
<div class="summaryGroup">
<table>
<tr>
<td>
<div class="infoBox" id="tests">
<div class="counter">21</div>
<p>tests</p>
</div>
</td>
<td>
<div class="infoBox" id="failures">
<div class="counter">0</div>
<p>failures</p>
</div>
</td>
<td>
<div class="infoBox" id="ignored">
<div class="counter">0</div>
<p>ignored</p>
</div>
</td>
<td>
<div class="infoBox" id="duration">
<div class="counter">4.179s</div>
<p>duration</p>
</div>
</td>
</tr>
</table>
</div>
</td>
<td>
<div class="infoBox success" id="successRate">
<div class="percent">100%</div>
<p>successful</p>
</div>
</td>
</tr>
</table>
</div>
<div id="tabs">
<ul class="tabLinks">
<li>
<a href="#tab0">Tests</a>
</li>
<li>
<a href="#tab1">Standard output</a>
</li>
</ul>
<div id="tab0" class="tab">
<h2>Tests</h2>
<table>
<thead>
<tr>
<th>Test</th>
<th>Method name</th>
<th>Duration</th>
<th>Result</th>
</tr>
</thead>
<tr>
<td class="success">Children DOB previous cycle=[2019-04-23, 2016-10-23], children DOB current cycle=[2019-04-23, 2016-10-23]</td>
<td class="success">shouldCreatePaymentCycleMakePaymentAndSendEmail(List, List)[1]</td>
<td class="success">0.180s</td>
<td class="success">passed</td>
</tr>
<tr>
<td class="success">Children DOB previous cycle=[], children DOB current cycle=[2019-04-23, 2016-10-23]</td>
<td class="success">shouldCreatePaymentCycleMakePaymentAndSendEmail(List, List)[2]</td>
<td class="success">0.201s</td>
<td class="success">passed</td>
</tr>
<tr>
<td class="success">Children DOB previous cycle=[2019-04-23, 2016-10-23], children DOB current cycle=[]</td>
<td class="success">shouldCreatePaymentCycleMakePaymentAndSendEmail(List, List)[3]</td>
<td class="success">0.188s</td>
<td class="success">passed</td>
</tr>
<tr>
<td class="success">Children DOB previous cycle=[], children DOB current cycle=[]</td>
<td class="success">shouldCreatePaymentCycleMakePaymentAndSendEmail(List, List)[4]</td>
<td class="success">0.183s</td>
<td class="success">passed</td>
</tr>
<tr>
<td class="success">shouldRecoverFromErrorsToMakePaymentAndSendEmail()</td>
<td class="success">shouldRecoverFromErrorsToMakePaymentAndSendEmail()</td>
<td class="success">0.440s</td>
<td class="success">passed</td>
</tr>
<tr>
<td class="success">shouldSendEmailsWhenChildTurnsFourInNextPaymentCycle()</td>
<td class="success">shouldSendEmailsWhenChildTurnsFourInNextPaymentCycle()</td>
<td class="success">0.439s</td>
<td class="success">passed</td>
</tr>
<tr>
<td class="success">shouldSendEmailsWhenChildTurnsOneInNextPaymentCycle()</td>
<td class="success">shouldSendEmailsWhenChildTurnsOneInNextPaymentCycle()</td>
<td class="success">0.191s</td>
<td class="success">passed</td>
</tr>
<tr>
<td class="success">shouldSendEmailsWhenChildTurnsOneOnFirstDayOfNextPaymentCycle()</td>
<td class="success">shouldSendEmailsWhenChildTurnsOneOnFirstDayOfNextPaymentCycle()</td>
<td class="success">0.209s</td>
<td class="success">passed</td>
</tr>
<tr>
<td class="success">shouldSendNewChildEmailWhenPaymentCycleIncludesBackdatedVouchers()</td>
<td class="success">shouldSendNewChildEmailWhenPaymentCycleIncludesBackdatedVouchers()</td>
<td class="success">0.212s</td>
<td class="success">passed</td>
</tr>
<tr>
<td class="success">Integration test for HTBHF-2185 for a non-pregnant claimant where DWP have returned no children on record but they are ELIGIBLE, the claim status should be set to Expired and email sent to Claimant</td>
<td class="success">shouldSendNoLongerEligibleEmailWhenEligibleWithNoChildrenOnFeedAndNotPregnant()</td>
<td class="success">0.204s</td>
<td class="success">passed</td>
</tr>
<tr>
<td class="success">Eligibility status=INELIGIBLE, expected delivery date=null</td>
<td class="success">shouldTestClaimBecomingExpiredWhenNoLongerPregnantWithNoChildren(EligibilityStatus, LocalDate)[1]</td>
<td class="success">0.159s</td>
<td class="success">passed</td>
</tr>
<tr>
<td class="success">Eligibility status=INELIGIBLE, expected delivery date=2019-07-24</td>
<td class="success">shouldTestClaimBecomingExpiredWhenNoLongerPregnantWithNoChildren(EligibilityStatus, LocalDate)[2]</td>
<td class="success">0.153s</td>
<td class="success">passed</td>
</tr>
<tr>
<td class="success">Eligibility status=ELIGIBLE, expected delivery date=null</td>
<td class="success">shouldTestClaimBecomingExpiredWhenNoLongerPregnantWithNoChildren(EligibilityStatus, LocalDate)[3]</td>
<td class="success">0.158s</td>
<td class="success">passed</td>
</tr>
<tr>
<td class="success">Eligibility status=ELIGIBLE, expected delivery date=2019-07-24</td>
<td class="success">shouldTestClaimBecomingExpiredWhenNoLongerPregnantWithNoChildren(EligibilityStatus, LocalDate)[4]</td>
<td class="success">0.154s</td>
<td class="success">passed</td>
</tr>
<tr>
<td class="success">DWP eligibility status=ELIGIBLE</td>
<td class="success">shouldTestClaimBecomingExpiredWhenRollingOffTheScheme(EligibilityStatus)[1]</td>
<td class="success">0.134s</td>
<td class="success">passed</td>
</tr>
<tr>
<td class="success">DWP eligibility status=INELIGIBLE</td>
<td class="success">shouldTestClaimBecomingExpiredWhenRollingOffTheScheme(EligibilityStatus)[2]</td>
<td class="success">0.141s</td>
<td class="success">passed</td>
</tr>
<tr>
<td class="success">Children DOB previous cycle=[2016-10-23], Children DOB current cycle=[2016-10-23], expected delivery date=2019-12-23</td>
<td class="success">shouldTestClaimantBecomingIneligible(List, List, LocalDate)[1]</td>
<td class="success">0.173s</td>
<td class="success">passed</td>
</tr>
<tr>
<td class="success">Children DOB previous cycle=[], Children DOB current cycle=[2016-10-23], expected delivery date=2019-12-23</td>
<td class="success">shouldTestClaimantBecomingIneligible(List, List, LocalDate)[2]</td>
<td class="success">0.168s</td>
<td class="success">passed</td>
</tr>
<tr>
<td class="success">Children DOB previous cycle=[2016-10-23], Children DOB current cycle=[], expected delivery date=2019-12-23</td>
<td class="success">shouldTestClaimantBecomingIneligible(List, List, LocalDate)[3]</td>
<td class="success">0.174s</td>
<td class="success">passed</td>
</tr>
<tr>
<td class="success">Children DOB previous cycle=[], Children DOB current cycle=[], expected delivery date=2019-12-23</td>
<td class="success">shouldTestClaimantBecomingIneligible(List, List, LocalDate)[4]</td>
<td class="success">0.159s</td>
<td class="success">passed</td>
</tr>
<tr>
<td class="success">Children DOB previous cycle=[2016-10-23], Children DOB current cycle=[], expected delivery date=null</td>
<td class="success">shouldTestClaimantBecomingIneligible(List, List, LocalDate)[5]</td>
<td class="success">0.159s</td>
<td class="success">passed</td>
</tr>
</table>
</div>
<div id="tab1" class="tab">
<h2>Standard output</h2>
<span class="code">
<pre>
  .   ____          _            __ _ _
 /\\ / ___'_ __ _ _(_)_ __  __ _ \ \ \ \
( ( )\___ | '_ | '_| | '_ \/ _` | \ \ \ \
 \\/  ___)| |_)| | | | | || (_| |  ) ) ) )
  '  |____| .__|_| |_|_| |_\__, | / / / /
 =========|_|==============|___/=/_/_/_/
 :: Spring Boot ::        (v2.1.9.RELEASE)

13:33:05.161 [Test worker] INFO  u.g.d.h.c.message.MessageProcessor - Processing 1 message(s) of type DETERMINE_ENTITLEMENT
13:33:05.223 [Test worker] INFO  u.g.d.h.c.message.MessageProcessor - Processed 1 DETERMINE_ENTITLEMENT message(s) with status COMPLETED
13:33:05.229 [Test worker] INFO  u.g.d.h.c.message.MessageProcessor - Processing 1 message(s) of type MAKE_PAYMENT
13:33:05.310 [Test worker] INFO  u.g.d.h.c.message.MessageProcessor - Processed 1 MAKE_PAYMENT message(s) with status COMPLETED
13:33:05.317 [Test worker] INFO  u.g.d.h.c.message.MessageProcessor - Processing 2 message(s) of type SEND_EMAIL
13:33:05.351 [Test worker] INFO  u.g.d.h.c.message.MessageProcessor - Processed 2 SEND_EMAIL message(s) with status COMPLETED
13:33:05.524 [Test worker] INFO  u.g.d.h.c.message.MessageProcessor - Processing 1 message(s) of type DETERMINE_ENTITLEMENT
13:33:05.543 [Test worker] ERROR u.g.d.h.c.service.EligibilityClient - Exception caught trying to post to http://localhost:8100/v1/eligibility
13:33:05.548 [Test worker] ERROR u.g.d.h.c.message.MessageProcessor - Unable to process message with id 0e9dd965-5e35-4ffc-b1fa-48b3fe414d5f, exception detail: Exception caught trying to call eligibility service at: http://localhost:8100/v1/eligibility (at uk.gov.dhsc.htbhf.claimant.service.EligibilityClient.checkEligibility(EligibilityClient.java:61)), wraps: 500 Server Error (at org.springframework.web.client.HttpServerErrorException.create(HttpServerErrorException.java:79))
uk.gov.dhsc.htbhf.claimant.exception.EligibilityClientException: Exception caught trying to call eligibility service at: http://localhost:8100/v1/eligibility
	at uk.gov.dhsc.htbhf.claimant.service.EligibilityClient.checkEligibility(EligibilityClient.java:61)
	at uk.gov.dhsc.htbhf.claimant.service.EligibilityAndEntitlementService.evaluateExistingClaimant(EligibilityAndEntitlementService.java:81)
	at uk.gov.dhsc.htbhf.claimant.message.processor.DetermineEntitlementMessageProcessor.processMessage(DetermineEntitlementMessageProcessor.java:73)
	at uk.gov.dhsc.htbhf.claimant.message.processor.DetermineEntitlementMessageProcessor$$FastClassBySpringCGLIB$$c3cebaaf.invoke(&lt;generated&gt;)
	at org.springframework.cglib.proxy.MethodProxy.invoke(MethodProxy.java:218)
	at org.springframework.aop.framework.CglibAopProxy$CglibMethodInvocation.invokeJoinpoint(CglibAopProxy.java:750)
	at org.springframework.aop.framework.ReflectiveMethodInvocation.proceed(ReflectiveMethodInvocation.java:163)
	at org.springframework.transaction.interceptor.TransactionAspectSupport.invokeWithinTransaction(TransactionAspectSupport.java:295)
	at org.springframework.transaction.interceptor.TransactionInterceptor.invoke(TransactionInterceptor.java:98)
	at org.springframework.aop.framework.ReflectiveMethodInvocation.proceed(ReflectiveMethodInvocation.java:186)
	at org.springframework.aop.framework.CglibAopProxy$DynamicAdvisedInterceptor.intercept(CglibAopProxy.java:689)
	at uk.gov.dhsc.htbhf.claimant.message.processor.DetermineEntitlementMessageProcessor$$EnhancerBySpringCGLIB$$17614952.processMessage(&lt;generated&gt;)
	at uk.gov.dhsc.htbhf.claimant.message.MessageProcessor.invokeMessageTypeProcessor(MessageProcessor.java:80)
	at uk.gov.dhsc.htbhf.claimant.message.MessageProcessor.processMessage(MessageProcessor.java:73)
	at uk.gov.dhsc.htbhf.claimant.message.MessageProcessor.lambda$processMessagesOfType$0(MessageProcessor.java:56)
	at java.base/java.util.stream.ReferencePipeline$3$1.accept(ReferencePipeline.java:195)
	at java.base/java.util.ArrayList$ArrayListSpliterator.forEachRemaining(ArrayList.java:1654)
	at java.base/java.util.stream.AbstractPipeline.copyInto(AbstractPipeline.java:484)
	at java.base/java.util.stream.AbstractPipeline.wrapAndCopyInto(AbstractPipeline.java:474)
	at java.base/java.util.stream.ReduceOps$ReduceOp.evaluateSequential(ReduceOps.java:913)
	at java.base/java.util.stream.AbstractPipeline.evaluate(AbstractPipeline.java:234)
	at java.base/java.util.stream.ReferencePipeline.collect(ReferencePipeline.java:578)
	at uk.gov.dhsc.htbhf.claimant.message.MessageProcessor.processMessagesOfType(MessageProcessor.java:57)
	at uk.gov.dhsc.htbhf.claimant.message.MessageProcessor.processMessagesOfType(MessageProcessor.java:44)
	at uk.gov.dhsc.htbhf.claimant.scheduler.MessageProcessorScheduler.processDetermineEntitlementMessages(MessageProcessorScheduler.java:71)
	at uk.gov.dhsc.htbhf.claimant.scheduler.MessageProcessorScheduler$$FastClassBySpringCGLIB$$a27d1d6.invoke(&lt;generated&gt;)
	at org.springframework.cglib.proxy.MethodProxy.invoke(MethodProxy.java:218)
	at org.springframework.aop.framework.CglibAopProxy$CglibMethodInvocation.invokeJoinpoint(CglibAopProxy.java:750)
	at org.springframework.aop.framework.ReflectiveMethodInvocation.proceed(ReflectiveMethodInvocation.java:163)
	at org.springframework.aop.aspectj.MethodInvocationProceedingJoinPoint.proceed(MethodInvocationProceedingJoinPoint.java:88)
	at uk.gov.dhsc.htbhf.requestcontext.aop.RequestContextAdvisor.updateRequestContext(RequestContextAdvisor.java:42)
	at java.base/jdk.internal.reflect.NativeMethodAccessorImpl.invoke0(Native Method)
	at java.base/jdk.internal.reflect.NativeMethodAccessorImpl.invoke(NativeMethodAccessorImpl.java:62)
	at java.base/jdk.internal.reflect.DelegatingMethodAccessorImpl.invoke(DelegatingMethodAccessorImpl.java:43)
	at java.base/java.lang.reflect.Method.invoke(Method.java:566)
	at org.springframework.aop.aspectj.AbstractAspectJAdvice.invokeAdviceMethodWithGivenArgs(AbstractAspectJAdvice.java:644)
	at org.springframework.aop.aspectj.AbstractAspectJAdvice.invokeAdviceMethod(AbstractAspectJAdvice.java:633)
	at org.springframework.aop.aspectj.AspectJAroundAdvice.invoke(AspectJAroundAdvice.java:70)
	at org.springframework.aop.framework.ReflectiveMethodInvocation.proceed(ReflectiveMethodInvocation.java:175)
	at org.springframework.aop.interceptor.ExposeInvocationInterceptor.invoke(ExposeInvocationInterceptor.java:93)
	at org.springframework.aop.framework.ReflectiveMethodInvocation.proceed(ReflectiveMethodInvocation.java:186)
	at org.springframework.aop.framework.CglibAopProxy$DynamicAdvisedInterceptor.intercept(CglibAopProxy.java:689)
	at uk.gov.dhsc.htbhf.claimant.scheduler.MessageProcessorScheduler$$EnhancerBySpringCGLIB$$9ae570ff.processDetermineEntitlementMessages(&lt;generated&gt;)
	at uk.gov.dhsc.htbhf.claimant.PaymentCycleIntegrationTests.invokeAllSchedulers(PaymentCycleIntegrationTests.java:477)
	at uk.gov.dhsc.htbhf.claimant.PaymentCycleIntegrationTests.shouldRecoverFromErrorsToMakePaymentAndSendEmail(PaymentCycleIntegrationTests.java:198)
	at java.base/jdk.internal.reflect.NativeMethodAccessorImpl.invoke0(Native Method)
	at java.base/jdk.internal.reflect.NativeMethodAccessorImpl.invoke(NativeMethodAccessorImpl.java:62)
	at java.base/jdk.internal.reflect.DelegatingMethodAccessorImpl.invoke(DelegatingMethodAccessorImpl.java:43)
	at java.base/java.lang.reflect.Method.invoke(Method.java:566)
	at org.junit.platform.commons.util.ReflectionUtils.invokeMethod(ReflectionUtils.java:532)
	at org.junit.jupiter.engine.execution.ExecutableInvoker.invoke(ExecutableInvoker.java:115)
	at org.junit.jupiter.engine.descriptor.TestMethodTestDescriptor.lambda$invokeTestMethod$6(TestMethodTestDescriptor.java:171)
	at org.junit.platform.engine.support.hierarchical.ThrowableCollector.execute(ThrowableCollector.java:72)
	at org.junit.jupiter.engine.descriptor.TestMethodTestDescriptor.invokeTestMethod(TestMethodTestDescriptor.java:167)
	at org.junit.jupiter.engine.descriptor.TestMethodTestDescriptor.execute(TestMethodTestDescriptor.java:114)
	at org.junit.jupiter.engine.descriptor.TestMethodTestDescriptor.execute(TestMethodTestDescriptor.java:59)
	at org.junit.platform.engine.support.hierarchical.NodeTestTask.lambda$executeRecursively$4(NodeTestTask.java:108)
	at org.junit.platform.engine.support.hierarchical.ThrowableCollector.execute(ThrowableCollector.java:72)
	at org.junit.platform.engine.support.hierarchical.NodeTestTask.executeRecursively(NodeTestTask.java:98)
	at org.junit.platform.engine.support.hierarchical.NodeTestTask.execute(NodeTestTask.java:74)
	at java.base/java.util.ArrayList.forEach(ArrayList.java:1540)
	at org.junit.platform.engine.support.hierarchical.SameThreadHierarchicalTestExecutorService.invokeAll(SameThreadHierarchicalTestExecutorService.java:38)
	at org.junit.platform.engine.support.hierarchical.NodeTestTask.lambda$executeRecursively$4(NodeTestTask.java:112)
	at org.junit.platform.engine.support.hierarchical.ThrowableCollector.execute(ThrowableCollector.java:72)
	at org.junit.platform.engine.support.hierarchical.NodeTestTask.executeRecursively(NodeTestTask.java:98)
	at org.junit.platform.engine.support.hierarchical.NodeTestTask.execute(NodeTestTask.java:74)
	at java.base/java.util.ArrayList.forEach(ArrayList.java:1540)
	at org.junit.platform.engine.support.hierarchical.SameThreadHierarchicalTestExecutorService.invokeAll(SameThreadHierarchicalTestExecutorService.java:38)
	at org.junit.platform.engine.support.hierarchical.NodeTestTask.lambda$executeRecursively$4(NodeTestTask.java:112)
	at org.junit.platform.engine.support.hierarchical.ThrowableCollector.execute(ThrowableCollector.java:72)
	at org.junit.platform.engine.support.hierarchical.NodeTestTask.executeRecursively(NodeTestTask.java:98)
	at org.junit.platform.engine.support.hierarchical.NodeTestTask.execute(NodeTestTask.java:74)
	at org.junit.platform.engine.support.hierarchical.SameThreadHierarchicalTestExecutorService.submit(SameThreadHierarchicalTestExecutorService.java:32)
	at org.junit.platform.engine.support.hierarchical.HierarchicalTestExecutor.execute(HierarchicalTestExecutor.java:57)
	at org.junit.platform.engine.support.hierarchical.HierarchicalTestEngine.execute(HierarchicalTestEngine.java:51)
	at org.junit.platform.launcher.core.DefaultLauncher.execute(DefaultLauncher.java:220)
	at org.junit.platform.launcher.core.DefaultLauncher.lambda$execute$6(DefaultLauncher.java:188)
	at org.junit.platform.launcher.core.DefaultLauncher.withInterceptedStreams(DefaultLauncher.java:202)
	at org.junit.platform.launcher.core.DefaultLauncher.execute(DefaultLauncher.java:181)
	at org.junit.platform.launcher.core.DefaultLauncher.execute(DefaultLauncher.java:128)
	at org.gradle.api.internal.tasks.testing.junitplatform.JUnitPlatformTestClassProcessor$CollectAllTestClassesExecutor.processAllTestClasses(JUnitPlatformTestClassProcessor.java:102)
	at org.gradle.api.internal.tasks.testing.junitplatform.JUnitPlatformTestClassProcessor$CollectAllTestClassesExecutor.access$000(JUnitPlatformTestClassProcessor.java:82)
	at org.gradle.api.internal.tasks.testing.junitplatform.JUnitPlatformTestClassProcessor.stop(JUnitPlatformTestClassProcessor.java:78)
	at org.gradle.api.internal.tasks.testing.SuiteTestClassProcessor.stop(SuiteTestClassProcessor.java:61)
	at java.base/jdk.internal.reflect.NativeMethodAccessorImpl.invoke0(Native Method)
	at java.base/jdk.internal.reflect.NativeMethodAccessorImpl.invoke(NativeMethodAccessorImpl.java:62)
	at java.base/jdk.internal.reflect.DelegatingMethodAccessorImpl.invoke(DelegatingMethodAccessorImpl.java:43)
	at java.base/java.lang.reflect.Method.invoke(Method.java:566)
	at org.gradle.internal.dispatch.ReflectionDispatch.dispatch(ReflectionDispatch.java:36)
	at org.gradle.internal.dispatch.ReflectionDispatch.dispatch(ReflectionDispatch.java:24)
	at org.gradle.internal.dispatch.ContextClassLoaderDispatch.dispatch(ContextClassLoaderDispatch.java:33)
	at org.gradle.internal.dispatch.ProxyDispatchAdapter$DispatchingInvocationHandler.invoke(ProxyDispatchAdapter.java:94)
	at com.sun.proxy.$Proxy2.stop(Unknown Source)
	at org.gradle.api.internal.tasks.testing.worker.TestWorker.stop(TestWorker.java:132)
	at java.base/jdk.internal.reflect.NativeMethodAccessorImpl.invoke0(Native Method)
	at java.base/jdk.internal.reflect.NativeMethodAccessorImpl.invoke(NativeMethodAccessorImpl.java:62)
	at java.base/jdk.internal.reflect.DelegatingMethodAccessorImpl.invoke(DelegatingMethodAccessorImpl.java:43)
	at java.base/java.lang.reflect.Method.invoke(Method.java:566)
	at org.gradle.internal.dispatch.ReflectionDispatch.dispatch(ReflectionDispatch.java:36)
	at org.gradle.internal.dispatch.ReflectionDispatch.dispatch(ReflectionDispatch.java:24)
	at org.gradle.internal.remote.internal.hub.MessageHubBackedObjectConnection$DispatchWrapper.dispatch(MessageHubBackedObjectConnection.java:182)
	at org.gradle.internal.remote.internal.hub.MessageHubBackedObjectConnection$DispatchWrapper.dispatch(MessageHubBackedObjectConnection.java:164)
	at org.gradle.internal.remote.internal.hub.MessageHub$Handler.run(MessageHub.java:412)
	at org.gradle.internal.concurrent.ExecutorPolicy$CatchAndRecordFailures.onExecute(ExecutorPolicy.java:64)
	at org.gradle.internal.concurrent.ManagedExecutorImpl$1.run(ManagedExecutorImpl.java:48)
	at java.base/java.util.concurrent.ThreadPoolExecutor.runWorker(ThreadPoolExecutor.java:1128)
	at java.base/java.util.concurrent.ThreadPoolExecutor$Worker.run(ThreadPoolExecutor.java:628)
	at org.gradle.internal.concurrent.ThreadFactoryImpl$ManagedThreadRunnable.run(ThreadFactoryImpl.java:56)
	at java.base/java.lang.Thread.run(Thread.java:834)
Caused by: org.springframework.web.client.HttpServerErrorException$InternalServerError: 500 Server Error
	at org.springframework.web.client.HttpServerErrorException.create(HttpServerErrorException.java:79)
	at org.springframework.web.client.DefaultResponseErrorHandler.handleError(DefaultResponseErrorHandler.java:124)
	at org.springframework.web.client.DefaultResponseErrorHandler.handleError(DefaultResponseErrorHandler.java:102)
	at org.springframework.web.client.ResponseErrorHandler.handleError(ResponseErrorHandler.java:63)
	at org.springframework.web.client.RestTemplate.handleResponse(RestTemplate.java:778)
	at org.springframework.web.client.RestTemplate.doExecute(RestTemplate.java:736)
	at org.springframework.web.client.RestTemplate.execute(RestTemplate.java:670)
	at org.springframework.web.client.RestTemplate.postForEntity(RestTemplate.java:445)
	at uk.gov.dhsc.htbhf.claimant.service.EligibilityClient.checkEligibility(EligibilityClient.java:43)
	... 108 common frames omitted
13:33:05.559 [Test worker] INFO  u.g.d.h.c.message.MessageProcessor - Processed 1 DETERMINE_ENTITLEMENT message(s) with status ERROR
13:33:05.582 [Test worker] INFO  u.g.d.h.c.message.MessageProcessor - Processing 1 message(s) of type DETERMINE_ENTITLEMENT
13:33:05.613 [Test worker] INFO  u.g.d.h.c.message.MessageProcessor - Processed 1 DETERMINE_ENTITLEMENT message(s) with status COMPLETED
13:33:05.619 [Test worker] INFO  u.g.d.h.c.message.MessageProcessor - Processing 1 message(s) of type MAKE_PAYMENT
13:33:05.637 [Test worker] ERROR u.g.d.h.claimant.service.CardClient - Exception caught trying to get the card balance at http://localhost:8140/v1/cards/9c614a57-73d6-4db8-9b43-4729b354a3fd/balance
13:33:05.638 [Test worker] ERROR u.g.d.h.c.message.MessageProcessor - Failure event caught for message with id 9ccb1503-da36-487f-8f25-3232110cc94c, exception detail: Payment failed for cardAccountId 9c614a57-73d6-4db8-9b43-4729b354a3fd, claim c69dd70e-a187-4381-b375-9a43561f42b8, paymentCycle b53b53ac-7474-4cf9-8d6d-9c2679d59202, exception is: Exception caught trying to call card service at: http://localhost:8140/v1/cards/9c614a57-73d6-4db8-9b43-4729b354a3fd/balance (at uk.gov.dhsc.htbhf.claimant.service.payments.PaymentService.makePaymentForCycle(PaymentService.java:135)), wraps: Exception caught trying to call card service at: http://localhost:8140/v1/cards/9c614a57-73d6-4db8-9b43-4729b354a3fd/balance (at uk.gov.dhsc.htbhf.claimant.service.CardClient.getBalance(CardClient.java:67)), wraps: 500 Server Error (at org.springframework.web.client.HttpServerErrorException.create(HttpServerErrorException.java:79))
uk.gov.dhsc.htbhf.claimant.exception.EventFailedException: Payment failed for cardAccountId 9c614a57-73d6-4db8-9b43-4729b354a3fd, claim c69dd70e-a187-4381-b375-9a43561f42b8, paymentCycle b53b53ac-7474-4cf9-8d6d-9c2679d59202, exception is: Exception caught trying to call card service at: http://localhost:8140/v1/cards/9c614a57-73d6-4db8-9b43-4729b354a3fd/balance
	at uk.gov.dhsc.htbhf.claimant.service.payments.PaymentService.makePaymentForCycle(PaymentService.java:135)
	at uk.gov.dhsc.htbhf.claimant.message.processor.MakePaymentMessageProcessor.processMessage(MakePaymentMessageProcessor.java:39)
	at uk.gov.dhsc.htbhf.claimant.message.processor.MakePaymentMessageProcessor$$FastClassBySpringCGLIB$$bf47a5f9.invoke(&lt;generated&gt;)
	at org.springframework.cglib.proxy.MethodProxy.invoke(MethodProxy.java:218)
	at org.springframework.aop.framework.CglibAopProxy$CglibMethodInvocation.invokeJoinpoint(CglibAopProxy.java:750)
	at org.springframework.aop.framework.ReflectiveMethodInvocation.proceed(ReflectiveMethodInvocation.java:163)
	at org.springframework.transaction.interceptor.TransactionAspectSupport.invokeWithinTransaction(TransactionAspectSupport.java:295)
	at org.springframework.transaction.interceptor.TransactionInterceptor.invoke(TransactionInterceptor.java:98)
	at org.springframework.aop.framework.ReflectiveMethodInvocation.proceed(ReflectiveMethodInvocation.java:186)
	at org.springframework.aop.framework.CglibAopProxy$DynamicAdvisedInterceptor.intercept(CglibAopProxy.java:689)
	at uk.gov.dhsc.htbhf.claimant.message.processor.MakePaymentMessageProcessor$$EnhancerBySpringCGLIB$$662c6970.processMessage(&lt;generated&gt;)
	at uk.gov.dhsc.htbhf.claimant.message.MessageProcessor.invokeMessageTypeProcessor(MessageProcessor.java:80)
	at uk.gov.dhsc.htbhf.claimant.message.MessageProcessor.processMessage(MessageProcessor.java:73)
	at uk.gov.dhsc.htbhf.claimant.message.MessageProcessor.lambda$processMessagesOfType$0(MessageProcessor.java:56)
	at java.base/java.util.stream.ReferencePipeline$3$1.accept(ReferencePipeline.java:195)
	at java.base/java.util.ArrayList$ArrayListSpliterator.forEachRemaining(ArrayList.java:1654)
	at java.base/java.util.stream.AbstractPipeline.copyInto(AbstractPipeline.java:484)
	at java.base/java.util.stream.AbstractPipeline.wrapAndCopyInto(AbstractPipeline.java:474)
	at java.base/java.util.stream.ReduceOps$ReduceOp.evaluateSequential(ReduceOps.java:913)
	at java.base/java.util.stream.AbstractPipeline.evaluate(AbstractPipeline.java:234)
	at java.base/java.util.stream.ReferencePipeline.collect(ReferencePipeline.java:578)
	at uk.gov.dhsc.htbhf.claimant.message.MessageProcessor.processMessagesOfType(MessageProcessor.java:57)
	at uk.gov.dhsc.htbhf.claimant.message.MessageProcessor.processMessagesOfType(MessageProcessor.java:44)
	at uk.gov.dhsc.htbhf.claimant.scheduler.MessageProcessorScheduler.processPaymentMessages(MessageProcessorScheduler.java:91)
	at uk.gov.dhsc.htbhf.claimant.scheduler.MessageProcessorScheduler$$FastClassBySpringCGLIB$$a27d1d6.invoke(&lt;generated&gt;)
	at org.springframework.cglib.proxy.MethodProxy.invoke(MethodProxy.java:218)
	at org.springframework.aop.framework.CglibAopProxy$CglibMethodInvocation.invokeJoinpoint(CglibAopProxy.java:750)
	at org.springframework.aop.framework.ReflectiveMethodInvocation.proceed(ReflectiveMethodInvocation.java:163)
	at org.springframework.aop.aspectj.MethodInvocationProceedingJoinPoint.proceed(MethodInvocationProceedingJoinPoint.java:88)
	at uk.gov.dhsc.htbhf.requestcontext.aop.RequestContextAdvisor.updateRequestContext(RequestContextAdvisor.java:42)
	at java.base/jdk.internal.reflect.NativeMethodAccessorImpl.invoke0(Native Method)
	at java.base/jdk.internal.reflect.NativeMethodAccessorImpl.invoke(NativeMethodAccessorImpl.java:62)
	at java.base/jdk.internal.reflect.DelegatingMethodAccessorImpl.invoke(DelegatingMethodAccessorImpl.java:43)
	at java.base/java.lang.reflect.Method.invoke(Method.java:566)
	at org.springframework.aop.aspectj.AbstractAspectJAdvice.invokeAdviceMethodWithGivenArgs(AbstractAspectJAdvice.java:644)
	at org.springframework.aop.aspectj.AbstractAspectJAdvice.invokeAdviceMethod(AbstractAspectJAdvice.java:633)
	at org.springframework.aop.aspectj.AspectJAroundAdvice.invoke(AspectJAroundAdvice.java:70)
	at org.springframework.aop.framework.ReflectiveMethodInvocation.proceed(ReflectiveMethodInvocation.java:175)
	at org.springframework.aop.interceptor.ExposeInvocationInterceptor.invoke(ExposeInvocationInterceptor.java:93)
	at org.springframework.aop.framework.ReflectiveMethodInvocation.proceed(ReflectiveMethodInvocation.java:186)
	at org.springframework.aop.framework.CglibAopProxy$DynamicAdvisedInterceptor.intercept(CglibAopProxy.java:689)
	at uk.gov.dhsc.htbhf.claimant.scheduler.MessageProcessorScheduler$$EnhancerBySpringCGLIB$$9ae570ff.processPaymentMessages(&lt;generated&gt;)
	at uk.gov.dhsc.htbhf.claimant.PaymentCycleIntegrationTests.invokeAllSchedulers(PaymentCycleIntegrationTests.java:478)
	at uk.gov.dhsc.htbhf.claimant.PaymentCycleIntegrationTests.shouldRecoverFromErrorsToMakePaymentAndSendEmail(PaymentCycleIntegrationTests.java:200)
	at java.base/jdk.internal.reflect.NativeMethodAccessorImpl.invoke0(Native Method)
	at java.base/jdk.internal.reflect.NativeMethodAccessorImpl.invoke(NativeMethodAccessorImpl.java:62)
	at java.base/jdk.internal.reflect.DelegatingMethodAccessorImpl.invoke(DelegatingMethodAccessorImpl.java:43)
	at java.base/java.lang.reflect.Method.invoke(Method.java:566)
	at org.junit.platform.commons.util.ReflectionUtils.invokeMethod(ReflectionUtils.java:532)
	at org.junit.jupiter.engine.execution.ExecutableInvoker.invoke(ExecutableInvoker.java:115)
	at org.junit.jupiter.engine.descriptor.TestMethodTestDescriptor.lambda$invokeTestMethod$6(TestMethodTestDescriptor.java:171)
	at org.junit.platform.engine.support.hierarchical.ThrowableCollector.execute(ThrowableCollector.java:72)
	at org.junit.jupiter.engine.descriptor.TestMethodTestDescriptor.invokeTestMethod(TestMethodTestDescriptor.java:167)
	at org.junit.jupiter.engine.descriptor.TestMethodTestDescriptor.execute(TestMethodTestDescriptor.java:114)
	at org.junit.jupiter.engine.descriptor.TestMethodTestDescriptor.execute(TestMethodTestDescriptor.java:59)
	at org.junit.platform.engine.support.hierarchical.NodeTestTask.lambda$executeRecursively$4(NodeTestTask.java:108)
	at org.junit.platform.engine.support.hierarchical.ThrowableCollector.execute(ThrowableCollector.java:72)
	at org.junit.platform.engine.support.hierarchical.NodeTestTask.executeRecursively(NodeTestTask.java:98)
	at org.junit.platform.engine.support.hierarchical.NodeTestTask.execute(NodeTestTask.java:74)
	at java.base/java.util.ArrayList.forEach(ArrayList.java:1540)
	at org.junit.platform.engine.support.hierarchical.SameThreadHierarchicalTestExecutorService.invokeAll(SameThreadHierarchicalTestExecutorService.java:38)
	at org.junit.platform.engine.support.hierarchical.NodeTestTask.lambda$executeRecursively$4(NodeTestTask.java:112)
	at org.junit.platform.engine.support.hierarchical.ThrowableCollector.execute(ThrowableCollector.java:72)
	at org.junit.platform.engine.support.hierarchical.NodeTestTask.executeRecursively(NodeTestTask.java:98)
	at org.junit.platform.engine.support.hierarchical.NodeTestTask.execute(NodeTestTask.java:74)
	at java.base/java.util.ArrayList.forEach(ArrayList.java:1540)
	at org.junit.platform.engine.support.hierarchical.SameThreadHierarchicalTestExecutorService.invokeAll(SameThreadHierarchicalTestExecutorService.java:38)
	at org.junit.platform.engine.support.hierarchical.NodeTestTask.lambda$executeRecursively$4(NodeTestTask.java:112)
	at org.junit.platform.engine.support.hierarchical.ThrowableCollector.execute(ThrowableCollector.java:72)
	at org.junit.platform.engine.support.hierarchical.NodeTestTask.executeRecursively(NodeTestTask.java:98)
	at org.junit.platform.engine.support.hierarchical.NodeTestTask.execute(NodeTestTask.java:74)
	at org.junit.platform.engine.support.hierarchical.SameThreadHierarchicalTestExecutorService.submit(SameThreadHierarchicalTestExecutorService.java:32)
	at org.junit.platform.engine.support.hierarchical.HierarchicalTestExecutor.execute(HierarchicalTestExecutor.java:57)
	at org.junit.platform.engine.support.hierarchical.HierarchicalTestEngine.execute(HierarchicalTestEngine.java:51)
	at org.junit.platform.launcher.core.DefaultLauncher.execute(DefaultLauncher.java:220)
	at org.junit.platform.launcher.core.DefaultLauncher.lambda$execute$6(DefaultLauncher.java:188)
	at org.junit.platform.launcher.core.DefaultLauncher.withInterceptedStreams(DefaultLauncher.java:202)
	at org.junit.platform.launcher.core.DefaultLauncher.execute(DefaultLauncher.java:181)
	at org.junit.platform.launcher.core.DefaultLauncher.execute(DefaultLauncher.java:128)
	at org.gradle.api.internal.tasks.testing.junitplatform.JUnitPlatformTestClassProcessor$CollectAllTestClassesExecutor.processAllTestClasses(JUnitPlatformTestClassProcessor.java:102)
	at org.gradle.api.internal.tasks.testing.junitplatform.JUnitPlatformTestClassProcessor$CollectAllTestClassesExecutor.access$000(JUnitPlatformTestClassProcessor.java:82)
	at org.gradle.api.internal.tasks.testing.junitplatform.JUnitPlatformTestClassProcessor.stop(JUnitPlatformTestClassProcessor.java:78)
	at org.gradle.api.internal.tasks.testing.SuiteTestClassProcessor.stop(SuiteTestClassProcessor.java:61)
	at java.base/jdk.internal.reflect.NativeMethodAccessorImpl.invoke0(Native Method)
	at java.base/jdk.internal.reflect.NativeMethodAccessorImpl.invoke(NativeMethodAccessorImpl.java:62)
	at java.base/jdk.internal.reflect.DelegatingMethodAccessorImpl.invoke(DelegatingMethodAccessorImpl.java:43)
	at java.base/java.lang.reflect.Method.invoke(Method.java:566)
	at org.gradle.internal.dispatch.ReflectionDispatch.dispatch(ReflectionDispatch.java:36)
	at org.gradle.internal.dispatch.ReflectionDispatch.dispatch(ReflectionDispatch.java:24)
	at org.gradle.internal.dispatch.ContextClassLoaderDispatch.dispatch(ContextClassLoaderDispatch.java:33)
	at org.gradle.internal.dispatch.ProxyDispatchAdapter$DispatchingInvocationHandler.invoke(ProxyDispatchAdapter.java:94)
	at com.sun.proxy.$Proxy2.stop(Unknown Source)
	at org.gradle.api.internal.tasks.testing.worker.TestWorker.stop(TestWorker.java:132)
	at java.base/jdk.internal.reflect.NativeMethodAccessorImpl.invoke0(Native Method)
	at java.base/jdk.internal.reflect.NativeMethodAccessorImpl.invoke(NativeMethodAccessorImpl.java:62)
	at java.base/jdk.internal.reflect.DelegatingMethodAccessorImpl.invoke(DelegatingMethodAccessorImpl.java:43)
	at java.base/java.lang.reflect.Method.invoke(Method.java:566)
	at org.gradle.internal.dispatch.ReflectionDispatch.dispatch(ReflectionDispatch.java:36)
	at org.gradle.internal.dispatch.ReflectionDispatch.dispatch(ReflectionDispatch.java:24)
	at org.gradle.internal.remote.internal.hub.MessageHubBackedObjectConnection$DispatchWrapper.dispatch(MessageHubBackedObjectConnection.java:182)
	at org.gradle.internal.remote.internal.hub.MessageHubBackedObjectConnection$DispatchWrapper.dispatch(MessageHubBackedObjectConnection.java:164)
	at org.gradle.internal.remote.internal.hub.MessageHub$Handler.run(MessageHub.java:412)
	at org.gradle.internal.concurrent.ExecutorPolicy$CatchAndRecordFailures.onExecute(ExecutorPolicy.java:64)
	at org.gradle.internal.concurrent.ManagedExecutorImpl$1.run(ManagedExecutorImpl.java:48)
	at java.base/java.util.concurrent.ThreadPoolExecutor.runWorker(ThreadPoolExecutor.java:1128)
	at java.base/java.util.concurrent.ThreadPoolExecutor$Worker.run(ThreadPoolExecutor.java:628)
	at org.gradle.internal.concurrent.ThreadFactoryImpl$ManagedThreadRunnable.run(ThreadFactoryImpl.java:56)
	at java.base/java.lang.Thread.run(Thread.java:834)
Caused by: uk.gov.dhsc.htbhf.claimant.exception.CardClientException: Exception caught trying to call card service at: http://localhost:8140/v1/cards/9c614a57-73d6-4db8-9b43-4729b354a3fd/balance
	at uk.gov.dhsc.htbhf.claimant.service.CardClient.getBalance(CardClient.java:67)
	at uk.gov.dhsc.htbhf.claimant.service.payments.PaymentService.makePaymentForCycle(PaymentService.java:117)
	... 107 common frames omitted
Caused by: org.springframework.web.client.HttpServerErrorException$InternalServerError: 500 Server Error
	at org.springframework.web.client.HttpServerErrorException.create(HttpServerErrorException.java:79)
	at org.springframework.web.client.DefaultResponseErrorHandler.handleError(DefaultResponseErrorHandler.java:124)
	at org.springframework.web.client.DefaultResponseErrorHandler.handleError(DefaultResponseErrorHandler.java:102)
	at org.springframework.web.client.ResponseErrorHandler.handleError(ResponseErrorHandler.java:63)
	at org.springframework.web.client.RestTemplate.handleResponse(RestTemplate.java:778)
	at org.springframework.web.client.RestTemplate.doExecute(RestTemplate.java:736)
	at org.springframework.web.client.RestTemplate.execute(RestTemplate.java:670)
	at org.springframework.web.client.RestTemplate.getForEntity(RestTemplate.java:338)
	at uk.gov.dhsc.htbhf.claimant.service.CardClient.getBalance(CardClient.java:62)
	... 108 common frames omitted
13:33:05.659 [Test worker] INFO  u.g.d.h.c.message.MessageProcessor - Processed 1 MAKE_PAYMENT message(s) with status ERROR
13:33:05.681 [Test worker] INFO  u.g.d.h.c.message.MessageProcessor - Processing 1 message(s) of type MAKE_PAYMENT
13:33:05.706 [Test worker] ERROR u.g.d.h.claimant.service.CardClient - Exception caught trying to post to http://localhost:8140/v1/cards/9c614a57-73d6-4db8-9b43-4729b354a3fd/deposit
13:33:05.707 [Test worker] ERROR u.g.d.h.c.message.MessageProcessor - Failure event caught for message with id 9ccb1503-da36-487f-8f25-3232110cc94c, exception detail: Payment failed for cardAccountId 9c614a57-73d6-4db8-9b43-4729b354a3fd, claim c69dd70e-a187-4381-b375-9a43561f42b8, paymentCycle b53b53ac-7474-4cf9-8d6d-9c2679d59202, exception is: Exception caught trying to call card service at: http://localhost:8140/v1/cards/9c614a57-73d6-4db8-9b43-4729b354a3fd/deposit (at uk.gov.dhsc.htbhf.claimant.service.payments.PaymentService.makePaymentForCycle(PaymentService.java:135)), wraps: Exception caught trying to call card service at: http://localhost:8140/v1/cards/9c614a57-73d6-4db8-9b43-4729b354a3fd/deposit (at uk.gov.dhsc.htbhf.claimant.service.CardClient.depositFundsToCard(CardClient.java:55)), wraps: 500 Server Error (at org.springframework.web.client.HttpServerErrorException.create(HttpServerErrorException.java:79))
uk.gov.dhsc.htbhf.claimant.exception.EventFailedException: Payment failed for cardAccountId 9c614a57-73d6-4db8-9b43-4729b354a3fd, claim c69dd70e-a187-4381-b375-9a43561f42b8, paymentCycle b53b53ac-7474-4cf9-8d6d-9c2679d59202, exception is: Exception caught trying to call card service at: http://localhost:8140/v1/cards/9c614a57-73d6-4db8-9b43-4729b354a3fd/deposit
	at uk.gov.dhsc.htbhf.claimant.service.payments.PaymentService.makePaymentForCycle(PaymentService.java:135)
	at uk.gov.dhsc.htbhf.claimant.message.processor.MakePaymentMessageProcessor.processMessage(MakePaymentMessageProcessor.java:39)
	at uk.gov.dhsc.htbhf.claimant.message.processor.MakePaymentMessageProcessor$$FastClassBySpringCGLIB$$bf47a5f9.invoke(&lt;generated&gt;)
	at org.springframework.cglib.proxy.MethodProxy.invoke(MethodProxy.java:218)
	at org.springframework.aop.framework.CglibAopProxy$CglibMethodInvocation.invokeJoinpoint(CglibAopProxy.java:750)
	at org.springframework.aop.framework.ReflectiveMethodInvocation.proceed(ReflectiveMethodInvocation.java:163)
	at org.springframework.transaction.interceptor.TransactionAspectSupport.invokeWithinTransaction(TransactionAspectSupport.java:295)
	at org.springframework.transaction.interceptor.TransactionInterceptor.invoke(TransactionInterceptor.java:98)
	at org.springframework.aop.framework.ReflectiveMethodInvocation.proceed(ReflectiveMethodInvocation.java:186)
	at org.springframework.aop.framework.CglibAopProxy$DynamicAdvisedInterceptor.intercept(CglibAopProxy.java:689)
	at uk.gov.dhsc.htbhf.claimant.message.processor.MakePaymentMessageProcessor$$EnhancerBySpringCGLIB$$662c6970.processMessage(&lt;generated&gt;)
	at uk.gov.dhsc.htbhf.claimant.message.MessageProcessor.invokeMessageTypeProcessor(MessageProcessor.java:80)
	at uk.gov.dhsc.htbhf.claimant.message.MessageProcessor.processMessage(MessageProcessor.java:73)
	at uk.gov.dhsc.htbhf.claimant.message.MessageProcessor.lambda$processMessagesOfType$0(MessageProcessor.java:56)
	at java.base/java.util.stream.ReferencePipeline$3$1.accept(ReferencePipeline.java:195)
	at java.base/java.util.ArrayList$ArrayListSpliterator.forEachRemaining(ArrayList.java:1654)
	at java.base/java.util.stream.AbstractPipeline.copyInto(AbstractPipeline.java:484)
	at java.base/java.util.stream.AbstractPipeline.wrapAndCopyInto(AbstractPipeline.java:474)
	at java.base/java.util.stream.ReduceOps$ReduceOp.evaluateSequential(ReduceOps.java:913)
	at java.base/java.util.stream.AbstractPipeline.evaluate(AbstractPipeline.java:234)
	at java.base/java.util.stream.ReferencePipeline.collect(ReferencePipeline.java:578)
	at uk.gov.dhsc.htbhf.claimant.message.MessageProcessor.processMessagesOfType(MessageProcessor.java:57)
	at uk.gov.dhsc.htbhf.claimant.message.MessageProcessor.processMessagesOfType(MessageProcessor.java:44)
	at uk.gov.dhsc.htbhf.claimant.scheduler.MessageProcessorScheduler.processPaymentMessages(MessageProcessorScheduler.java:91)
	at uk.gov.dhsc.htbhf.claimant.scheduler.MessageProcessorScheduler$$FastClassBySpringCGLIB$$a27d1d6.invoke(&lt;generated&gt;)
	at org.springframework.cglib.proxy.MethodProxy.invoke(MethodProxy.java:218)
	at org.springframework.aop.framework.CglibAopProxy$CglibMethodInvocation.invokeJoinpoint(CglibAopProxy.java:750)
	at org.springframework.aop.framework.ReflectiveMethodInvocation.proceed(ReflectiveMethodInvocation.java:163)
	at org.springframework.aop.aspectj.MethodInvocationProceedingJoinPoint.proceed(MethodInvocationProceedingJoinPoint.java:88)
	at uk.gov.dhsc.htbhf.requestcontext.aop.RequestContextAdvisor.updateRequestContext(RequestContextAdvisor.java:42)
	at java.base/jdk.internal.reflect.NativeMethodAccessorImpl.invoke0(Native Method)
	at java.base/jdk.internal.reflect.NativeMethodAccessorImpl.invoke(NativeMethodAccessorImpl.java:62)
	at java.base/jdk.internal.reflect.DelegatingMethodAccessorImpl.invoke(DelegatingMethodAccessorImpl.java:43)
	at java.base/java.lang.reflect.Method.invoke(Method.java:566)
	at org.springframework.aop.aspectj.AbstractAspectJAdvice.invokeAdviceMethodWithGivenArgs(AbstractAspectJAdvice.java:644)
	at org.springframework.aop.aspectj.AbstractAspectJAdvice.invokeAdviceMethod(AbstractAspectJAdvice.java:633)
	at org.springframework.aop.aspectj.AspectJAroundAdvice.invoke(AspectJAroundAdvice.java:70)
	at org.springframework.aop.framework.ReflectiveMethodInvocation.proceed(ReflectiveMethodInvocation.java:175)
	at org.springframework.aop.interceptor.ExposeInvocationInterceptor.invoke(ExposeInvocationInterceptor.java:93)
	at org.springframework.aop.framework.ReflectiveMethodInvocation.proceed(ReflectiveMethodInvocation.java:186)
	at org.springframework.aop.framework.CglibAopProxy$DynamicAdvisedInterceptor.intercept(CglibAopProxy.java:689)
	at uk.gov.dhsc.htbhf.claimant.scheduler.MessageProcessorScheduler$$EnhancerBySpringCGLIB$$9ae570ff.processPaymentMessages(&lt;generated&gt;)
	at uk.gov.dhsc.htbhf.claimant.PaymentCycleIntegrationTests.invokeAllSchedulers(PaymentCycleIntegrationTests.java:478)
	at uk.gov.dhsc.htbhf.claimant.PaymentCycleIntegrationTests.shouldRecoverFromErrorsToMakePaymentAndSendEmail(PaymentCycleIntegrationTests.java:202)
	at java.base/jdk.internal.reflect.NativeMethodAccessorImpl.invoke0(Native Method)
	at java.base/jdk.internal.reflect.NativeMethodAccessorImpl.invoke(NativeMethodAccessorImpl.java:62)
	at java.base/jdk.internal.reflect.DelegatingMethodAccessorImpl.invoke(DelegatingMethodAccessorImpl.java:43)
	at java.base/java.lang.reflect.Method.invoke(Method.java:566)
	at org.junit.platform.commons.util.ReflectionUtils.invokeMethod(ReflectionUtils.java:532)
	at org.junit.jupiter.engine.execution.ExecutableInvoker.invoke(ExecutableInvoker.java:115)
	at org.junit.jupiter.engine.descriptor.TestMethodTestDescriptor.lambda$invokeTestMethod$6(TestMethodTestDescriptor.java:171)
	at org.junit.platform.engine.support.hierarchical.ThrowableCollector.execute(ThrowableCollector.java:72)
	at org.junit.jupiter.engine.descriptor.TestMethodTestDescriptor.invokeTestMethod(TestMethodTestDescriptor.java:167)
	at org.junit.jupiter.engine.descriptor.TestMethodTestDescriptor.execute(TestMethodTestDescriptor.java:114)
	at org.junit.jupiter.engine.descriptor.TestMethodTestDescriptor.execute(TestMethodTestDescriptor.java:59)
	at org.junit.platform.engine.support.hierarchical.NodeTestTask.lambda$executeRecursively$4(NodeTestTask.java:108)
	at org.junit.platform.engine.support.hierarchical.ThrowableCollector.execute(ThrowableCollector.java:72)
	at org.junit.platform.engine.support.hierarchical.NodeTestTask.executeRecursively(NodeTestTask.java:98)
	at org.junit.platform.engine.support.hierarchical.NodeTestTask.execute(NodeTestTask.java:74)
	at java.base/java.util.ArrayList.forEach(ArrayList.java:1540)
	at org.junit.platform.engine.support.hierarchical.SameThreadHierarchicalTestExecutorService.invokeAll(SameThreadHierarchicalTestExecutorService.java:38)
	at org.junit.platform.engine.support.hierarchical.NodeTestTask.lambda$executeRecursively$4(NodeTestTask.java:112)
	at org.junit.platform.engine.support.hierarchical.ThrowableCollector.execute(ThrowableCollector.java:72)
	at org.junit.platform.engine.support.hierarchical.NodeTestTask.executeRecursively(NodeTestTask.java:98)
	at org.junit.platform.engine.support.hierarchical.NodeTestTask.execute(NodeTestTask.java:74)
	at java.base/java.util.ArrayList.forEach(ArrayList.java:1540)
	at org.junit.platform.engine.support.hierarchical.SameThreadHierarchicalTestExecutorService.invokeAll(SameThreadHierarchicalTestExecutorService.java:38)
	at org.junit.platform.engine.support.hierarchical.NodeTestTask.lambda$executeRecursively$4(NodeTestTask.java:112)
	at org.junit.platform.engine.support.hierarchical.ThrowableCollector.execute(ThrowableCollector.java:72)
	at org.junit.platform.engine.support.hierarchical.NodeTestTask.executeRecursively(NodeTestTask.java:98)
	at org.junit.platform.engine.support.hierarchical.NodeTestTask.execute(NodeTestTask.java:74)
	at org.junit.platform.engine.support.hierarchical.SameThreadHierarchicalTestExecutorService.submit(SameThreadHierarchicalTestExecutorService.java:32)
	at org.junit.platform.engine.support.hierarchical.HierarchicalTestExecutor.execute(HierarchicalTestExecutor.java:57)
	at org.junit.platform.engine.support.hierarchical.HierarchicalTestEngine.execute(HierarchicalTestEngine.java:51)
	at org.junit.platform.launcher.core.DefaultLauncher.execute(DefaultLauncher.java:220)
	at org.junit.platform.launcher.core.DefaultLauncher.lambda$execute$6(DefaultLauncher.java:188)
	at org.junit.platform.launcher.core.DefaultLauncher.withInterceptedStreams(DefaultLauncher.java:202)
	at org.junit.platform.launcher.core.DefaultLauncher.execute(DefaultLauncher.java:181)
	at org.junit.platform.launcher.core.DefaultLauncher.execute(DefaultLauncher.java:128)
	at org.gradle.api.internal.tasks.testing.junitplatform.JUnitPlatformTestClassProcessor$CollectAllTestClassesExecutor.processAllTestClasses(JUnitPlatformTestClassProcessor.java:102)
	at org.gradle.api.internal.tasks.testing.junitplatform.JUnitPlatformTestClassProcessor$CollectAllTestClassesExecutor.access$000(JUnitPlatformTestClassProcessor.java:82)
	at org.gradle.api.internal.tasks.testing.junitplatform.JUnitPlatformTestClassProcessor.stop(JUnitPlatformTestClassProcessor.java:78)
	at org.gradle.api.internal.tasks.testing.SuiteTestClassProcessor.stop(SuiteTestClassProcessor.java:61)
	at java.base/jdk.internal.reflect.NativeMethodAccessorImpl.invoke0(Native Method)
	at java.base/jdk.internal.reflect.NativeMethodAccessorImpl.invoke(NativeMethodAccessorImpl.java:62)
	at java.base/jdk.internal.reflect.DelegatingMethodAccessorImpl.invoke(DelegatingMethodAccessorImpl.java:43)
	at java.base/java.lang.reflect.Method.invoke(Method.java:566)
	at org.gradle.internal.dispatch.ReflectionDispatch.dispatch(ReflectionDispatch.java:36)
	at org.gradle.internal.dispatch.ReflectionDispatch.dispatch(ReflectionDispatch.java:24)
	at org.gradle.internal.dispatch.ContextClassLoaderDispatch.dispatch(ContextClassLoaderDispatch.java:33)
	at org.gradle.internal.dispatch.ProxyDispatchAdapter$DispatchingInvocationHandler.invoke(ProxyDispatchAdapter.java:94)
	at com.sun.proxy.$Proxy2.stop(Unknown Source)
	at org.gradle.api.internal.tasks.testing.worker.TestWorker.stop(TestWorker.java:132)
	at java.base/jdk.internal.reflect.NativeMethodAccessorImpl.invoke0(Native Method)
	at java.base/jdk.internal.reflect.NativeMethodAccessorImpl.invoke(NativeMethodAccessorImpl.java:62)
	at java.base/jdk.internal.reflect.DelegatingMethodAccessorImpl.invoke(DelegatingMethodAccessorImpl.java:43)
	at java.base/java.lang.reflect.Method.invoke(Method.java:566)
	at org.gradle.internal.dispatch.ReflectionDispatch.dispatch(ReflectionDispatch.java:36)
	at org.gradle.internal.dispatch.ReflectionDispatch.dispatch(ReflectionDispatch.java:24)
	at org.gradle.internal.remote.internal.hub.MessageHubBackedObjectConnection$DispatchWrapper.dispatch(MessageHubBackedObjectConnection.java:182)
	at org.gradle.internal.remote.internal.hub.MessageHubBackedObjectConnection$DispatchWrapper.dispatch(MessageHubBackedObjectConnection.java:164)
	at org.gradle.internal.remote.internal.hub.MessageHub$Handler.run(MessageHub.java:412)
	at org.gradle.internal.concurrent.ExecutorPolicy$CatchAndRecordFailures.onExecute(ExecutorPolicy.java:64)
	at org.gradle.internal.concurrent.ManagedExecutorImpl$1.run(ManagedExecutorImpl.java:48)
	at java.base/java.util.concurrent.ThreadPoolExecutor.runWorker(ThreadPoolExecutor.java:1128)
	at java.base/java.util.concurrent.ThreadPoolExecutor$Worker.run(ThreadPoolExecutor.java:628)
	at org.gradle.internal.concurrent.ThreadFactoryImpl$ManagedThreadRunnable.run(ThreadFactoryImpl.java:56)
	at java.base/java.lang.Thread.run(Thread.java:834)
Caused by: uk.gov.dhsc.htbhf.claimant.exception.CardClientException: Exception caught trying to call card service at: http://localhost:8140/v1/cards/9c614a57-73d6-4db8-9b43-4729b354a3fd/deposit
	at uk.gov.dhsc.htbhf.claimant.service.CardClient.depositFundsToCard(CardClient.java:55)
	at uk.gov.dhsc.htbhf.claimant.service.payments.PaymentService.depositFundsToCard(PaymentService.java:182)
	at uk.gov.dhsc.htbhf.claimant.service.payments.PaymentService.makePaymentForCycle(PaymentService.java:127)
	... 107 common frames omitted
Caused by: org.springframework.web.client.HttpServerErrorException$InternalServerError: 500 Server Error
	at org.springframework.web.client.HttpServerErrorException.create(HttpServerErrorException.java:79)
	at org.springframework.web.client.DefaultResponseErrorHandler.handleError(DefaultResponseErrorHandler.java:124)
	at org.springframework.web.client.DefaultResponseErrorHandler.handleError(DefaultResponseErrorHandler.java:102)
	at org.springframework.web.client.ResponseErrorHandler.handleError(ResponseErrorHandler.java:63)
	at org.springframework.web.client.RestTemplate.handleResponse(RestTemplate.java:778)
	at org.springframework.web.client.RestTemplate.doExecute(RestTemplate.java:736)
	at org.springframework.web.client.RestTemplate.execute(RestTemplate.java:670)
	at org.springframework.web.client.RestTemplate.postForEntity(RestTemplate.java:445)
	at uk.gov.dhsc.htbhf.claimant.service.CardClient.depositFundsToCard(CardClient.java:50)
	... 109 common frames omitted
13:33:05.729 [Test worker] INFO  u.g.d.h.c.message.MessageProcessor - Processed 1 MAKE_PAYMENT message(s) with status ERROR
13:33:05.751 [Test worker] INFO  u.g.d.h.c.message.MessageProcessor - Processing 1 message(s) of type MAKE_PAYMENT
13:33:05.784 [Test worker] INFO  u.g.d.h.c.message.MessageProcessor - Processed 1 MAKE_PAYMENT message(s) with status COMPLETED
13:33:05.790 [Test worker] INFO  u.g.d.h.c.message.MessageProcessor - Processing 1 message(s) of type SEND_EMAIL
13:33:05.797 [Test worker] ERROR u.g.d.h.c.m.p.EmailMessageProcessor - Failed to send email message
uk.gov.service.notify.NotificationClientException: Something went wrong
	at uk.gov.dhsc.htbhf.claimant.message.processor.EmailMessageProcessor.processMessage(EmailMessageProcessor.java:41)
	at uk.gov.dhsc.htbhf.claimant.message.MessageProcessor.invokeMessageTypeProcessor(MessageProcessor.java:80)
	at uk.gov.dhsc.htbhf.claimant.message.MessageProcessor.processMessage(MessageProcessor.java:73)
	at uk.gov.dhsc.htbhf.claimant.message.MessageProcessor.lambda$processMessagesOfType$0(MessageProcessor.java:56)
	at java.base/java.util.stream.ReferencePipeline$3$1.accept(ReferencePipeline.java:195)
	at java.base/java.util.ArrayList$ArrayListSpliterator.forEachRemaining(ArrayList.java:1654)
	at java.base/java.util.stream.AbstractPipeline.copyInto(AbstractPipeline.java:484)
	at java.base/java.util.stream.AbstractPipeline.wrapAndCopyInto(AbstractPipeline.java:474)
	at java.base/java.util.stream.ReduceOps$ReduceOp.evaluateSequential(ReduceOps.java:913)
	at java.base/java.util.stream.AbstractPipeline.evaluate(AbstractPipeline.java:234)
	at java.base/java.util.stream.ReferencePipeline.collect(ReferencePipeline.java:578)
	at uk.gov.dhsc.htbhf.claimant.message.MessageProcessor.processMessagesOfType(MessageProcessor.java:57)
	at uk.gov.dhsc.htbhf.claimant.message.MessageProcessor.processMessagesOfType(MessageProcessor.java:44)
	at uk.gov.dhsc.htbhf.claimant.scheduler.MessageProcessorScheduler.processSendEmailMessages(MessageProcessorScheduler.java:51)
	at uk.gov.dhsc.htbhf.claimant.scheduler.MessageProcessorScheduler$$FastClassBySpringCGLIB$$a27d1d6.invoke(&lt;generated&gt;)
	at org.springframework.cglib.proxy.MethodProxy.invoke(MethodProxy.java:218)
	at org.springframework.aop.framework.CglibAopProxy$CglibMethodInvocation.invokeJoinpoint(CglibAopProxy.java:750)
	at org.springframework.aop.framework.ReflectiveMethodInvocation.proceed(ReflectiveMethodInvocation.java:163)
	at org.springframework.aop.aspectj.MethodInvocationProceedingJoinPoint.proceed(MethodInvocationProceedingJoinPoint.java:88)
	at uk.gov.dhsc.htbhf.requestcontext.aop.RequestContextAdvisor.updateRequestContext(RequestContextAdvisor.java:42)
	at jdk.internal.reflect.GeneratedMethodAccessor312.invoke(Unknown Source)
	at java.base/jdk.internal.reflect.DelegatingMethodAccessorImpl.invoke(DelegatingMethodAccessorImpl.java:43)
	at java.base/java.lang.reflect.Method.invoke(Method.java:566)
	at org.springframework.aop.aspectj.AbstractAspectJAdvice.invokeAdviceMethodWithGivenArgs(AbstractAspectJAdvice.java:644)
	at org.springframework.aop.aspectj.AbstractAspectJAdvice.invokeAdviceMethod(AbstractAspectJAdvice.java:633)
	at org.springframework.aop.aspectj.AspectJAroundAdvice.invoke(AspectJAroundAdvice.java:70)
	at org.springframework.aop.framework.ReflectiveMethodInvocation.proceed(ReflectiveMethodInvocation.java:175)
	at org.springframework.aop.interceptor.ExposeInvocationInterceptor.invoke(ExposeInvocationInterceptor.java:93)
	at org.springframework.aop.framework.ReflectiveMethodInvocation.proceed(ReflectiveMethodInvocation.java:186)
	at org.springframework.aop.framework.CglibAopProxy$DynamicAdvisedInterceptor.intercept(CglibAopProxy.java:689)
	at uk.gov.dhsc.htbhf.claimant.scheduler.MessageProcessorScheduler$$EnhancerBySpringCGLIB$$9ae570ff.processSendEmailMessages(&lt;generated&gt;)
	at uk.gov.dhsc.htbhf.claimant.PaymentCycleIntegrationTests.invokeAllSchedulers(PaymentCycleIntegrationTests.java:479)
	at uk.gov.dhsc.htbhf.claimant.PaymentCycleIntegrationTests.shouldRecoverFromErrorsToMakePaymentAndSendEmail(PaymentCycleIntegrationTests.java:204)
	at java.base/jdk.internal.reflect.NativeMethodAccessorImpl.invoke0(Native Method)
	at java.base/jdk.internal.reflect.NativeMethodAccessorImpl.invoke(NativeMethodAccessorImpl.java:62)
	at java.base/jdk.internal.reflect.DelegatingMethodAccessorImpl.invoke(DelegatingMethodAccessorImpl.java:43)
	at java.base/java.lang.reflect.Method.invoke(Method.java:566)
	at org.junit.platform.commons.util.ReflectionUtils.invokeMethod(ReflectionUtils.java:532)
	at org.junit.jupiter.engine.execution.ExecutableInvoker.invoke(ExecutableInvoker.java:115)
	at org.junit.jupiter.engine.descriptor.TestMethodTestDescriptor.lambda$invokeTestMethod$6(TestMethodTestDescriptor.java:171)
	at org.junit.platform.engine.support.hierarchical.ThrowableCollector.execute(ThrowableCollector.java:72)
	at org.junit.jupiter.engine.descriptor.TestMethodTestDescriptor.invokeTestMethod(TestMethodTestDescriptor.java:167)
	at org.junit.jupiter.engine.descriptor.TestMethodTestDescriptor.execute(TestMethodTestDescriptor.java:114)
	at org.junit.jupiter.engine.descriptor.TestMethodTestDescriptor.execute(TestMethodTestDescriptor.java:59)
	at org.junit.platform.engine.support.hierarchical.NodeTestTask.lambda$executeRecursively$4(NodeTestTask.java:108)
	at org.junit.platform.engine.support.hierarchical.ThrowableCollector.execute(ThrowableCollector.java:72)
	at org.junit.platform.engine.support.hierarchical.NodeTestTask.executeRecursively(NodeTestTask.java:98)
	at org.junit.platform.engine.support.hierarchical.NodeTestTask.execute(NodeTestTask.java:74)
	at java.base/java.util.ArrayList.forEach(ArrayList.java:1540)
	at org.junit.platform.engine.support.hierarchical.SameThreadHierarchicalTestExecutorService.invokeAll(SameThreadHierarchicalTestExecutorService.java:38)
	at org.junit.platform.engine.support.hierarchical.NodeTestTask.lambda$executeRecursively$4(NodeTestTask.java:112)
	at org.junit.platform.engine.support.hierarchical.ThrowableCollector.execute(ThrowableCollector.java:72)
	at org.junit.platform.engine.support.hierarchical.NodeTestTask.executeRecursively(NodeTestTask.java:98)
	at org.junit.platform.engine.support.hierarchical.NodeTestTask.execute(NodeTestTask.java:74)
	at java.base/java.util.ArrayList.forEach(ArrayList.java:1540)
	at org.junit.platform.engine.support.hierarchical.SameThreadHierarchicalTestExecutorService.invokeAll(SameThreadHierarchicalTestExecutorService.java:38)
	at org.junit.platform.engine.support.hierarchical.NodeTestTask.lambda$executeRecursively$4(NodeTestTask.java:112)
	at org.junit.platform.engine.support.hierarchical.ThrowableCollector.execute(ThrowableCollector.java:72)
	at org.junit.platform.engine.support.hierarchical.NodeTestTask.executeRecursively(NodeTestTask.java:98)
	at org.junit.platform.engine.support.hierarchical.NodeTestTask.execute(NodeTestTask.java:74)
	at org.junit.platform.engine.support.hierarchical.SameThreadHierarchicalTestExecutorService.submit(SameThreadHierarchicalTestExecutorService.java:32)
	at org.junit.platform.engine.support.hierarchical.HierarchicalTestExecutor.execute(HierarchicalTestExecutor.java:57)
	at org.junit.platform.engine.support.hierarchical.HierarchicalTestEngine.execute(HierarchicalTestEngine.java:51)
	at org.junit.platform.launcher.core.DefaultLauncher.execute(DefaultLauncher.java:220)
	at org.junit.platform.launcher.core.DefaultLauncher.lambda$execute$6(DefaultLauncher.java:188)
	at org.junit.platform.launcher.core.DefaultLauncher.withInterceptedStreams(DefaultLauncher.java:202)
	at org.junit.platform.launcher.core.DefaultLauncher.execute(DefaultLauncher.java:181)
	at org.junit.platform.launcher.core.DefaultLauncher.execute(DefaultLauncher.java:128)
	at org.gradle.api.internal.tasks.testing.junitplatform.JUnitPlatformTestClassProcessor$CollectAllTestClassesExecutor.processAllTestClasses(JUnitPlatformTestClassProcessor.java:102)
	at org.gradle.api.internal.tasks.testing.junitplatform.JUnitPlatformTestClassProcessor$CollectAllTestClassesExecutor.access$000(JUnitPlatformTestClassProcessor.java:82)
	at org.gradle.api.internal.tasks.testing.junitplatform.JUnitPlatformTestClassProcessor.stop(JUnitPlatformTestClassProcessor.java:78)
	at org.gradle.api.internal.tasks.testing.SuiteTestClassProcessor.stop(SuiteTestClassProcessor.java:61)
	at java.base/jdk.internal.reflect.NativeMethodAccessorImpl.invoke0(Native Method)
	at java.base/jdk.internal.reflect.NativeMethodAccessorImpl.invoke(NativeMethodAccessorImpl.java:62)
	at java.base/jdk.internal.reflect.DelegatingMethodAccessorImpl.invoke(DelegatingMethodAccessorImpl.java:43)
	at java.base/java.lang.reflect.Method.invoke(Method.java:566)
	at org.gradle.internal.dispatch.ReflectionDispatch.dispatch(ReflectionDispatch.java:36)
	at org.gradle.internal.dispatch.ReflectionDispatch.dispatch(ReflectionDispatch.java:24)
	at org.gradle.internal.dispatch.ContextClassLoaderDispatch.dispatch(ContextClassLoaderDispatch.java:33)
	at org.gradle.internal.dispatch.ProxyDispatchAdapter$DispatchingInvocationHandler.invoke(ProxyDispatchAdapter.java:94)
	at com.sun.proxy.$Proxy2.stop(Unknown Source)
	at org.gradle.api.internal.tasks.testing.worker.TestWorker.stop(TestWorker.java:132)
	at java.base/jdk.internal.reflect.NativeMethodAccessorImpl.invoke0(Native Method)
	at java.base/jdk.internal.reflect.NativeMethodAccessorImpl.invoke(NativeMethodAccessorImpl.java:62)
	at java.base/jdk.internal.reflect.DelegatingMethodAccessorImpl.invoke(DelegatingMethodAccessorImpl.java:43)
	at java.base/java.lang.reflect.Method.invoke(Method.java:566)
	at org.gradle.internal.dispatch.ReflectionDispatch.dispatch(ReflectionDispatch.java:36)
	at org.gradle.internal.dispatch.ReflectionDispatch.dispatch(ReflectionDispatch.java:24)
	at org.gradle.internal.remote.internal.hub.MessageHubBackedObjectConnection$DispatchWrapper.dispatch(MessageHubBackedObjectConnection.java:182)
	at org.gradle.internal.remote.internal.hub.MessageHubBackedObjectConnection$DispatchWrapper.dispatch(MessageHubBackedObjectConnection.java:164)
	at org.gradle.internal.remote.internal.hub.MessageHub$Handler.run(MessageHub.java:412)
	at org.gradle.internal.concurrent.ExecutorPolicy$CatchAndRecordFailures.onExecute(ExecutorPolicy.java:64)
	at org.gradle.internal.concurrent.ManagedExecutorImpl$1.run(ManagedExecutorImpl.java:48)
	at java.base/java.util.concurrent.ThreadPoolExecutor.runWorker(ThreadPoolExecutor.java:1128)
	at java.base/java.util.concurrent.ThreadPoolExecutor$Worker.run(ThreadPoolExecutor.java:628)
	at org.gradle.internal.concurrent.ThreadFactoryImpl$ManagedThreadRunnable.run(ThreadFactoryImpl.java:56)
	at java.base/java.lang.Thread.run(Thread.java:834)
13:33:05.800 [Test worker] ERROR u.g.d.h.c.message.MessageProcessor - Failure event caught for message with id 8d3afd21-8d0a-426b-8405-cabad0fe23aa, exception detail: Failed to send PAYMENT email message, exception is: Something went wrong (at uk.gov.dhsc.htbhf.claimant.message.processor.EmailMessageProcessor.processMessage(EmailMessageProcessor.java:52)), wraps: Something went wrong (at uk.gov.dhsc.htbhf.claimant.message.processor.EmailMessageProcessor.processMessage(EmailMessageProcessor.java:41))
uk.gov.dhsc.htbhf.claimant.exception.EventFailedException: Failed to send PAYMENT email message, exception is: Something went wrong
	at uk.gov.dhsc.htbhf.claimant.message.processor.EmailMessageProcessor.processMessage(EmailMessageProcessor.java:52)
	at uk.gov.dhsc.htbhf.claimant.message.MessageProcessor.invokeMessageTypeProcessor(MessageProcessor.java:80)
	at uk.gov.dhsc.htbhf.claimant.message.MessageProcessor.processMessage(MessageProcessor.java:73)
	at uk.gov.dhsc.htbhf.claimant.message.MessageProcessor.lambda$processMessagesOfType$0(MessageProcessor.java:56)
	at java.base/java.util.stream.ReferencePipeline$3$1.accept(ReferencePipeline.java:195)
	at java.base/java.util.ArrayList$ArrayListSpliterator.forEachRemaining(ArrayList.java:1654)
	at java.base/java.util.stream.AbstractPipeline.copyInto(AbstractPipeline.java:484)
	at java.base/java.util.stream.AbstractPipeline.wrapAndCopyInto(AbstractPipeline.java:474)
	at java.base/java.util.stream.ReduceOps$ReduceOp.evaluateSequential(ReduceOps.java:913)
	at java.base/java.util.stream.AbstractPipeline.evaluate(AbstractPipeline.java:234)
	at java.base/java.util.stream.ReferencePipeline.collect(ReferencePipeline.java:578)
	at uk.gov.dhsc.htbhf.claimant.message.MessageProcessor.processMessagesOfType(MessageProcessor.java:57)
	at uk.gov.dhsc.htbhf.claimant.message.MessageProcessor.processMessagesOfType(MessageProcessor.java:44)
	at uk.gov.dhsc.htbhf.claimant.scheduler.MessageProcessorScheduler.processSendEmailMessages(MessageProcessorScheduler.java:51)
	at uk.gov.dhsc.htbhf.claimant.scheduler.MessageProcessorScheduler$$FastClassBySpringCGLIB$$a27d1d6.invoke(&lt;generated&gt;)
	at org.springframework.cglib.proxy.MethodProxy.invoke(MethodProxy.java:218)
	at org.springframework.aop.framework.CglibAopProxy$CglibMethodInvocation.invokeJoinpoint(CglibAopProxy.java:750)
	at org.springframework.aop.framework.ReflectiveMethodInvocation.proceed(ReflectiveMethodInvocation.java:163)
	at org.springframework.aop.aspectj.MethodInvocationProceedingJoinPoint.proceed(MethodInvocationProceedingJoinPoint.java:88)
	at uk.gov.dhsc.htbhf.requestcontext.aop.RequestContextAdvisor.updateRequestContext(RequestContextAdvisor.java:42)
	at jdk.internal.reflect.GeneratedMethodAccessor312.invoke(Unknown Source)
	at java.base/jdk.internal.reflect.DelegatingMethodAccessorImpl.invoke(DelegatingMethodAccessorImpl.java:43)
	at java.base/java.lang.reflect.Method.invoke(Method.java:566)
	at org.springframework.aop.aspectj.AbstractAspectJAdvice.invokeAdviceMethodWithGivenArgs(AbstractAspectJAdvice.java:644)
	at org.springframework.aop.aspectj.AbstractAspectJAdvice.invokeAdviceMethod(AbstractAspectJAdvice.java:633)
	at org.springframework.aop.aspectj.AspectJAroundAdvice.invoke(AspectJAroundAdvice.java:70)
	at org.springframework.aop.framework.ReflectiveMethodInvocation.proceed(ReflectiveMethodInvocation.java:175)
	at org.springframework.aop.interceptor.ExposeInvocationInterceptor.invoke(ExposeInvocationInterceptor.java:93)
	at org.springframework.aop.framework.ReflectiveMethodInvocation.proceed(ReflectiveMethodInvocation.java:186)
	at org.springframework.aop.framework.CglibAopProxy$DynamicAdvisedInterceptor.intercept(CglibAopProxy.java:689)
	at uk.gov.dhsc.htbhf.claimant.scheduler.MessageProcessorScheduler$$EnhancerBySpringCGLIB$$9ae570ff.processSendEmailMessages(&lt;generated&gt;)
	at uk.gov.dhsc.htbhf.claimant.PaymentCycleIntegrationTests.invokeAllSchedulers(PaymentCycleIntegrationTests.java:479)
	at uk.gov.dhsc.htbhf.claimant.PaymentCycleIntegrationTests.shouldRecoverFromErrorsToMakePaymentAndSendEmail(PaymentCycleIntegrationTests.java:204)
	at java.base/jdk.internal.reflect.NativeMethodAccessorImpl.invoke0(Native Method)
	at java.base/jdk.internal.reflect.NativeMethodAccessorImpl.invoke(NativeMethodAccessorImpl.java:62)
	at java.base/jdk.internal.reflect.DelegatingMethodAccessorImpl.invoke(DelegatingMethodAccessorImpl.java:43)
	at java.base/java.lang.reflect.Method.invoke(Method.java:566)
	at org.junit.platform.commons.util.ReflectionUtils.invokeMethod(ReflectionUtils.java:532)
	at org.junit.jupiter.engine.execution.ExecutableInvoker.invoke(ExecutableInvoker.java:115)
	at org.junit.jupiter.engine.descriptor.TestMethodTestDescriptor.lambda$invokeTestMethod$6(TestMethodTestDescriptor.java:171)
	at org.junit.platform.engine.support.hierarchical.ThrowableCollector.execute(ThrowableCollector.java:72)
	at org.junit.jupiter.engine.descriptor.TestMethodTestDescriptor.invokeTestMethod(TestMethodTestDescriptor.java:167)
	at org.junit.jupiter.engine.descriptor.TestMethodTestDescriptor.execute(TestMethodTestDescriptor.java:114)
	at org.junit.jupiter.engine.descriptor.TestMethodTestDescriptor.execute(TestMethodTestDescriptor.java:59)
	at org.junit.platform.engine.support.hierarchical.NodeTestTask.lambda$executeRecursively$4(NodeTestTask.java:108)
	at org.junit.platform.engine.support.hierarchical.ThrowableCollector.execute(ThrowableCollector.java:72)
	at org.junit.platform.engine.support.hierarchical.NodeTestTask.executeRecursively(NodeTestTask.java:98)
	at org.junit.platform.engine.support.hierarchical.NodeTestTask.execute(NodeTestTask.java:74)
	at java.base/java.util.ArrayList.forEach(ArrayList.java:1540)
	at org.junit.platform.engine.support.hierarchical.SameThreadHierarchicalTestExecutorService.invokeAll(SameThreadHierarchicalTestExecutorService.java:38)
	at org.junit.platform.engine.support.hierarchical.NodeTestTask.lambda$executeRecursively$4(NodeTestTask.java:112)
	at org.junit.platform.engine.support.hierarchical.ThrowableCollector.execute(ThrowableCollector.java:72)
	at org.junit.platform.engine.support.hierarchical.NodeTestTask.executeRecursively(NodeTestTask.java:98)
	at org.junit.platform.engine.support.hierarchical.NodeTestTask.execute(NodeTestTask.java:74)
	at java.base/java.util.ArrayList.forEach(ArrayList.java:1540)
	at org.junit.platform.engine.support.hierarchical.SameThreadHierarchicalTestExecutorService.invokeAll(SameThreadHierarchicalTestExecutorService.java:38)
	at org.junit.platform.engine.support.hierarchical.NodeTestTask.lambda$executeRecursively$4(NodeTestTask.java:112)
	at org.junit.platform.engine.support.hierarchical.ThrowableCollector.execute(ThrowableCollector.java:72)
	at org.junit.platform.engine.support.hierarchical.NodeTestTask.executeRecursively(NodeTestTask.java:98)
	at org.junit.platform.engine.support.hierarchical.NodeTestTask.execute(NodeTestTask.java:74)
	at org.junit.platform.engine.support.hierarchical.SameThreadHierarchicalTestExecutorService.submit(SameThreadHierarchicalTestExecutorService.java:32)
	at org.junit.platform.engine.support.hierarchical.HierarchicalTestExecutor.execute(HierarchicalTestExecutor.java:57)
	at org.junit.platform.engine.support.hierarchical.HierarchicalTestEngine.execute(HierarchicalTestEngine.java:51)
	at org.junit.platform.launcher.core.DefaultLauncher.execute(DefaultLauncher.java:220)
	at org.junit.platform.launcher.core.DefaultLauncher.lambda$execute$6(DefaultLauncher.java:188)
	at org.junit.platform.launcher.core.DefaultLauncher.withInterceptedStreams(DefaultLauncher.java:202)
	at org.junit.platform.launcher.core.DefaultLauncher.execute(DefaultLauncher.java:181)
	at org.junit.platform.launcher.core.DefaultLauncher.execute(DefaultLauncher.java:128)
	at org.gradle.api.internal.tasks.testing.junitplatform.JUnitPlatformTestClassProcessor$CollectAllTestClassesExecutor.processAllTestClasses(JUnitPlatformTestClassProcessor.java:102)
	at org.gradle.api.internal.tasks.testing.junitplatform.JUnitPlatformTestClassProcessor$CollectAllTestClassesExecutor.access$000(JUnitPlatformTestClassProcessor.java:82)
	at org.gradle.api.internal.tasks.testing.junitplatform.JUnitPlatformTestClassProcessor.stop(JUnitPlatformTestClassProcessor.java:78)
	at org.gradle.api.internal.tasks.testing.SuiteTestClassProcessor.stop(SuiteTestClassProcessor.java:61)
	at java.base/jdk.internal.reflect.NativeMethodAccessorImpl.invoke0(Native Method)
	at java.base/jdk.internal.reflect.NativeMethodAccessorImpl.invoke(NativeMethodAccessorImpl.java:62)
	at java.base/jdk.internal.reflect.DelegatingMethodAccessorImpl.invoke(DelegatingMethodAccessorImpl.java:43)
	at java.base/java.lang.reflect.Method.invoke(Method.java:566)
	at org.gradle.internal.dispatch.ReflectionDispatch.dispatch(ReflectionDispatch.java:36)
	at org.gradle.internal.dispatch.ReflectionDispatch.dispatch(ReflectionDispatch.java:24)
	at org.gradle.internal.dispatch.ContextClassLoaderDispatch.dispatch(ContextClassLoaderDispatch.java:33)
	at org.gradle.internal.dispatch.ProxyDispatchAdapter$DispatchingInvocationHandler.invoke(ProxyDispatchAdapter.java:94)
	at com.sun.proxy.$Proxy2.stop(Unknown Source)
	at org.gradle.api.internal.tasks.testing.worker.TestWorker.stop(TestWorker.java:132)
	at java.base/jdk.internal.reflect.NativeMethodAccessorImpl.invoke0(Native Method)
	at java.base/jdk.internal.reflect.NativeMethodAccessorImpl.invoke(NativeMethodAccessorImpl.java:62)
	at java.base/jdk.internal.reflect.DelegatingMethodAccessorImpl.invoke(DelegatingMethodAccessorImpl.java:43)
	at java.base/java.lang.reflect.Method.invoke(Method.java:566)
	at org.gradle.internal.dispatch.ReflectionDispatch.dispatch(ReflectionDispatch.java:36)
	at org.gradle.internal.dispatch.ReflectionDispatch.dispatch(ReflectionDispatch.java:24)
	at org.gradle.internal.remote.internal.hub.MessageHubBackedObjectConnection$DispatchWrapper.dispatch(MessageHubBackedObjectConnection.java:182)
	at org.gradle.internal.remote.internal.hub.MessageHubBackedObjectConnection$DispatchWrapper.dispatch(MessageHubBackedObjectConnection.java:164)
	at org.gradle.internal.remote.internal.hub.MessageHub$Handler.run(MessageHub.java:412)
	at org.gradle.internal.concurrent.ExecutorPolicy$CatchAndRecordFailures.onExecute(ExecutorPolicy.java:64)
	at org.gradle.internal.concurrent.ManagedExecutorImpl$1.run(ManagedExecutorImpl.java:48)
	at java.base/java.util.concurrent.ThreadPoolExecutor.runWorker(ThreadPoolExecutor.java:1128)
	at java.base/java.util.concurrent.ThreadPoolExecutor$Worker.run(ThreadPoolExecutor.java:628)
	at org.gradle.internal.concurrent.ThreadFactoryImpl$ManagedThreadRunnable.run(ThreadFactoryImpl.java:56)
	at java.base/java.lang.Thread.run(Thread.java:834)
Caused by: uk.gov.service.notify.NotificationClientException: Something went wrong
	at uk.gov.dhsc.htbhf.claimant.message.processor.EmailMessageProcessor.processMessage(EmailMessageProcessor.java:41)
	... 96 common frames omitted
13:33:05.808 [Test worker] INFO  u.g.d.h.c.message.MessageProcessor - Processed 1 SEND_EMAIL message(s) with status ERROR
13:33:05.831 [Test worker] INFO  u.g.d.h.c.message.MessageProcessor - Processing 1 message(s) of type SEND_EMAIL
13:33:05.843 [Test worker] INFO  u.g.d.h.c.message.MessageProcessor - Processed 1 SEND_EMAIL message(s) with status COMPLETED
13:33:05.961 [Test worker] INFO  u.g.d.h.c.message.MessageProcessor - Processing 1 message(s) of type DETERMINE_ENTITLEMENT
13:33:06.003 [Test worker] INFO  u.g.d.h.c.message.MessageProcessor - Processed 1 DETERMINE_ENTITLEMENT message(s) with status COMPLETED
13:33:06.014 [Test worker] INFO  u.g.d.h.c.message.MessageProcessor - Processing 1 message(s) of type SEND_EMAIL
13:33:06.025 [Test worker] INFO  u.g.d.h.c.message.MessageProcessor - Processed 1 SEND_EMAIL message(s) with status COMPLETED
13:33:06.135 [Test worker] INFO  u.g.d.h.c.message.MessageProcessor - Processing 1 message(s) of type DETERMINE_ENTITLEMENT
13:33:06.174 [Test worker] INFO  u.g.d.h.c.message.MessageProcessor - Processed 1 DETERMINE_ENTITLEMENT message(s) with status COMPLETED
13:33:06.184 [Test worker] INFO  u.g.d.h.c.message.MessageProcessor - Processing 1 message(s) of type SEND_EMAIL
13:33:06.196 [Test worker] INFO  u.g.d.h.c.message.MessageProcessor - Processed 1 SEND_EMAIL message(s) with status COMPLETED
13:33:06.312 [Test worker] INFO  u.g.d.h.c.message.MessageProcessor - Processing 1 message(s) of type DETERMINE_ENTITLEMENT
13:33:06.352 [Test worker] INFO  u.g.d.h.c.message.MessageProcessor - Processed 1 DETERMINE_ENTITLEMENT message(s) with status COMPLETED
13:33:06.363 [Test worker] INFO  u.g.d.h.c.message.MessageProcessor - Processing 1 message(s) of type SEND_EMAIL
13:33:06.375 [Test worker] INFO  u.g.d.h.c.message.MessageProcessor - Processed 1 SEND_EMAIL message(s) with status COMPLETED
13:33:06.480 [Test worker] INFO  u.g.d.h.c.message.MessageProcessor - Processing 1 message(s) of type DETERMINE_ENTITLEMENT
13:33:06.516 [Test worker] INFO  u.g.d.h.c.message.MessageProcessor - Processed 1 DETERMINE_ENTITLEMENT message(s) with status COMPLETED
13:33:06.525 [Test worker] INFO  u.g.d.h.c.message.MessageProcessor - Processing 1 message(s) of type SEND_EMAIL
13:33:06.535 [Test worker] INFO  u.g.d.h.c.message.MessageProcessor - Processed 1 SEND_EMAIL message(s) with status COMPLETED
13:33:06.637 [Test worker] INFO  u.g.d.h.c.message.MessageProcessor - Processing 1 message(s) of type DETERMINE_ENTITLEMENT
13:33:06.672 [Test worker] INFO  u.g.d.h.c.message.MessageProcessor - Processed 1 DETERMINE_ENTITLEMENT message(s) with status COMPLETED
13:33:06.682 [Test worker] INFO  u.g.d.h.c.message.MessageProcessor - Processing 1 message(s) of type SEND_EMAIL
13:33:06.694 [Test worker] INFO  u.g.d.h.c.message.MessageProcessor - Processed 1 SEND_EMAIL message(s) with status COMPLETED
13:33:06.798 [Test worker] INFO  u.g.d.h.c.message.MessageProcessor - Processing 1 message(s) of type DETERMINE_ENTITLEMENT
13:33:06.824 [Test worker] INFO  u.g.d.h.c.message.MessageProcessor - Processed 1 DETERMINE_ENTITLEMENT message(s) with status COMPLETED
13:33:06.828 [Test worker] INFO  u.g.d.h.c.message.MessageProcessor - Processing 1 message(s) of type MAKE_PAYMENT
13:33:06.861 [Test worker] INFO  u.g.d.h.c.message.MessageProcessor - Processed 1 MAKE_PAYMENT message(s) with status COMPLETED
13:33:06.866 [Test worker] INFO  u.g.d.h.c.message.MessageProcessor - Processing 1 message(s) of type SEND_EMAIL
13:33:06.875 [Test worker] INFO  u.g.d.h.c.message.MessageProcessor - Processed 1 SEND_EMAIL message(s) with status COMPLETED
13:33:06.996 [Test worker] INFO  u.g.d.h.c.message.MessageProcessor - Processing 1 message(s) of type DETERMINE_ENTITLEMENT
13:33:07.022 [Test worker] INFO  u.g.d.h.c.message.MessageProcessor - Processed 1 DETERMINE_ENTITLEMENT message(s) with status COMPLETED
13:33:07.027 [Test worker] INFO  u.g.d.h.c.message.MessageProcessor - Processing 1 message(s) of type MAKE_PAYMENT
13:33:07.060 [Test worker] INFO  u.g.d.h.c.message.MessageProcessor - Processed 1 MAKE_PAYMENT message(s) with status COMPLETED
13:33:07.064 [Test worker] INFO  u.g.d.h.c.message.MessageProcessor - Processing 1 message(s) of type SEND_EMAIL
13:33:07.075 [Test worker] INFO  u.g.d.h.c.message.MessageProcessor - Processed 1 SEND_EMAIL message(s) with status COMPLETED
13:33:07.185 [Test worker] INFO  u.g.d.h.c.message.MessageProcessor - Processing 1 message(s) of type DETERMINE_ENTITLEMENT
13:33:07.212 [Test worker] INFO  u.g.d.h.c.message.MessageProcessor - Processed 1 DETERMINE_ENTITLEMENT message(s) with status COMPLETED
13:33:07.217 [Test worker] INFO  u.g.d.h.c.message.MessageProcessor - Processing 1 message(s) of type MAKE_PAYMENT
13:33:07.252 [Test worker] INFO  u.g.d.h.c.message.MessageProcessor - Processed 1 MAKE_PAYMENT message(s) with status COMPLETED
13:33:07.257 [Test worker] INFO  u.g.d.h.c.message.MessageProcessor - Processing 1 message(s) of type SEND_EMAIL
13:33:07.267 [Test worker] INFO  u.g.d.h.c.message.MessageProcessor - Processed 1 SEND_EMAIL message(s) with status COMPLETED
13:33:07.372 [Test worker] INFO  u.g.d.h.c.message.MessageProcessor - Processing 1 message(s) of type DETERMINE_ENTITLEMENT
13:33:07.397 [Test worker] INFO  u.g.d.h.c.message.MessageProcessor - Processed 1 DETERMINE_ENTITLEMENT message(s) with status COMPLETED
13:33:07.402 [Test worker] INFO  u.g.d.h.c.message.MessageProcessor - Processing 1 message(s) of type MAKE_PAYMENT
13:33:07.436 [Test worker] INFO  u.g.d.h.c.message.MessageProcessor - Processed 1 MAKE_PAYMENT message(s) with status COMPLETED
13:33:07.441 [Test worker] INFO  u.g.d.h.c.message.MessageProcessor - Processing 1 message(s) of type SEND_EMAIL
13:33:07.452 [Test worker] INFO  u.g.d.h.c.message.MessageProcessor - Processed 1 SEND_EMAIL message(s) with status COMPLETED
13:33:07.550 [Test worker] INFO  u.g.d.h.c.message.MessageProcessor - Processing 1 message(s) of type DETERMINE_ENTITLEMENT
13:33:07.574 [Test worker] INFO  u.g.d.h.c.message.MessageProcessor - Processed 1 DETERMINE_ENTITLEMENT message(s) with status COMPLETED
13:33:07.579 [Test worker] INFO  u.g.d.h.c.message.MessageProcessor - Processing 1 message(s) of type MAKE_PAYMENT
13:33:07.627 [Test worker] INFO  u.g.d.h.c.message.MessageProcessor - Processed 1 MAKE_PAYMENT message(s) with status COMPLETED
13:33:07.631 [Test worker] INFO  u.g.d.h.c.message.MessageProcessor - Processing 2 message(s) of type SEND_EMAIL
13:33:07.667 [Test worker] INFO  u.g.d.h.c.message.MessageProcessor - Processed 2 SEND_EMAIL message(s) with status COMPLETED
13:33:07.770 [Test worker] INFO  u.g.d.h.c.message.MessageProcessor - Processing 1 message(s) of type DETERMINE_ENTITLEMENT
13:33:07.795 [Test worker] INFO  u.g.d.h.c.message.MessageProcessor - Processed 1 DETERMINE_ENTITLEMENT message(s) with status COMPLETED
13:33:07.801 [Test worker] INFO  u.g.d.h.c.message.MessageProcessor - Processing 1 message(s) of type MAKE_PAYMENT
13:33:07.839 [Test worker] INFO  u.g.d.h.c.message.MessageProcessor - Processed 1 MAKE_PAYMENT message(s) with status COMPLETED
13:33:07.845 [Test worker] INFO  u.g.d.h.c.message.MessageProcessor - Processing 1 message(s) of type SEND_EMAIL
13:33:07.871 [Test worker] INFO  u.g.d.h.c.message.MessageProcessor - Processed 1 SEND_EMAIL message(s) with status COMPLETED
13:33:08.002 [Test worker] INFO  u.g.d.h.c.message.MessageProcessor - Processing 1 message(s) of type DETERMINE_ENTITLEMENT
13:33:08.032 [Test worker] INFO  u.g.d.h.c.message.MessageProcessor - Processed 1 DETERMINE_ENTITLEMENT message(s) with status COMPLETED
13:33:08.154 [Test worker] INFO  u.g.d.h.c.message.MessageProcessor - Processing 1 message(s) of type DETERMINE_ENTITLEMENT
13:33:08.187 [Test worker] INFO  u.g.d.h.c.message.MessageProcessor - Processed 1 DETERMINE_ENTITLEMENT message(s) with status COMPLETED
13:33:08.313 [Test worker] INFO  u.g.d.h.c.message.MessageProcessor - Processing 1 message(s) of type DETERMINE_ENTITLEMENT
13:33:08.346 [Test worker] INFO  u.g.d.h.c.message.MessageProcessor - Processed 1 DETERMINE_ENTITLEMENT message(s) with status COMPLETED
13:33:08.469 [Test worker] INFO  u.g.d.h.c.message.MessageProcessor - Processing 1 message(s) of type DETERMINE_ENTITLEMENT
13:33:08.499 [Test worker] INFO  u.g.d.h.c.message.MessageProcessor - Processed 1 DETERMINE_ENTITLEMENT message(s) with status COMPLETED
13:33:08.635 [Test worker] INFO  u.g.d.h.c.message.MessageProcessor - Processing 1 message(s) of type DETERMINE_ENTITLEMENT
13:33:08.686 [Test worker] INFO  u.g.d.h.c.message.MessageProcessor - Processed 1 DETERMINE_ENTITLEMENT message(s) with status COMPLETED
13:33:08.695 [Test worker] INFO  u.g.d.h.c.message.MessageProcessor - Processing 1 message(s) of type SEND_EMAIL
13:33:08.704 [Test worker] INFO  u.g.d.h.c.message.MessageProcessor - Processed 1 SEND_EMAIL message(s) with status COMPLETED
13:33:08.811 [Test worker] INFO  u.g.d.h.c.message.MessageProcessor - Processing 1 message(s) of type DETERMINE_ENTITLEMENT
13:33:08.843 [Test worker] INFO  u.g.d.h.c.message.MessageProcessor - Processed 1 DETERMINE_ENTITLEMENT message(s) with status COMPLETED
13:33:08.949 [Test worker] INFO  u.g.d.h.c.message.MessageProcessor - Processing 1 message(s) of type DETERMINE_ENTITLEMENT
13:33:08.981 [Test worker] INFO  u.g.d.h.c.message.MessageProcessor - Processed 1 DETERMINE_ENTITLEMENT message(s) with status COMPLETED
13:33:09.099 [Test worker] INFO  u.g.d.h.c.message.MessageProcessor - Processing 1 message(s) of type DETERMINE_ENTITLEMENT
13:33:09.123 [Test worker] INFO  u.g.d.h.c.message.MessageProcessor - Processed 1 DETERMINE_ENTITLEMENT message(s) with status COMPLETED
13:33:09.128 [Test worker] INFO  u.g.d.h.c.message.MessageProcessor - Processing 1 message(s) of type MAKE_PAYMENT
13:33:09.160 [Test worker] INFO  u.g.d.h.c.message.MessageProcessor - Processed 1 MAKE_PAYMENT message(s) with status COMPLETED
13:33:09.165 [Test worker] INFO  u.g.d.h.c.message.MessageProcessor - Processing 2 message(s) of type SEND_EMAIL
13:33:09.185 [Test worker] INFO  u.g.d.h.c.message.MessageProcessor - Processed 2 SEND_EMAIL message(s) with status COMPLETED
</pre>
</span>
</div>
</div>
<div id="footer">
<p>
<div>
<label class="hidden" id="label-for-line-wrapping-toggle" for="line-wrapping-toggle">Wrap lines
<input id="line-wrapping-toggle" type="checkbox" autocomplete="off"/>
</label>
</div>Generated by 
<a href="http://www.gradle.org">Gradle 5.6</a> at Oct 23, 2019, 1:35:01 PM</p>
</div>
</div>
</body>
</html>
