<!DOCTYPE html>
<html>
<head>
<meta http-equiv="Content-Type" content="text/html; charset=utf-8"/>
<meta http-equiv="x-ua-compatible" content="IE=edge"/>
<title>Test results - PaymentCycleIntegrationTests</title>
<link href="../css/base-style.css" rel="stylesheet" type="text/css"/>
<link href="../css/style.css" rel="stylesheet" type="text/css"/>
<script src="../js/report.js" type="text/javascript"></script>
</head>
<body>
<div id="content">
<h1>PaymentCycleIntegrationTests</h1>
<div class="breadcrumbs">
<a href="../index.html">all</a> &gt; 
<a href="../packages/uk.gov.dhsc.htbhf.claimant.html">uk.gov.dhsc.htbhf.claimant</a> &gt; PaymentCycleIntegrationTests</div>
<div id="summary">
<table>
<tr>
<td>
<div class="summaryGroup">
<table>
<tr>
<td>
<div class="infoBox" id="tests">
<div class="counter">21</div>
<p>tests</p>
</div>
</td>
<td>
<div class="infoBox" id="failures">
<div class="counter">0</div>
<p>failures</p>
</div>
</td>
<td>
<div class="infoBox" id="ignored">
<div class="counter">0</div>
<p>ignored</p>
</div>
</td>
<td>
<div class="infoBox" id="duration">
<div class="counter">4.701s</div>
<p>duration</p>
</div>
</td>
</tr>
</table>
</div>
</td>
<td>
<div class="infoBox success" id="successRate">
<div class="percent">100%</div>
<p>successful</p>
</div>
</td>
</tr>
</table>
</div>
<div id="tabs">
<ul class="tabLinks">
<li>
<a href="#tab0">Tests</a>
</li>
<li>
<a href="#tab1">Standard output</a>
</li>
</ul>
<div id="tab0" class="tab">
<h2>Tests</h2>
<table>
<thead>
<tr>
<th>Test</th>
<th>Method name</th>
<th>Duration</th>
<th>Result</th>
</tr>
</thead>
<tr>
<td class="success">Children DOB previous cycle=[2019-04-30, 2016-10-30], children DOB current cycle=[2019-04-30, 2016-10-30]</td>
<td class="success">shouldCreatePaymentCycleMakePaymentAndSendEmailAndReportPayment(List, List)[1]</td>
<td class="success">0.254s</td>
<td class="success">passed</td>
</tr>
<tr>
<td class="success">Children DOB previous cycle=[], children DOB current cycle=[2019-04-30, 2016-10-30]</td>
<td class="success">shouldCreatePaymentCycleMakePaymentAndSendEmailAndReportPayment(List, List)[2]</td>
<td class="success">0.222s</td>
<td class="success">passed</td>
</tr>
<tr>
<td class="success">Children DOB previous cycle=[2019-04-30, 2016-10-30], children DOB current cycle=[]</td>
<td class="success">shouldCreatePaymentCycleMakePaymentAndSendEmailAndReportPayment(List, List)[3]</td>
<td class="success">0.225s</td>
<td class="success">passed</td>
</tr>
<tr>
<td class="success">Children DOB previous cycle=[], children DOB current cycle=[]</td>
<td class="success">shouldCreatePaymentCycleMakePaymentAndSendEmailAndReportPayment(List, List)[4]</td>
<td class="success">0.218s</td>
<td class="success">passed</td>
</tr>
<tr>
<td class="success">shouldRecoverFromErrorsToMakePaymentAndSendEmail()</td>
<td class="success">shouldRecoverFromErrorsToMakePaymentAndSendEmail()</td>
<td class="success">0.509s</td>
<td class="success">passed</td>
</tr>
<tr>
<td class="success">shouldSendEmailsWhenChildTurnsFourInNextPaymentCycle()</td>
<td class="success">shouldSendEmailsWhenChildTurnsFourInNextPaymentCycle()</td>
<td class="success">0.806s</td>
<td class="success">passed</td>
</tr>
<tr>
<td class="success">shouldSendEmailsWhenChildTurnsOneInNextPaymentCycle()</td>
<td class="success">shouldSendEmailsWhenChildTurnsOneInNextPaymentCycle()</td>
<td class="success">0.201s</td>
<td class="success">passed</td>
</tr>
<tr>
<td class="success">shouldSendEmailsWhenChildTurnsOneOnFirstDayOfNextPaymentCycle()</td>
<td class="success">shouldSendEmailsWhenChildTurnsOneOnFirstDayOfNextPaymentCycle()</td>
<td class="success">0.238s</td>
<td class="success">passed</td>
</tr>
<tr>
<td class="success">shouldSendNewChildEmailWhenPaymentCycleIncludesBackdatedVouchers()</td>
<td class="success">shouldSendNewChildEmailWhenPaymentCycleIncludesBackdatedVouchers()</td>
<td class="success">0.241s</td>
<td class="success">passed</td>
</tr>
<tr>
<td class="success">Integration test for HTBHF-2185 for a non-pregnant claimant where DWP have returned no children on record but they are ELIGIBLE, the claim status should be set to Expired and email sent to Claimant</td>
<td class="success">shouldSendNoLongerEligibleEmailWhenEligibleWithNoChildrenOnFeedAndNotPregnant()</td>
<td class="success">0.139s</td>
<td class="success">passed</td>
</tr>
<tr>
<td class="success">Eligibility status=INELIGIBLE, expected delivery date=null</td>
<td class="success">shouldTestClaimBecomingExpiredWhenNoLongerPregnantWithNoChildren(EligibilityStatus, LocalDate)[1]</td>
<td class="success">0.169s</td>
<td class="success">passed</td>
</tr>
<tr>
<td class="success">Eligibility status=INELIGIBLE, expected delivery date=2019-07-31</td>
<td class="success">shouldTestClaimBecomingExpiredWhenNoLongerPregnantWithNoChildren(EligibilityStatus, LocalDate)[2]</td>
<td class="success">0.149s</td>
<td class="success">passed</td>
</tr>
<tr>
<td class="success">Eligibility status=ELIGIBLE, expected delivery date=null</td>
<td class="success">shouldTestClaimBecomingExpiredWhenNoLongerPregnantWithNoChildren(EligibilityStatus, LocalDate)[3]</td>
<td class="success">0.143s</td>
<td class="success">passed</td>
</tr>
<tr>
<td class="success">Eligibility status=ELIGIBLE, expected delivery date=2019-07-31</td>
<td class="success">shouldTestClaimBecomingExpiredWhenNoLongerPregnantWithNoChildren(EligibilityStatus, LocalDate)[4]</td>
<td class="success">0.138s</td>
<td class="success">passed</td>
</tr>
<tr>
<td class="success">DWP eligibility status=ELIGIBLE</td>
<td class="success">shouldTestClaimBecomingExpiredWhenRollingOffTheScheme(EligibilityStatus)[1]</td>
<td class="success">0.137s</td>
<td class="success">passed</td>
</tr>
<tr>
<td class="success">DWP eligibility status=INELIGIBLE</td>
<td class="success">shouldTestClaimBecomingExpiredWhenRollingOffTheScheme(EligibilityStatus)[2]</td>
<td class="success">0.126s</td>
<td class="success">passed</td>
</tr>
<tr>
<td class="success">Children DOB previous cycle=[2016-10-30], Children DOB current cycle=[2016-10-30], expected delivery date=2019-12-30</td>
<td class="success">shouldTestClaimantBecomingIneligible(List, List, LocalDate)[1]</td>
<td class="success">0.180s</td>
<td class="success">passed</td>
</tr>
<tr>
<td class="success">Children DOB previous cycle=[], Children DOB current cycle=[2016-10-30], expected delivery date=2019-12-30</td>
<td class="success">shouldTestClaimantBecomingIneligible(List, List, LocalDate)[2]</td>
<td class="success">0.169s</td>
<td class="success">passed</td>
</tr>
<tr>
<td class="success">Children DOB previous cycle=[2016-10-30], Children DOB current cycle=[], expected delivery date=2019-12-30</td>
<td class="success">shouldTestClaimantBecomingIneligible(List, List, LocalDate)[3]</td>
<td class="success">0.144s</td>
<td class="success">passed</td>
</tr>
<tr>
<td class="success">Children DOB previous cycle=[], Children DOB current cycle=[], expected delivery date=2019-12-30</td>
<td class="success">shouldTestClaimantBecomingIneligible(List, List, LocalDate)[4]</td>
<td class="success">0.146s</td>
<td class="success">passed</td>
</tr>
<tr>
<td class="success">Children DOB previous cycle=[2016-10-30], Children DOB current cycle=[], expected delivery date=null</td>
<td class="success">shouldTestClaimantBecomingIneligible(List, List, LocalDate)[5]</td>
<td class="success">0.147s</td>
<td class="success">passed</td>
</tr>
</table>
</div>
<div id="tab1" class="tab">
<h2>Standard output</h2>
<span class="code">
<pre>
  .   ____          _            __ _ _
 /\\ / ___'_ __ _ _(_)_ __  __ _ \ \ \ \
( ( )\___ | '_ | '_| | '_ \/ _` | \ \ \ \
 \\/  ___)| |_)| | | | | || (_| |  ) ) ) )
  '  |____| .__|_| |_|_| |_\__, | / / / /
 =========|_|==============|___/=/_/_/_/
 :: Spring Boot ::        (v2.1.9.RELEASE)

09:58:31.389 [Test worker] INFO  u.g.d.h.c.message.MessageProcessor - Processing 1 message(s) of type DETERMINE_ENTITLEMENT
09:58:31.461 [Test worker] INFO  u.g.d.h.c.message.MessageProcessor - Processed 1 DETERMINE_ENTITLEMENT message(s) with status COMPLETED
09:58:31.467 [Test worker] INFO  u.g.d.h.c.message.MessageProcessor - Processing 1 message(s) of type MAKE_PAYMENT
09:58:31.541 [Test worker] INFO  u.g.d.h.c.message.MessageProcessor - Processed 1 MAKE_PAYMENT message(s) with status COMPLETED
09:58:31.547 [Test worker] INFO  u.g.d.h.c.message.MessageProcessor - Processing 2 message(s) of type SEND_EMAIL
09:58:31.575 [Test worker] INFO  u.g.d.h.c.message.MessageProcessor - Processed 2 SEND_EMAIL message(s) with status COMPLETED
09:58:31.580 [Test worker] INFO  u.g.d.h.c.message.MessageProcessor - Processing 1 message(s) of type REPORT_PAYMENT
09:58:31.639 [qtp1966724531-112] ERROR WireMock - Request was not matched as there were no stubs registered:
{
  &quot;url&quot; : &quot;/postcodes/AA11AA&quot;,
  &quot;absoluteUrl&quot; : &quot;http://localhost:8120/postcodes/AA11AA&quot;,
  &quot;method&quot; : &quot;GET&quot;,
  &quot;clientIp&quot; : &quot;127.0.0.1&quot;,
  &quot;headers&quot; : {
    &quot;User-Agent&quot; : &quot;Java/11.0.4&quot;,
    &quot;Connection&quot; : &quot;keep-alive&quot;,
    &quot;X-REQUEST-ID&quot; : &quot;&quot;,
    &quot;Host&quot; : &quot;localhost:8120&quot;,
    &quot;Accept&quot; : &quot;application/json, application/*+json&quot;,
    &quot;X-SESSION-ID&quot; : &quot;MessageProcessor:REPORT_PAYMENT&quot;
  },
  &quot;cookies&quot; : { },
  &quot;browserProxyRequest&quot; : false,
  &quot;loggedDate&quot; : 1572429511603,
  &quot;bodyAsBase64&quot; : &quot;&quot;,
  &quot;body&quot; : &quot;&quot;,
  &quot;scheme&quot; : &quot;http&quot;,
  &quot;host&quot; : &quot;localhost&quot;,
  &quot;port&quot; : 8120,
  &quot;loggedDateString&quot; : &quot;2019-10-30T09:58:31Z&quot;,
  &quot;queryParams&quot; : { }
}
09:58:31.664 [Test worker] ERROR u.g.d.h.c.r.PostcodeDataClient - No postcode data found for postcode AA11AA on claim ce5113e7-fd92-4360-8c46-788814ecfa98
09:58:31.827 [qtp98162577-121] ERROR WireMock - Request was not matched as there were no stubs registered:
{
  &quot;url&quot; : &quot;/collect&quot;,
  &quot;absoluteUrl&quot; : &quot;http://localhost:8150/collect&quot;,
  &quot;method&quot; : &quot;POST&quot;,
  &quot;clientIp&quot; : &quot;127.0.0.1&quot;,
  &quot;headers&quot; : {
    &quot;Accept-Charset&quot; : &quot;big5, big5-hkscs, cesu-8, euc-jp, euc-kr, gb18030, gb2312, gbk, ibm-thai, ibm00858, ibm01140, ibm01141, ibm01142, ibm01143, ibm01144, ibm01145, ibm01146, ibm01147, ibm01148, ibm01149, ibm037, ibm1026, ibm1047, ibm273, ibm277, ibm278, ibm280, ibm284, ibm285, ibm290, ibm297, ibm420, ibm424, ibm437, ibm500, ibm775, ibm850, ibm852, ibm855, ibm857, ibm860, ibm861, ibm862, ibm863, ibm864, ibm865, ibm866, ibm868, ibm869, ibm870, ibm871, ibm918, iso-2022-cn, iso-2022-jp, iso-2022-jp-2, iso-2022-kr, iso-8859-1, iso-8859-13, iso-8859-15, iso-8859-16, iso-8859-2, iso-8859-3, iso-8859-4, iso-8859-5, iso-8859-6, iso-8859-7, iso-8859-8, iso-8859-9, jis_x0201, jis_x0212-1990, koi8-r, koi8-u, shift_jis, tis-620, us-ascii, utf-16, utf-16be, utf-16le, utf-32, utf-32be, utf-32le, utf-8, windows-1250, windows-1251, windows-1252, windows-1253, windows-1254, windows-1255, windows-1256, windows-1257, windows-1258, windows-31j, x-big5-hkscs-2001, x-big5-solaris, x-euc-jp-linux, x-euc-tw, x-eucjp-open, x-ibm1006, x-ibm1025, x-ibm1046, x-ibm1097, x-ibm1098, x-ibm1112, x-ibm1122, x-ibm1123, x-ibm1124, x-ibm1129, x-ibm1166, x-ibm1364, x-ibm1381, x-ibm1383, x-ibm29626c, x-ibm300, x-ibm33722, x-ibm737, x-ibm833, x-ibm834, x-ibm856, x-ibm874, x-ibm875, x-ibm921, x-ibm922, x-ibm930, x-ibm933, x-ibm935, x-ibm937, x-ibm939, x-ibm942, x-ibm942c, x-ibm943, x-ibm943c, x-ibm948, x-ibm949, x-ibm949c, x-ibm950, x-ibm964, x-ibm970, x-iscii91, x-iso-2022-cn-cns, x-iso-2022-cn-gb, x-iso-8859-11, x-jis0208, x-jisautodetect, x-johab, x-macarabic, x-maccentraleurope, x-maccroatian, x-maccyrillic, x-macdingbat, x-macgreek, x-machebrew, x-maciceland, x-macroman, x-macromania, x-macsymbol, x-macthai, x-macturkish, x-macukraine, x-ms932_0213, x-ms950-hkscs, x-ms950-hkscs-xp, x-mswin-936, x-pck, x-sjis_0213, x-utf-16le-bom, x-utf-32be-bom, x-utf-32le-bom, x-windows-50220, x-windows-50221, x-windows-874, x-windows-949, x-windows-950, x-windows-iso2022jp&quot;,
    &quot;Accept&quot; : &quot;application/json, application/*+json&quot;,
    &quot;User-Agent&quot; : &quot;Java/11.0.4&quot;,
    &quot;Connection&quot; : &quot;keep-alive&quot;,
    &quot;X-REQUEST-ID&quot; : &quot;&quot;,
    &quot;Host&quot; : &quot;localhost:8150&quot;,
    &quot;X-SESSION-ID&quot; : &quot;MessageProcessor:REPORT_PAYMENT&quot;,
    &quot;Content-Length&quot; : &quot;319&quot;,
    &quot;Content-Type&quot; : &quot;text/plain&quot;
  },
  &quot;cookies&quot; : { },
  &quot;browserProxyRequest&quot; : false,
  &quot;loggedDate&quot; : 1572429511823,
  &quot;bodyAsBase64&quot; : &quot;dD1ldmVudCZ2PTEmdGlkPXRyYWNraW5nLWlkJmVjPVBBWU1FTlQmZWE9U0NIRURVTEVEX1BBWU1FTlQmZXY9MjQ4MCZxdD0yMDgmY2lkPWNlNTExM2U3LWZkOTItNDM2MC04YzQ2LTc4ODgxNGVjZmE5OCZjZDE9T05MSU5FJmNkMTA9Tk9UX0ZPVU5EJmNkMz1Ob3QrcHJlZ25hbnQrd2l0aCtwYXNzcG9ydGVkK2NoaWxkcmVuJmNkND1OT1RfRk9VTkQmY2Q1PU5PVF9GT1VORCZjZDY9Tk9UX0ZPVU5EJmNkNz1OT1RfRk9VTkQmY2Q4PU5PVF9GT1VORCZjZDk9Tk9UX0ZPVU5EJmNtMT0wJmNtMj0yJmNtMz0wJmNtND0wJmNtNT0yNDgwJmNtNj0wJmNtNz0zMyZjbTg9MQ==&quot;,
  &quot;body&quot; : &quot;t=event&amp;v=1&amp;tid=tracking-id&amp;ec=PAYMENT&amp;ea=SCHEDULED_PAYMENT&amp;ev=2480&amp;qt=208&amp;cid=ce5113e7-fd92-4360-8c46-788814ecfa98&amp;cd1=ONLINE&amp;cd10=NOT_FOUND&amp;cd3=Not+pregnant+with+passported+children&amp;cd4=NOT_FOUND&amp;cd5=NOT_FOUND&amp;cd6=NOT_FOUND&amp;cd7=NOT_FOUND&amp;cd8=NOT_FOUND&amp;cd9=NOT_FOUND&amp;cm1=0&amp;cm2=2&amp;cm3=0&amp;cm4=0&amp;cm5=2480&amp;cm6=0&amp;cm7=33&amp;cm8=1&quot;,
  &quot;scheme&quot; : &quot;http&quot;,
  &quot;host&quot; : &quot;localhost&quot;,
  &quot;port&quot; : 8150,
  &quot;loggedDateString&quot; : &quot;2019-10-30T09:58:31Z&quot;,
  &quot;queryParams&quot; : { }
}
09:58:31.830 [Test worker] ERROR u.g.d.h.c.r.GoogleAnalyticsClient - Exception caught trying to post to http://localhost:8150/collect
09:58:31.834 [Test worker] ERROR u.g.d.h.c.message.MessageProcessor - Unable to process message with id 830aca0e-fbeb-40f6-b2e9-6d8dd772f6dd, exception detail: Exception caught trying to call google analytics at: http://localhost:8150/collect (at uk.gov.dhsc.htbhf.claimant.reporting.GoogleAnalyticsClient.reportEvent(GoogleAnalyticsClient.java:57)), wraps: 404 Not Found (at org.springframework.web.client.HttpClientErrorException.create(HttpClientErrorException.java:85))
uk.gov.dhsc.htbhf.claimant.exception.GoogleAnalyticsException: Exception caught trying to call google analytics at: http://localhost:8150/collect
	at uk.gov.dhsc.htbhf.claimant.reporting.GoogleAnalyticsClient.reportEvent(GoogleAnalyticsClient.java:57)
	at uk.gov.dhsc.htbhf.claimant.reporting.MIReporter.reportPayment(MIReporter.java:41)
	at uk.gov.dhsc.htbhf.claimant.message.processor.ReportPaymentMessageProcessor.processMessage(ReportPaymentMessageProcessor.java:26)
	at uk.gov.dhsc.htbhf.claimant.message.MessageProcessor.invokeMessageTypeProcessor(MessageProcessor.java:80)
	at uk.gov.dhsc.htbhf.claimant.message.MessageProcessor.processMessage(MessageProcessor.java:73)
	at uk.gov.dhsc.htbhf.claimant.message.MessageProcessor.lambda$processMessagesOfType$0(MessageProcessor.java:56)
	at java.base/java.util.stream.ReferencePipeline$3$1.accept(ReferencePipeline.java:195)
	at java.base/java.util.ArrayList$ArrayListSpliterator.forEachRemaining(ArrayList.java:1654)
	at java.base/java.util.stream.AbstractPipeline.copyInto(AbstractPipeline.java:484)
	at java.base/java.util.stream.AbstractPipeline.wrapAndCopyInto(AbstractPipeline.java:474)
	at java.base/java.util.stream.ReduceOps$ReduceOp.evaluateSequential(ReduceOps.java:913)
	at java.base/java.util.stream.AbstractPipeline.evaluate(AbstractPipeline.java:234)
	at java.base/java.util.stream.ReferencePipeline.collect(ReferencePipeline.java:578)
	at uk.gov.dhsc.htbhf.claimant.message.MessageProcessor.processMessagesOfType(MessageProcessor.java:57)
	at uk.gov.dhsc.htbhf.claimant.message.MessageProcessor.processMessagesOfType(MessageProcessor.java:44)
	at uk.gov.dhsc.htbhf.claimant.scheduler.MessageProcessorScheduler.processReportPaymentMessages(MessageProcessorScheduler.java:111)
	at uk.gov.dhsc.htbhf.claimant.scheduler.MessageProcessorScheduler$$FastClassBySpringCGLIB$$a27d1d6.invoke(&lt;generated&gt;)
	at org.springframework.cglib.proxy.MethodProxy.invoke(MethodProxy.java:218)
	at org.springframework.aop.framework.CglibAopProxy$CglibMethodInvocation.invokeJoinpoint(CglibAopProxy.java:750)
	at org.springframework.aop.framework.ReflectiveMethodInvocation.proceed(ReflectiveMethodInvocation.java:163)
	at org.springframework.aop.aspectj.MethodInvocationProceedingJoinPoint.proceed(MethodInvocationProceedingJoinPoint.java:88)
	at uk.gov.dhsc.htbhf.requestcontext.aop.RequestContextAdvisor.updateRequestContext(RequestContextAdvisor.java:42)
	at java.base/jdk.internal.reflect.NativeMethodAccessorImpl.invoke0(Native Method)
	at java.base/jdk.internal.reflect.NativeMethodAccessorImpl.invoke(NativeMethodAccessorImpl.java:62)
	at java.base/jdk.internal.reflect.DelegatingMethodAccessorImpl.invoke(DelegatingMethodAccessorImpl.java:43)
	at java.base/java.lang.reflect.Method.invoke(Method.java:566)
	at org.springframework.aop.aspectj.AbstractAspectJAdvice.invokeAdviceMethodWithGivenArgs(AbstractAspectJAdvice.java:644)
	at org.springframework.aop.aspectj.AbstractAspectJAdvice.invokeAdviceMethod(AbstractAspectJAdvice.java:633)
	at org.springframework.aop.aspectj.AspectJAroundAdvice.invoke(AspectJAroundAdvice.java:70)
	at org.springframework.aop.framework.ReflectiveMethodInvocation.proceed(ReflectiveMethodInvocation.java:175)
	at org.springframework.aop.interceptor.ExposeInvocationInterceptor.invoke(ExposeInvocationInterceptor.java:93)
	at org.springframework.aop.framework.ReflectiveMethodInvocation.proceed(ReflectiveMethodInvocation.java:186)
	at org.springframework.aop.framework.CglibAopProxy$DynamicAdvisedInterceptor.intercept(CglibAopProxy.java:689)
	at uk.gov.dhsc.htbhf.claimant.scheduler.MessageProcessorScheduler$$EnhancerBySpringCGLIB$$e2dbcefa.processReportPaymentMessages(&lt;generated&gt;)
	at uk.gov.dhsc.htbhf.claimant.PaymentCycleIntegrationTests.invokeAllSchedulers(PaymentCycleIntegrationTests.java:499)
	at uk.gov.dhsc.htbhf.claimant.PaymentCycleIntegrationTests.shouldSendEmailsWhenChildTurnsFourInNextPaymentCycle(PaymentCycleIntegrationTests.java:189)
	at java.base/jdk.internal.reflect.NativeMethodAccessorImpl.invoke0(Native Method)
	at java.base/jdk.internal.reflect.NativeMethodAccessorImpl.invoke(NativeMethodAccessorImpl.java:62)
	at java.base/jdk.internal.reflect.DelegatingMethodAccessorImpl.invoke(DelegatingMethodAccessorImpl.java:43)
	at java.base/java.lang.reflect.Method.invoke(Method.java:566)
	at org.junit.platform.commons.util.ReflectionUtils.invokeMethod(ReflectionUtils.java:532)
	at org.junit.jupiter.engine.execution.ExecutableInvoker.invoke(ExecutableInvoker.java:115)
	at org.junit.jupiter.engine.descriptor.TestMethodTestDescriptor.lambda$invokeTestMethod$6(TestMethodTestDescriptor.java:171)
	at org.junit.platform.engine.support.hierarchical.ThrowableCollector.execute(ThrowableCollector.java:72)
	at org.junit.jupiter.engine.descriptor.TestMethodTestDescriptor.invokeTestMethod(TestMethodTestDescriptor.java:167)
	at org.junit.jupiter.engine.descriptor.TestMethodTestDescriptor.execute(TestMethodTestDescriptor.java:114)
	at org.junit.jupiter.engine.descriptor.TestMethodTestDescriptor.execute(TestMethodTestDescriptor.java:59)
	at org.junit.platform.engine.support.hierarchical.NodeTestTask.lambda$executeRecursively$4(NodeTestTask.java:108)
	at org.junit.platform.engine.support.hierarchical.ThrowableCollector.execute(ThrowableCollector.java:72)
	at org.junit.platform.engine.support.hierarchical.NodeTestTask.executeRecursively(NodeTestTask.java:98)
	at org.junit.platform.engine.support.hierarchical.NodeTestTask.execute(NodeTestTask.java:74)
	at java.base/java.util.ArrayList.forEach(ArrayList.java:1540)
	at org.junit.platform.engine.support.hierarchical.SameThreadHierarchicalTestExecutorService.invokeAll(SameThreadHierarchicalTestExecutorService.java:38)
	at org.junit.platform.engine.support.hierarchical.NodeTestTask.lambda$executeRecursively$4(NodeTestTask.java:112)
	at org.junit.platform.engine.support.hierarchical.ThrowableCollector.execute(ThrowableCollector.java:72)
	at org.junit.platform.engine.support.hierarchical.NodeTestTask.executeRecursively(NodeTestTask.java:98)
	at org.junit.platform.engine.support.hierarchical.NodeTestTask.execute(NodeTestTask.java:74)
	at java.base/java.util.ArrayList.forEach(ArrayList.java:1540)
	at org.junit.platform.engine.support.hierarchical.SameThreadHierarchicalTestExecutorService.invokeAll(SameThreadHierarchicalTestExecutorService.java:38)
	at org.junit.platform.engine.support.hierarchical.NodeTestTask.lambda$executeRecursively$4(NodeTestTask.java:112)
	at org.junit.platform.engine.support.hierarchical.ThrowableCollector.execute(ThrowableCollector.java:72)
	at org.junit.platform.engine.support.hierarchical.NodeTestTask.executeRecursively(NodeTestTask.java:98)
	at org.junit.platform.engine.support.hierarchical.NodeTestTask.execute(NodeTestTask.java:74)
	at org.junit.platform.engine.support.hierarchical.SameThreadHierarchicalTestExecutorService.submit(SameThreadHierarchicalTestExecutorService.java:32)
	at org.junit.platform.engine.support.hierarchical.HierarchicalTestExecutor.execute(HierarchicalTestExecutor.java:57)
	at org.junit.platform.engine.support.hierarchical.HierarchicalTestEngine.execute(HierarchicalTestEngine.java:51)
	at org.junit.platform.launcher.core.DefaultLauncher.execute(DefaultLauncher.java:220)
	at org.junit.platform.launcher.core.DefaultLauncher.lambda$execute$6(DefaultLauncher.java:188)
	at org.junit.platform.launcher.core.DefaultLauncher.withInterceptedStreams(DefaultLauncher.java:202)
	at org.junit.platform.launcher.core.DefaultLauncher.execute(DefaultLauncher.java:181)
	at org.junit.platform.launcher.core.DefaultLauncher.execute(DefaultLauncher.java:128)
	at org.gradle.api.internal.tasks.testing.junitplatform.JUnitPlatformTestClassProcessor$CollectAllTestClassesExecutor.processAllTestClasses(JUnitPlatformTestClassProcessor.java:102)
	at org.gradle.api.internal.tasks.testing.junitplatform.JUnitPlatformTestClassProcessor$CollectAllTestClassesExecutor.access$000(JUnitPlatformTestClassProcessor.java:82)
	at org.gradle.api.internal.tasks.testing.junitplatform.JUnitPlatformTestClassProcessor.stop(JUnitPlatformTestClassProcessor.java:78)
	at org.gradle.api.internal.tasks.testing.SuiteTestClassProcessor.stop(SuiteTestClassProcessor.java:61)
	at java.base/jdk.internal.reflect.NativeMethodAccessorImpl.invoke0(Native Method)
	at java.base/jdk.internal.reflect.NativeMethodAccessorImpl.invoke(NativeMethodAccessorImpl.java:62)
	at java.base/jdk.internal.reflect.DelegatingMethodAccessorImpl.invoke(DelegatingMethodAccessorImpl.java:43)
	at java.base/java.lang.reflect.Method.invoke(Method.java:566)
	at org.gradle.internal.dispatch.ReflectionDispatch.dispatch(ReflectionDispatch.java:36)
	at org.gradle.internal.dispatch.ReflectionDispatch.dispatch(ReflectionDispatch.java:24)
	at org.gradle.internal.dispatch.ContextClassLoaderDispatch.dispatch(ContextClassLoaderDispatch.java:33)
	at org.gradle.internal.dispatch.ProxyDispatchAdapter$DispatchingInvocationHandler.invoke(ProxyDispatchAdapter.java:94)
	at com.sun.proxy.$Proxy2.stop(Unknown Source)
	at org.gradle.api.internal.tasks.testing.worker.TestWorker.stop(TestWorker.java:132)
	at java.base/jdk.internal.reflect.NativeMethodAccessorImpl.invoke0(Native Method)
	at java.base/jdk.internal.reflect.NativeMethodAccessorImpl.invoke(NativeMethodAccessorImpl.java:62)
	at java.base/jdk.internal.reflect.DelegatingMethodAccessorImpl.invoke(DelegatingMethodAccessorImpl.java:43)
	at java.base/java.lang.reflect.Method.invoke(Method.java:566)
	at org.gradle.internal.dispatch.ReflectionDispatch.dispatch(ReflectionDispatch.java:36)
	at org.gradle.internal.dispatch.ReflectionDispatch.dispatch(ReflectionDispatch.java:24)
	at org.gradle.internal.remote.internal.hub.MessageHubBackedObjectConnection$DispatchWrapper.dispatch(MessageHubBackedObjectConnection.java:182)
	at org.gradle.internal.remote.internal.hub.MessageHubBackedObjectConnection$DispatchWrapper.dispatch(MessageHubBackedObjectConnection.java:164)
	at org.gradle.internal.remote.internal.hub.MessageHub$Handler.run(MessageHub.java:412)
	at org.gradle.internal.concurrent.ExecutorPolicy$CatchAndRecordFailures.onExecute(ExecutorPolicy.java:64)
	at org.gradle.internal.concurrent.ManagedExecutorImpl$1.run(ManagedExecutorImpl.java:48)
	at java.base/java.util.concurrent.ThreadPoolExecutor.runWorker(ThreadPoolExecutor.java:1128)
	at java.base/java.util.concurrent.ThreadPoolExecutor$Worker.run(ThreadPoolExecutor.java:628)
	at org.gradle.internal.concurrent.ThreadFactoryImpl$ManagedThreadRunnable.run(ThreadFactoryImpl.java:56)
	at java.base/java.lang.Thread.run(Thread.java:834)
Caused by: org.springframework.web.client.HttpClientErrorException$NotFound: 404 Not Found
	at org.springframework.web.client.HttpClientErrorException.create(HttpClientErrorException.java:85)
	at org.springframework.web.client.DefaultResponseErrorHandler.handleError(DefaultResponseErrorHandler.java:122)
	at org.springframework.web.client.DefaultResponseErrorHandler.handleError(DefaultResponseErrorHandler.java:102)
	at org.springframework.web.client.ResponseErrorHandler.handleError(ResponseErrorHandler.java:63)
	at org.springframework.web.client.RestTemplate.handleResponse(RestTemplate.java:778)
	at org.springframework.web.client.RestTemplate.doExecute(RestTemplate.java:736)
	at org.springframework.web.client.RestTemplate.exchange(RestTemplate.java:637)
	at uk.gov.dhsc.htbhf.claimant.reporting.GoogleAnalyticsClient.reportEvent(GoogleAnalyticsClient.java:53)
	... 99 common frames omitted
09:58:31.843 [Test worker] INFO  u.g.d.h.c.message.MessageProcessor - Processed 1 REPORT_PAYMENT message(s) with status ERROR
09:58:32.037 [Test worker] INFO  u.g.d.h.c.message.MessageProcessor - Processing 1 message(s) of type DETERMINE_ENTITLEMENT
09:58:32.052 [Test worker] ERROR u.g.d.h.c.service.EligibilityClient - Exception caught trying to post to http://localhost:8100/v1/eligibility
09:58:32.053 [Test worker] ERROR u.g.d.h.c.message.MessageProcessor - Unable to process message with id 3ec64587-fbac-4fbf-ba7c-6262a08f1c27, exception detail: Exception caught trying to call eligibility service at: http://localhost:8100/v1/eligibility (at uk.gov.dhsc.htbhf.claimant.service.EligibilityClient.checkEligibility(EligibilityClient.java:61)), wraps: 500 Server Error (at org.springframework.web.client.HttpServerErrorException.create(HttpServerErrorException.java:79))
uk.gov.dhsc.htbhf.claimant.exception.EligibilityClientException: Exception caught trying to call eligibility service at: http://localhost:8100/v1/eligibility
	at uk.gov.dhsc.htbhf.claimant.service.EligibilityClient.checkEligibility(EligibilityClient.java:61)
	at uk.gov.dhsc.htbhf.claimant.service.EligibilityAndEntitlementService.evaluateExistingClaimant(EligibilityAndEntitlementService.java:81)
	at uk.gov.dhsc.htbhf.claimant.message.processor.DetermineEntitlementMessageProcessor.processMessage(DetermineEntitlementMessageProcessor.java:73)
	at uk.gov.dhsc.htbhf.claimant.message.processor.DetermineEntitlementMessageProcessor$$FastClassBySpringCGLIB$$c3cebaaf.invoke(&lt;generated&gt;)
	at org.springframework.cglib.proxy.MethodProxy.invoke(MethodProxy.java:218)
	at org.springframework.aop.framework.CglibAopProxy$CglibMethodInvocation.invokeJoinpoint(CglibAopProxy.java:750)
	at org.springframework.aop.framework.ReflectiveMethodInvocation.proceed(ReflectiveMethodInvocation.java:163)
	at org.springframework.transaction.interceptor.TransactionAspectSupport.invokeWithinTransaction(TransactionAspectSupport.java:295)
	at org.springframework.transaction.interceptor.TransactionInterceptor.invoke(TransactionInterceptor.java:98)
	at org.springframework.aop.framework.ReflectiveMethodInvocation.proceed(ReflectiveMethodInvocation.java:186)
	at org.springframework.aop.framework.CglibAopProxy$DynamicAdvisedInterceptor.intercept(CglibAopProxy.java:689)
	at uk.gov.dhsc.htbhf.claimant.message.processor.DetermineEntitlementMessageProcessor$$EnhancerBySpringCGLIB$$86cccd2c.processMessage(&lt;generated&gt;)
	at uk.gov.dhsc.htbhf.claimant.message.MessageProcessor.invokeMessageTypeProcessor(MessageProcessor.java:80)
	at uk.gov.dhsc.htbhf.claimant.message.MessageProcessor.processMessage(MessageProcessor.java:73)
	at uk.gov.dhsc.htbhf.claimant.message.MessageProcessor.lambda$processMessagesOfType$0(MessageProcessor.java:56)
	at java.base/java.util.stream.ReferencePipeline$3$1.accept(ReferencePipeline.java:195)
	at java.base/java.util.ArrayList$ArrayListSpliterator.forEachRemaining(ArrayList.java:1654)
	at java.base/java.util.stream.AbstractPipeline.copyInto(AbstractPipeline.java:484)
	at java.base/java.util.stream.AbstractPipeline.wrapAndCopyInto(AbstractPipeline.java:474)
	at java.base/java.util.stream.ReduceOps$ReduceOp.evaluateSequential(ReduceOps.java:913)
	at java.base/java.util.stream.AbstractPipeline.evaluate(AbstractPipeline.java:234)
	at java.base/java.util.stream.ReferencePipeline.collect(ReferencePipeline.java:578)
	at uk.gov.dhsc.htbhf.claimant.message.MessageProcessor.processMessagesOfType(MessageProcessor.java:57)
	at uk.gov.dhsc.htbhf.claimant.message.MessageProcessor.processMessagesOfType(MessageProcessor.java:44)
	at uk.gov.dhsc.htbhf.claimant.scheduler.MessageProcessorScheduler.processDetermineEntitlementMessages(MessageProcessorScheduler.java:71)
	at uk.gov.dhsc.htbhf.claimant.scheduler.MessageProcessorScheduler$$FastClassBySpringCGLIB$$a27d1d6.invoke(&lt;generated&gt;)
	at org.springframework.cglib.proxy.MethodProxy.invoke(MethodProxy.java:218)
	at org.springframework.aop.framework.CglibAopProxy$CglibMethodInvocation.invokeJoinpoint(CglibAopProxy.java:750)
	at org.springframework.aop.framework.ReflectiveMethodInvocation.proceed(ReflectiveMethodInvocation.java:163)
	at org.springframework.aop.aspectj.MethodInvocationProceedingJoinPoint.proceed(MethodInvocationProceedingJoinPoint.java:88)
	at uk.gov.dhsc.htbhf.requestcontext.aop.RequestContextAdvisor.updateRequestContext(RequestContextAdvisor.java:42)
	at java.base/jdk.internal.reflect.NativeMethodAccessorImpl.invoke0(Native Method)
	at java.base/jdk.internal.reflect.NativeMethodAccessorImpl.invoke(NativeMethodAccessorImpl.java:62)
	at java.base/jdk.internal.reflect.DelegatingMethodAccessorImpl.invoke(DelegatingMethodAccessorImpl.java:43)
	at java.base/java.lang.reflect.Method.invoke(Method.java:566)
	at org.springframework.aop.aspectj.AbstractAspectJAdvice.invokeAdviceMethodWithGivenArgs(AbstractAspectJAdvice.java:644)
	at org.springframework.aop.aspectj.AbstractAspectJAdvice.invokeAdviceMethod(AbstractAspectJAdvice.java:633)
	at org.springframework.aop.aspectj.AspectJAroundAdvice.invoke(AspectJAroundAdvice.java:70)
	at org.springframework.aop.framework.ReflectiveMethodInvocation.proceed(ReflectiveMethodInvocation.java:175)
	at org.springframework.aop.interceptor.ExposeInvocationInterceptor.invoke(ExposeInvocationInterceptor.java:93)
	at org.springframework.aop.framework.ReflectiveMethodInvocation.proceed(ReflectiveMethodInvocation.java:186)
	at org.springframework.aop.framework.CglibAopProxy$DynamicAdvisedInterceptor.intercept(CglibAopProxy.java:689)
	at uk.gov.dhsc.htbhf.claimant.scheduler.MessageProcessorScheduler$$EnhancerBySpringCGLIB$$e2dbcefa.processDetermineEntitlementMessages(&lt;generated&gt;)
	at uk.gov.dhsc.htbhf.claimant.PaymentCycleIntegrationTests.invokeAllSchedulers(PaymentCycleIntegrationTests.java:496)
	at uk.gov.dhsc.htbhf.claimant.PaymentCycleIntegrationTests.shouldRecoverFromErrorsToMakePaymentAndSendEmail(PaymentCycleIntegrationTests.java:217)
	at java.base/jdk.internal.reflect.NativeMethodAccessorImpl.invoke0(Native Method)
	at java.base/jdk.internal.reflect.NativeMethodAccessorImpl.invoke(NativeMethodAccessorImpl.java:62)
	at java.base/jdk.internal.reflect.DelegatingMethodAccessorImpl.invoke(DelegatingMethodAccessorImpl.java:43)
	at java.base/java.lang.reflect.Method.invoke(Method.java:566)
	at org.junit.platform.commons.util.ReflectionUtils.invokeMethod(ReflectionUtils.java:532)
	at org.junit.jupiter.engine.execution.ExecutableInvoker.invoke(ExecutableInvoker.java:115)
	at org.junit.jupiter.engine.descriptor.TestMethodTestDescriptor.lambda$invokeTestMethod$6(TestMethodTestDescriptor.java:171)
	at org.junit.platform.engine.support.hierarchical.ThrowableCollector.execute(ThrowableCollector.java:72)
	at org.junit.jupiter.engine.descriptor.TestMethodTestDescriptor.invokeTestMethod(TestMethodTestDescriptor.java:167)
	at org.junit.jupiter.engine.descriptor.TestMethodTestDescriptor.execute(TestMethodTestDescriptor.java:114)
	at org.junit.jupiter.engine.descriptor.TestMethodTestDescriptor.execute(TestMethodTestDescriptor.java:59)
	at org.junit.platform.engine.support.hierarchical.NodeTestTask.lambda$executeRecursively$4(NodeTestTask.java:108)
	at org.junit.platform.engine.support.hierarchical.ThrowableCollector.execute(ThrowableCollector.java:72)
	at org.junit.platform.engine.support.hierarchical.NodeTestTask.executeRecursively(NodeTestTask.java:98)
	at org.junit.platform.engine.support.hierarchical.NodeTestTask.execute(NodeTestTask.java:74)
	at java.base/java.util.ArrayList.forEach(ArrayList.java:1540)
	at org.junit.platform.engine.support.hierarchical.SameThreadHierarchicalTestExecutorService.invokeAll(SameThreadHierarchicalTestExecutorService.java:38)
	at org.junit.platform.engine.support.hierarchical.NodeTestTask.lambda$executeRecursively$4(NodeTestTask.java:112)
	at org.junit.platform.engine.support.hierarchical.ThrowableCollector.execute(ThrowableCollector.java:72)
	at org.junit.platform.engine.support.hierarchical.NodeTestTask.executeRecursively(NodeTestTask.java:98)
	at org.junit.platform.engine.support.hierarchical.NodeTestTask.execute(NodeTestTask.java:74)
	at java.base/java.util.ArrayList.forEach(ArrayList.java:1540)
	at org.junit.platform.engine.support.hierarchical.SameThreadHierarchicalTestExecutorService.invokeAll(SameThreadHierarchicalTestExecutorService.java:38)
	at org.junit.platform.engine.support.hierarchical.NodeTestTask.lambda$executeRecursively$4(NodeTestTask.java:112)
	at org.junit.platform.engine.support.hierarchical.ThrowableCollector.execute(ThrowableCollector.java:72)
	at org.junit.platform.engine.support.hierarchical.NodeTestTask.executeRecursively(NodeTestTask.java:98)
	at org.junit.platform.engine.support.hierarchical.NodeTestTask.execute(NodeTestTask.java:74)
	at org.junit.platform.engine.support.hierarchical.SameThreadHierarchicalTestExecutorService.submit(SameThreadHierarchicalTestExecutorService.java:32)
	at org.junit.platform.engine.support.hierarchical.HierarchicalTestExecutor.execute(HierarchicalTestExecutor.java:57)
	at org.junit.platform.engine.support.hierarchical.HierarchicalTestEngine.execute(HierarchicalTestEngine.java:51)
	at org.junit.platform.launcher.core.DefaultLauncher.execute(DefaultLauncher.java:220)
	at org.junit.platform.launcher.core.DefaultLauncher.lambda$execute$6(DefaultLauncher.java:188)
	at org.junit.platform.launcher.core.DefaultLauncher.withInterceptedStreams(DefaultLauncher.java:202)
	at org.junit.platform.launcher.core.DefaultLauncher.execute(DefaultLauncher.java:181)
	at org.junit.platform.launcher.core.DefaultLauncher.execute(DefaultLauncher.java:128)
	at org.gradle.api.internal.tasks.testing.junitplatform.JUnitPlatformTestClassProcessor$CollectAllTestClassesExecutor.processAllTestClasses(JUnitPlatformTestClassProcessor.java:102)
	at org.gradle.api.internal.tasks.testing.junitplatform.JUnitPlatformTestClassProcessor$CollectAllTestClassesExecutor.access$000(JUnitPlatformTestClassProcessor.java:82)
	at org.gradle.api.internal.tasks.testing.junitplatform.JUnitPlatformTestClassProcessor.stop(JUnitPlatformTestClassProcessor.java:78)
	at org.gradle.api.internal.tasks.testing.SuiteTestClassProcessor.stop(SuiteTestClassProcessor.java:61)
	at java.base/jdk.internal.reflect.NativeMethodAccessorImpl.invoke0(Native Method)
	at java.base/jdk.internal.reflect.NativeMethodAccessorImpl.invoke(NativeMethodAccessorImpl.java:62)
	at java.base/jdk.internal.reflect.DelegatingMethodAccessorImpl.invoke(DelegatingMethodAccessorImpl.java:43)
	at java.base/java.lang.reflect.Method.invoke(Method.java:566)
	at org.gradle.internal.dispatch.ReflectionDispatch.dispatch(ReflectionDispatch.java:36)
	at org.gradle.internal.dispatch.ReflectionDispatch.dispatch(ReflectionDispatch.java:24)
	at org.gradle.internal.dispatch.ContextClassLoaderDispatch.dispatch(ContextClassLoaderDispatch.java:33)
	at org.gradle.internal.dispatch.ProxyDispatchAdapter$DispatchingInvocationHandler.invoke(ProxyDispatchAdapter.java:94)
	at com.sun.proxy.$Proxy2.stop(Unknown Source)
	at org.gradle.api.internal.tasks.testing.worker.TestWorker.stop(TestWorker.java:132)
	at java.base/jdk.internal.reflect.NativeMethodAccessorImpl.invoke0(Native Method)
	at java.base/jdk.internal.reflect.NativeMethodAccessorImpl.invoke(NativeMethodAccessorImpl.java:62)
	at java.base/jdk.internal.reflect.DelegatingMethodAccessorImpl.invoke(DelegatingMethodAccessorImpl.java:43)
	at java.base/java.lang.reflect.Method.invoke(Method.java:566)
	at org.gradle.internal.dispatch.ReflectionDispatch.dispatch(ReflectionDispatch.java:36)
	at org.gradle.internal.dispatch.ReflectionDispatch.dispatch(ReflectionDispatch.java:24)
	at org.gradle.internal.remote.internal.hub.MessageHubBackedObjectConnection$DispatchWrapper.dispatch(MessageHubBackedObjectConnection.java:182)
	at org.gradle.internal.remote.internal.hub.MessageHubBackedObjectConnection$DispatchWrapper.dispatch(MessageHubBackedObjectConnection.java:164)
	at org.gradle.internal.remote.internal.hub.MessageHub$Handler.run(MessageHub.java:412)
	at org.gradle.internal.concurrent.ExecutorPolicy$CatchAndRecordFailures.onExecute(ExecutorPolicy.java:64)
	at org.gradle.internal.concurrent.ManagedExecutorImpl$1.run(ManagedExecutorImpl.java:48)
	at java.base/java.util.concurrent.ThreadPoolExecutor.runWorker(ThreadPoolExecutor.java:1128)
	at java.base/java.util.concurrent.ThreadPoolExecutor$Worker.run(ThreadPoolExecutor.java:628)
	at org.gradle.internal.concurrent.ThreadFactoryImpl$ManagedThreadRunnable.run(ThreadFactoryImpl.java:56)
	at java.base/java.lang.Thread.run(Thread.java:834)
Caused by: org.springframework.web.client.HttpServerErrorException$InternalServerError: 500 Server Error
	at org.springframework.web.client.HttpServerErrorException.create(HttpServerErrorException.java:79)
	at org.springframework.web.client.DefaultResponseErrorHandler.handleError(DefaultResponseErrorHandler.java:124)
	at org.springframework.web.client.DefaultResponseErrorHandler.handleError(DefaultResponseErrorHandler.java:102)
	at org.springframework.web.client.ResponseErrorHandler.handleError(ResponseErrorHandler.java:63)
	at org.springframework.web.client.RestTemplate.handleResponse(RestTemplate.java:778)
	at org.springframework.web.client.RestTemplate.doExecute(RestTemplate.java:736)
	at org.springframework.web.client.RestTemplate.execute(RestTemplate.java:670)
	at org.springframework.web.client.RestTemplate.postForEntity(RestTemplate.java:445)
	at uk.gov.dhsc.htbhf.claimant.service.EligibilityClient.checkEligibility(EligibilityClient.java:43)
	... 108 common frames omitted
09:58:32.061 [Test worker] INFO  u.g.d.h.c.message.MessageProcessor - Processed 1 DETERMINE_ENTITLEMENT message(s) with status ERROR
09:58:32.082 [Test worker] INFO  u.g.d.h.c.message.MessageProcessor - Processing 1 message(s) of type DETERMINE_ENTITLEMENT
09:58:32.109 [Test worker] INFO  u.g.d.h.c.message.MessageProcessor - Processed 1 DETERMINE_ENTITLEMENT message(s) with status COMPLETED
09:58:32.114 [Test worker] INFO  u.g.d.h.c.message.MessageProcessor - Processing 1 message(s) of type MAKE_PAYMENT
09:58:32.129 [Test worker] ERROR u.g.d.h.claimant.service.CardClient - Exception caught trying to get the card balance at http://localhost:8140/v1/cards/330c4323-3624-4ef9-b73d-aaa855a83d90/balance
09:58:32.130 [Test worker] ERROR u.g.d.h.c.message.MessageProcessor - Failure event caught for message with id f4941b2a-2ce8-467a-9e2e-39480595565a, exception detail: Payment failed for cardAccountId 330c4323-3624-4ef9-b73d-aaa855a83d90, claim 996f3b11-ecc7-4aef-8cef-f8c1285e1104, paymentCycle 7bc151b5-36fe-4e58-bd34-9a1b0e345b02, exception is: Exception caught trying to call card service at: http://localhost:8140/v1/cards/330c4323-3624-4ef9-b73d-aaa855a83d90/balance (at uk.gov.dhsc.htbhf.claimant.service.payments.PaymentService.makePaymentForCycle(PaymentService.java:139)), wraps: Exception caught trying to call card service at: http://localhost:8140/v1/cards/330c4323-3624-4ef9-b73d-aaa855a83d90/balance (at uk.gov.dhsc.htbhf.claimant.service.CardClient.getBalance(CardClient.java:67)), wraps: 500 Server Error (at org.springframework.web.client.HttpServerErrorException.create(HttpServerErrorException.java:79))
uk.gov.dhsc.htbhf.claimant.exception.EventFailedException: Payment failed for cardAccountId 330c4323-3624-4ef9-b73d-aaa855a83d90, claim 996f3b11-ecc7-4aef-8cef-f8c1285e1104, paymentCycle 7bc151b5-36fe-4e58-bd34-9a1b0e345b02, exception is: Exception caught trying to call card service at: http://localhost:8140/v1/cards/330c4323-3624-4ef9-b73d-aaa855a83d90/balance
	at uk.gov.dhsc.htbhf.claimant.service.payments.PaymentService.makePaymentForCycle(PaymentService.java:139)
	at uk.gov.dhsc.htbhf.claimant.message.processor.MakePaymentMessageProcessor.processMessage(MakePaymentMessageProcessor.java:39)
	at uk.gov.dhsc.htbhf.claimant.message.processor.MakePaymentMessageProcessor$$FastClassBySpringCGLIB$$bf47a5f9.invoke(&lt;generated&gt;)
	at org.springframework.cglib.proxy.MethodProxy.invoke(MethodProxy.java:218)
	at org.springframework.aop.framework.CglibAopProxy$CglibMethodInvocation.invokeJoinpoint(CglibAopProxy.java:750)
	at org.springframework.aop.framework.ReflectiveMethodInvocation.proceed(ReflectiveMethodInvocation.java:163)
	at org.springframework.transaction.interceptor.TransactionAspectSupport.invokeWithinTransaction(TransactionAspectSupport.java:295)
	at org.springframework.transaction.interceptor.TransactionInterceptor.invoke(TransactionInterceptor.java:98)
	at org.springframework.aop.framework.ReflectiveMethodInvocation.proceed(ReflectiveMethodInvocation.java:186)
	at org.springframework.aop.framework.CglibAopProxy$DynamicAdvisedInterceptor.intercept(CglibAopProxy.java:689)
	at uk.gov.dhsc.htbhf.claimant.message.processor.MakePaymentMessageProcessor$$EnhancerBySpringCGLIB$$d597ed4a.processMessage(&lt;generated&gt;)
	at uk.gov.dhsc.htbhf.claimant.message.MessageProcessor.invokeMessageTypeProcessor(MessageProcessor.java:80)
	at uk.gov.dhsc.htbhf.claimant.message.MessageProcessor.processMessage(MessageProcessor.java:73)
	at uk.gov.dhsc.htbhf.claimant.message.MessageProcessor.lambda$processMessagesOfType$0(MessageProcessor.java:56)
	at java.base/java.util.stream.ReferencePipeline$3$1.accept(ReferencePipeline.java:195)
	at java.base/java.util.ArrayList$ArrayListSpliterator.forEachRemaining(ArrayList.java:1654)
	at java.base/java.util.stream.AbstractPipeline.copyInto(AbstractPipeline.java:484)
	at java.base/java.util.stream.AbstractPipeline.wrapAndCopyInto(AbstractPipeline.java:474)
	at java.base/java.util.stream.ReduceOps$ReduceOp.evaluateSequential(ReduceOps.java:913)
	at java.base/java.util.stream.AbstractPipeline.evaluate(AbstractPipeline.java:234)
	at java.base/java.util.stream.ReferencePipeline.collect(ReferencePipeline.java:578)
	at uk.gov.dhsc.htbhf.claimant.message.MessageProcessor.processMessagesOfType(MessageProcessor.java:57)
	at uk.gov.dhsc.htbhf.claimant.message.MessageProcessor.processMessagesOfType(MessageProcessor.java:44)
	at uk.gov.dhsc.htbhf.claimant.scheduler.MessageProcessorScheduler.processPaymentMessages(MessageProcessorScheduler.java:91)
	at uk.gov.dhsc.htbhf.claimant.scheduler.MessageProcessorScheduler$$FastClassBySpringCGLIB$$a27d1d6.invoke(&lt;generated&gt;)
	at org.springframework.cglib.proxy.MethodProxy.invoke(MethodProxy.java:218)
	at org.springframework.aop.framework.CglibAopProxy$CglibMethodInvocation.invokeJoinpoint(CglibAopProxy.java:750)
	at org.springframework.aop.framework.ReflectiveMethodInvocation.proceed(ReflectiveMethodInvocation.java:163)
	at org.springframework.aop.aspectj.MethodInvocationProceedingJoinPoint.proceed(MethodInvocationProceedingJoinPoint.java:88)
	at uk.gov.dhsc.htbhf.requestcontext.aop.RequestContextAdvisor.updateRequestContext(RequestContextAdvisor.java:42)
	at java.base/jdk.internal.reflect.NativeMethodAccessorImpl.invoke0(Native Method)
	at java.base/jdk.internal.reflect.NativeMethodAccessorImpl.invoke(NativeMethodAccessorImpl.java:62)
	at java.base/jdk.internal.reflect.DelegatingMethodAccessorImpl.invoke(DelegatingMethodAccessorImpl.java:43)
	at java.base/java.lang.reflect.Method.invoke(Method.java:566)
	at org.springframework.aop.aspectj.AbstractAspectJAdvice.invokeAdviceMethodWithGivenArgs(AbstractAspectJAdvice.java:644)
	at org.springframework.aop.aspectj.AbstractAspectJAdvice.invokeAdviceMethod(AbstractAspectJAdvice.java:633)
	at org.springframework.aop.aspectj.AspectJAroundAdvice.invoke(AspectJAroundAdvice.java:70)
	at org.springframework.aop.framework.ReflectiveMethodInvocation.proceed(ReflectiveMethodInvocation.java:175)
	at org.springframework.aop.interceptor.ExposeInvocationInterceptor.invoke(ExposeInvocationInterceptor.java:93)
	at org.springframework.aop.framework.ReflectiveMethodInvocation.proceed(ReflectiveMethodInvocation.java:186)
	at org.springframework.aop.framework.CglibAopProxy$DynamicAdvisedInterceptor.intercept(CglibAopProxy.java:689)
	at uk.gov.dhsc.htbhf.claimant.scheduler.MessageProcessorScheduler$$EnhancerBySpringCGLIB$$e2dbcefa.processPaymentMessages(&lt;generated&gt;)
	at uk.gov.dhsc.htbhf.claimant.PaymentCycleIntegrationTests.invokeAllSchedulers(PaymentCycleIntegrationTests.java:497)
	at uk.gov.dhsc.htbhf.claimant.PaymentCycleIntegrationTests.shouldRecoverFromErrorsToMakePaymentAndSendEmail(PaymentCycleIntegrationTests.java:219)
	at java.base/jdk.internal.reflect.NativeMethodAccessorImpl.invoke0(Native Method)
	at java.base/jdk.internal.reflect.NativeMethodAccessorImpl.invoke(NativeMethodAccessorImpl.java:62)
	at java.base/jdk.internal.reflect.DelegatingMethodAccessorImpl.invoke(DelegatingMethodAccessorImpl.java:43)
	at java.base/java.lang.reflect.Method.invoke(Method.java:566)
	at org.junit.platform.commons.util.ReflectionUtils.invokeMethod(ReflectionUtils.java:532)
	at org.junit.jupiter.engine.execution.ExecutableInvoker.invoke(ExecutableInvoker.java:115)
	at org.junit.jupiter.engine.descriptor.TestMethodTestDescriptor.lambda$invokeTestMethod$6(TestMethodTestDescriptor.java:171)
	at org.junit.platform.engine.support.hierarchical.ThrowableCollector.execute(ThrowableCollector.java:72)
	at org.junit.jupiter.engine.descriptor.TestMethodTestDescriptor.invokeTestMethod(TestMethodTestDescriptor.java:167)
	at org.junit.jupiter.engine.descriptor.TestMethodTestDescriptor.execute(TestMethodTestDescriptor.java:114)
	at org.junit.jupiter.engine.descriptor.TestMethodTestDescriptor.execute(TestMethodTestDescriptor.java:59)
	at org.junit.platform.engine.support.hierarchical.NodeTestTask.lambda$executeRecursively$4(NodeTestTask.java:108)
	at org.junit.platform.engine.support.hierarchical.ThrowableCollector.execute(ThrowableCollector.java:72)
	at org.junit.platform.engine.support.hierarchical.NodeTestTask.executeRecursively(NodeTestTask.java:98)
	at org.junit.platform.engine.support.hierarchical.NodeTestTask.execute(NodeTestTask.java:74)
	at java.base/java.util.ArrayList.forEach(ArrayList.java:1540)
	at org.junit.platform.engine.support.hierarchical.SameThreadHierarchicalTestExecutorService.invokeAll(SameThreadHierarchicalTestExecutorService.java:38)
	at org.junit.platform.engine.support.hierarchical.NodeTestTask.lambda$executeRecursively$4(NodeTestTask.java:112)
	at org.junit.platform.engine.support.hierarchical.ThrowableCollector.execute(ThrowableCollector.java:72)
	at org.junit.platform.engine.support.hierarchical.NodeTestTask.executeRecursively(NodeTestTask.java:98)
	at org.junit.platform.engine.support.hierarchical.NodeTestTask.execute(NodeTestTask.java:74)
	at java.base/java.util.ArrayList.forEach(ArrayList.java:1540)
	at org.junit.platform.engine.support.hierarchical.SameThreadHierarchicalTestExecutorService.invokeAll(SameThreadHierarchicalTestExecutorService.java:38)
	at org.junit.platform.engine.support.hierarchical.NodeTestTask.lambda$executeRecursively$4(NodeTestTask.java:112)
	at org.junit.platform.engine.support.hierarchical.ThrowableCollector.execute(ThrowableCollector.java:72)
	at org.junit.platform.engine.support.hierarchical.NodeTestTask.executeRecursively(NodeTestTask.java:98)
	at org.junit.platform.engine.support.hierarchical.NodeTestTask.execute(NodeTestTask.java:74)
	at org.junit.platform.engine.support.hierarchical.SameThreadHierarchicalTestExecutorService.submit(SameThreadHierarchicalTestExecutorService.java:32)
	at org.junit.platform.engine.support.hierarchical.HierarchicalTestExecutor.execute(HierarchicalTestExecutor.java:57)
	at org.junit.platform.engine.support.hierarchical.HierarchicalTestEngine.execute(HierarchicalTestEngine.java:51)
	at org.junit.platform.launcher.core.DefaultLauncher.execute(DefaultLauncher.java:220)
	at org.junit.platform.launcher.core.DefaultLauncher.lambda$execute$6(DefaultLauncher.java:188)
	at org.junit.platform.launcher.core.DefaultLauncher.withInterceptedStreams(DefaultLauncher.java:202)
	at org.junit.platform.launcher.core.DefaultLauncher.execute(DefaultLauncher.java:181)
	at org.junit.platform.launcher.core.DefaultLauncher.execute(DefaultLauncher.java:128)
	at org.gradle.api.internal.tasks.testing.junitplatform.JUnitPlatformTestClassProcessor$CollectAllTestClassesExecutor.processAllTestClasses(JUnitPlatformTestClassProcessor.java:102)
	at org.gradle.api.internal.tasks.testing.junitplatform.JUnitPlatformTestClassProcessor$CollectAllTestClassesExecutor.access$000(JUnitPlatformTestClassProcessor.java:82)
	at org.gradle.api.internal.tasks.testing.junitplatform.JUnitPlatformTestClassProcessor.stop(JUnitPlatformTestClassProcessor.java:78)
	at org.gradle.api.internal.tasks.testing.SuiteTestClassProcessor.stop(SuiteTestClassProcessor.java:61)
	at java.base/jdk.internal.reflect.NativeMethodAccessorImpl.invoke0(Native Method)
	at java.base/jdk.internal.reflect.NativeMethodAccessorImpl.invoke(NativeMethodAccessorImpl.java:62)
	at java.base/jdk.internal.reflect.DelegatingMethodAccessorImpl.invoke(DelegatingMethodAccessorImpl.java:43)
	at java.base/java.lang.reflect.Method.invoke(Method.java:566)
	at org.gradle.internal.dispatch.ReflectionDispatch.dispatch(ReflectionDispatch.java:36)
	at org.gradle.internal.dispatch.ReflectionDispatch.dispatch(ReflectionDispatch.java:24)
	at org.gradle.internal.dispatch.ContextClassLoaderDispatch.dispatch(ContextClassLoaderDispatch.java:33)
	at org.gradle.internal.dispatch.ProxyDispatchAdapter$DispatchingInvocationHandler.invoke(ProxyDispatchAdapter.java:94)
	at com.sun.proxy.$Proxy2.stop(Unknown Source)
	at org.gradle.api.internal.tasks.testing.worker.TestWorker.stop(TestWorker.java:132)
	at java.base/jdk.internal.reflect.NativeMethodAccessorImpl.invoke0(Native Method)
	at java.base/jdk.internal.reflect.NativeMethodAccessorImpl.invoke(NativeMethodAccessorImpl.java:62)
	at java.base/jdk.internal.reflect.DelegatingMethodAccessorImpl.invoke(DelegatingMethodAccessorImpl.java:43)
	at java.base/java.lang.reflect.Method.invoke(Method.java:566)
	at org.gradle.internal.dispatch.ReflectionDispatch.dispatch(ReflectionDispatch.java:36)
	at org.gradle.internal.dispatch.ReflectionDispatch.dispatch(ReflectionDispatch.java:24)
	at org.gradle.internal.remote.internal.hub.MessageHubBackedObjectConnection$DispatchWrapper.dispatch(MessageHubBackedObjectConnection.java:182)
	at org.gradle.internal.remote.internal.hub.MessageHubBackedObjectConnection$DispatchWrapper.dispatch(MessageHubBackedObjectConnection.java:164)
	at org.gradle.internal.remote.internal.hub.MessageHub$Handler.run(MessageHub.java:412)
	at org.gradle.internal.concurrent.ExecutorPolicy$CatchAndRecordFailures.onExecute(ExecutorPolicy.java:64)
	at org.gradle.internal.concurrent.ManagedExecutorImpl$1.run(ManagedExecutorImpl.java:48)
	at java.base/java.util.concurrent.ThreadPoolExecutor.runWorker(ThreadPoolExecutor.java:1128)
	at java.base/java.util.concurrent.ThreadPoolExecutor$Worker.run(ThreadPoolExecutor.java:628)
	at org.gradle.internal.concurrent.ThreadFactoryImpl$ManagedThreadRunnable.run(ThreadFactoryImpl.java:56)
	at java.base/java.lang.Thread.run(Thread.java:834)
Caused by: uk.gov.dhsc.htbhf.claimant.exception.CardClientException: Exception caught trying to call card service at: http://localhost:8140/v1/cards/330c4323-3624-4ef9-b73d-aaa855a83d90/balance
	at uk.gov.dhsc.htbhf.claimant.service.CardClient.getBalance(CardClient.java:67)
	at uk.gov.dhsc.htbhf.claimant.service.payments.PaymentService.makePaymentForCycle(PaymentService.java:120)
	... 107 common frames omitted
Caused by: org.springframework.web.client.HttpServerErrorException$InternalServerError: 500 Server Error
	at org.springframework.web.client.HttpServerErrorException.create(HttpServerErrorException.java:79)
	at org.springframework.web.client.DefaultResponseErrorHandler.handleError(DefaultResponseErrorHandler.java:124)
	at org.springframework.web.client.DefaultResponseErrorHandler.handleError(DefaultResponseErrorHandler.java:102)
	at org.springframework.web.client.ResponseErrorHandler.handleError(ResponseErrorHandler.java:63)
	at org.springframework.web.client.RestTemplate.handleResponse(RestTemplate.java:778)
	at org.springframework.web.client.RestTemplate.doExecute(RestTemplate.java:736)
	at org.springframework.web.client.RestTemplate.execute(RestTemplate.java:670)
	at org.springframework.web.client.RestTemplate.getForEntity(RestTemplate.java:338)
	at uk.gov.dhsc.htbhf.claimant.service.CardClient.getBalance(CardClient.java:62)
	... 108 common frames omitted
09:58:32.149 [Test worker] INFO  u.g.d.h.c.message.MessageProcessor - Processed 1 MAKE_PAYMENT message(s) with status ERROR
09:58:32.173 [Test worker] INFO  u.g.d.h.c.message.MessageProcessor - Processing 1 message(s) of type MAKE_PAYMENT
09:58:32.196 [Test worker] ERROR u.g.d.h.claimant.service.CardClient - Exception caught trying to post to http://localhost:8140/v1/cards/330c4323-3624-4ef9-b73d-aaa855a83d90/deposit
09:58:32.198 [Test worker] ERROR u.g.d.h.c.message.MessageProcessor - Failure event caught for message with id f4941b2a-2ce8-467a-9e2e-39480595565a, exception detail: Payment failed for cardAccountId 330c4323-3624-4ef9-b73d-aaa855a83d90, claim 996f3b11-ecc7-4aef-8cef-f8c1285e1104, paymentCycle 7bc151b5-36fe-4e58-bd34-9a1b0e345b02, exception is: Exception caught trying to call card service at: http://localhost:8140/v1/cards/330c4323-3624-4ef9-b73d-aaa855a83d90/deposit (at uk.gov.dhsc.htbhf.claimant.service.payments.PaymentService.makePaymentForCycle(PaymentService.java:139)), wraps: Exception caught trying to call card service at: http://localhost:8140/v1/cards/330c4323-3624-4ef9-b73d-aaa855a83d90/deposit (at uk.gov.dhsc.htbhf.claimant.service.CardClient.depositFundsToCard(CardClient.java:55)), wraps: 500 Server Error (at org.springframework.web.client.HttpServerErrorException.create(HttpServerErrorException.java:79))
uk.gov.dhsc.htbhf.claimant.exception.EventFailedException: Payment failed for cardAccountId 330c4323-3624-4ef9-b73d-aaa855a83d90, claim 996f3b11-ecc7-4aef-8cef-f8c1285e1104, paymentCycle 7bc151b5-36fe-4e58-bd34-9a1b0e345b02, exception is: Exception caught trying to call card service at: http://localhost:8140/v1/cards/330c4323-3624-4ef9-b73d-aaa855a83d90/deposit
	at uk.gov.dhsc.htbhf.claimant.service.payments.PaymentService.makePaymentForCycle(PaymentService.java:139)
	at uk.gov.dhsc.htbhf.claimant.message.processor.MakePaymentMessageProcessor.processMessage(MakePaymentMessageProcessor.java:39)
	at uk.gov.dhsc.htbhf.claimant.message.processor.MakePaymentMessageProcessor$$FastClassBySpringCGLIB$$bf47a5f9.invoke(&lt;generated&gt;)
	at org.springframework.cglib.proxy.MethodProxy.invoke(MethodProxy.java:218)
	at org.springframework.aop.framework.CglibAopProxy$CglibMethodInvocation.invokeJoinpoint(CglibAopProxy.java:750)
	at org.springframework.aop.framework.ReflectiveMethodInvocation.proceed(ReflectiveMethodInvocation.java:163)
	at org.springframework.transaction.interceptor.TransactionAspectSupport.invokeWithinTransaction(TransactionAspectSupport.java:295)
	at org.springframework.transaction.interceptor.TransactionInterceptor.invoke(TransactionInterceptor.java:98)
	at org.springframework.aop.framework.ReflectiveMethodInvocation.proceed(ReflectiveMethodInvocation.java:186)
	at org.springframework.aop.framework.CglibAopProxy$DynamicAdvisedInterceptor.intercept(CglibAopProxy.java:689)
	at uk.gov.dhsc.htbhf.claimant.message.processor.MakePaymentMessageProcessor$$EnhancerBySpringCGLIB$$d597ed4a.processMessage(&lt;generated&gt;)
	at uk.gov.dhsc.htbhf.claimant.message.MessageProcessor.invokeMessageTypeProcessor(MessageProcessor.java:80)
	at uk.gov.dhsc.htbhf.claimant.message.MessageProcessor.processMessage(MessageProcessor.java:73)
	at uk.gov.dhsc.htbhf.claimant.message.MessageProcessor.lambda$processMessagesOfType$0(MessageProcessor.java:56)
	at java.base/java.util.stream.ReferencePipeline$3$1.accept(ReferencePipeline.java:195)
	at java.base/java.util.ArrayList$ArrayListSpliterator.forEachRemaining(ArrayList.java:1654)
	at java.base/java.util.stream.AbstractPipeline.copyInto(AbstractPipeline.java:484)
	at java.base/java.util.stream.AbstractPipeline.wrapAndCopyInto(AbstractPipeline.java:474)
	at java.base/java.util.stream.ReduceOps$ReduceOp.evaluateSequential(ReduceOps.java:913)
	at java.base/java.util.stream.AbstractPipeline.evaluate(AbstractPipeline.java:234)
	at java.base/java.util.stream.ReferencePipeline.collect(ReferencePipeline.java:578)
	at uk.gov.dhsc.htbhf.claimant.message.MessageProcessor.processMessagesOfType(MessageProcessor.java:57)
	at uk.gov.dhsc.htbhf.claimant.message.MessageProcessor.processMessagesOfType(MessageProcessor.java:44)
	at uk.gov.dhsc.htbhf.claimant.scheduler.MessageProcessorScheduler.processPaymentMessages(MessageProcessorScheduler.java:91)
	at uk.gov.dhsc.htbhf.claimant.scheduler.MessageProcessorScheduler$$FastClassBySpringCGLIB$$a27d1d6.invoke(&lt;generated&gt;)
	at org.springframework.cglib.proxy.MethodProxy.invoke(MethodProxy.java:218)
	at org.springframework.aop.framework.CglibAopProxy$CglibMethodInvocation.invokeJoinpoint(CglibAopProxy.java:750)
	at org.springframework.aop.framework.ReflectiveMethodInvocation.proceed(ReflectiveMethodInvocation.java:163)
	at org.springframework.aop.aspectj.MethodInvocationProceedingJoinPoint.proceed(MethodInvocationProceedingJoinPoint.java:88)
	at uk.gov.dhsc.htbhf.requestcontext.aop.RequestContextAdvisor.updateRequestContext(RequestContextAdvisor.java:42)
	at jdk.internal.reflect.GeneratedMethodAccessor308.invoke(Unknown Source)
	at java.base/jdk.internal.reflect.DelegatingMethodAccessorImpl.invoke(DelegatingMethodAccessorImpl.java:43)
	at java.base/java.lang.reflect.Method.invoke(Method.java:566)
	at org.springframework.aop.aspectj.AbstractAspectJAdvice.invokeAdviceMethodWithGivenArgs(AbstractAspectJAdvice.java:644)
	at org.springframework.aop.aspectj.AbstractAspectJAdvice.invokeAdviceMethod(AbstractAspectJAdvice.java:633)
	at org.springframework.aop.aspectj.AspectJAroundAdvice.invoke(AspectJAroundAdvice.java:70)
	at org.springframework.aop.framework.ReflectiveMethodInvocation.proceed(ReflectiveMethodInvocation.java:175)
	at org.springframework.aop.interceptor.ExposeInvocationInterceptor.invoke(ExposeInvocationInterceptor.java:93)
	at org.springframework.aop.framework.ReflectiveMethodInvocation.proceed(ReflectiveMethodInvocation.java:186)
	at org.springframework.aop.framework.CglibAopProxy$DynamicAdvisedInterceptor.intercept(CglibAopProxy.java:689)
	at uk.gov.dhsc.htbhf.claimant.scheduler.MessageProcessorScheduler$$EnhancerBySpringCGLIB$$e2dbcefa.processPaymentMessages(&lt;generated&gt;)
	at uk.gov.dhsc.htbhf.claimant.PaymentCycleIntegrationTests.invokeAllSchedulers(PaymentCycleIntegrationTests.java:497)
	at uk.gov.dhsc.htbhf.claimant.PaymentCycleIntegrationTests.shouldRecoverFromErrorsToMakePaymentAndSendEmail(PaymentCycleIntegrationTests.java:221)
	at java.base/jdk.internal.reflect.NativeMethodAccessorImpl.invoke0(Native Method)
	at java.base/jdk.internal.reflect.NativeMethodAccessorImpl.invoke(NativeMethodAccessorImpl.java:62)
	at java.base/jdk.internal.reflect.DelegatingMethodAccessorImpl.invoke(DelegatingMethodAccessorImpl.java:43)
	at java.base/java.lang.reflect.Method.invoke(Method.java:566)
	at org.junit.platform.commons.util.ReflectionUtils.invokeMethod(ReflectionUtils.java:532)
	at org.junit.jupiter.engine.execution.ExecutableInvoker.invoke(ExecutableInvoker.java:115)
	at org.junit.jupiter.engine.descriptor.TestMethodTestDescriptor.lambda$invokeTestMethod$6(TestMethodTestDescriptor.java:171)
	at org.junit.platform.engine.support.hierarchical.ThrowableCollector.execute(ThrowableCollector.java:72)
	at org.junit.jupiter.engine.descriptor.TestMethodTestDescriptor.invokeTestMethod(TestMethodTestDescriptor.java:167)
	at org.junit.jupiter.engine.descriptor.TestMethodTestDescriptor.execute(TestMethodTestDescriptor.java:114)
	at org.junit.jupiter.engine.descriptor.TestMethodTestDescriptor.execute(TestMethodTestDescriptor.java:59)
	at org.junit.platform.engine.support.hierarchical.NodeTestTask.lambda$executeRecursively$4(NodeTestTask.java:108)
	at org.junit.platform.engine.support.hierarchical.ThrowableCollector.execute(ThrowableCollector.java:72)
	at org.junit.platform.engine.support.hierarchical.NodeTestTask.executeRecursively(NodeTestTask.java:98)
	at org.junit.platform.engine.support.hierarchical.NodeTestTask.execute(NodeTestTask.java:74)
	at java.base/java.util.ArrayList.forEach(ArrayList.java:1540)
	at org.junit.platform.engine.support.hierarchical.SameThreadHierarchicalTestExecutorService.invokeAll(SameThreadHierarchicalTestExecutorService.java:38)
	at org.junit.platform.engine.support.hierarchical.NodeTestTask.lambda$executeRecursively$4(NodeTestTask.java:112)
	at org.junit.platform.engine.support.hierarchical.ThrowableCollector.execute(ThrowableCollector.java:72)
	at org.junit.platform.engine.support.hierarchical.NodeTestTask.executeRecursively(NodeTestTask.java:98)
	at org.junit.platform.engine.support.hierarchical.NodeTestTask.execute(NodeTestTask.java:74)
	at java.base/java.util.ArrayList.forEach(ArrayList.java:1540)
	at org.junit.platform.engine.support.hierarchical.SameThreadHierarchicalTestExecutorService.invokeAll(SameThreadHierarchicalTestExecutorService.java:38)
	at org.junit.platform.engine.support.hierarchical.NodeTestTask.lambda$executeRecursively$4(NodeTestTask.java:112)
	at org.junit.platform.engine.support.hierarchical.ThrowableCollector.execute(ThrowableCollector.java:72)
	at org.junit.platform.engine.support.hierarchical.NodeTestTask.executeRecursively(NodeTestTask.java:98)
	at org.junit.platform.engine.support.hierarchical.NodeTestTask.execute(NodeTestTask.java:74)
	at org.junit.platform.engine.support.hierarchical.SameThreadHierarchicalTestExecutorService.submit(SameThreadHierarchicalTestExecutorService.java:32)
	at org.junit.platform.engine.support.hierarchical.HierarchicalTestExecutor.execute(HierarchicalTestExecutor.java:57)
	at org.junit.platform.engine.support.hierarchical.HierarchicalTestEngine.execute(HierarchicalTestEngine.java:51)
	at org.junit.platform.launcher.core.DefaultLauncher.execute(DefaultLauncher.java:220)
	at org.junit.platform.launcher.core.DefaultLauncher.lambda$execute$6(DefaultLauncher.java:188)
	at org.junit.platform.launcher.core.DefaultLauncher.withInterceptedStreams(DefaultLauncher.java:202)
	at org.junit.platform.launcher.core.DefaultLauncher.execute(DefaultLauncher.java:181)
	at org.junit.platform.launcher.core.DefaultLauncher.execute(DefaultLauncher.java:128)
	at org.gradle.api.internal.tasks.testing.junitplatform.JUnitPlatformTestClassProcessor$CollectAllTestClassesExecutor.processAllTestClasses(JUnitPlatformTestClassProcessor.java:102)
	at org.gradle.api.internal.tasks.testing.junitplatform.JUnitPlatformTestClassProcessor$CollectAllTestClassesExecutor.access$000(JUnitPlatformTestClassProcessor.java:82)
	at org.gradle.api.internal.tasks.testing.junitplatform.JUnitPlatformTestClassProcessor.stop(JUnitPlatformTestClassProcessor.java:78)
	at org.gradle.api.internal.tasks.testing.SuiteTestClassProcessor.stop(SuiteTestClassProcessor.java:61)
	at java.base/jdk.internal.reflect.NativeMethodAccessorImpl.invoke0(Native Method)
	at java.base/jdk.internal.reflect.NativeMethodAccessorImpl.invoke(NativeMethodAccessorImpl.java:62)
	at java.base/jdk.internal.reflect.DelegatingMethodAccessorImpl.invoke(DelegatingMethodAccessorImpl.java:43)
	at java.base/java.lang.reflect.Method.invoke(Method.java:566)
	at org.gradle.internal.dispatch.ReflectionDispatch.dispatch(ReflectionDispatch.java:36)
	at org.gradle.internal.dispatch.ReflectionDispatch.dispatch(ReflectionDispatch.java:24)
	at org.gradle.internal.dispatch.ContextClassLoaderDispatch.dispatch(ContextClassLoaderDispatch.java:33)
	at org.gradle.internal.dispatch.ProxyDispatchAdapter$DispatchingInvocationHandler.invoke(ProxyDispatchAdapter.java:94)
	at com.sun.proxy.$Proxy2.stop(Unknown Source)
	at org.gradle.api.internal.tasks.testing.worker.TestWorker.stop(TestWorker.java:132)
	at java.base/jdk.internal.reflect.NativeMethodAccessorImpl.invoke0(Native Method)
	at java.base/jdk.internal.reflect.NativeMethodAccessorImpl.invoke(NativeMethodAccessorImpl.java:62)
	at java.base/jdk.internal.reflect.DelegatingMethodAccessorImpl.invoke(DelegatingMethodAccessorImpl.java:43)
	at java.base/java.lang.reflect.Method.invoke(Method.java:566)
	at org.gradle.internal.dispatch.ReflectionDispatch.dispatch(ReflectionDispatch.java:36)
	at org.gradle.internal.dispatch.ReflectionDispatch.dispatch(ReflectionDispatch.java:24)
	at org.gradle.internal.remote.internal.hub.MessageHubBackedObjectConnection$DispatchWrapper.dispatch(MessageHubBackedObjectConnection.java:182)
	at org.gradle.internal.remote.internal.hub.MessageHubBackedObjectConnection$DispatchWrapper.dispatch(MessageHubBackedObjectConnection.java:164)
	at org.gradle.internal.remote.internal.hub.MessageHub$Handler.run(MessageHub.java:412)
	at org.gradle.internal.concurrent.ExecutorPolicy$CatchAndRecordFailures.onExecute(ExecutorPolicy.java:64)
	at org.gradle.internal.concurrent.ManagedExecutorImpl$1.run(ManagedExecutorImpl.java:48)
	at java.base/java.util.concurrent.ThreadPoolExecutor.runWorker(ThreadPoolExecutor.java:1128)
	at java.base/java.util.concurrent.ThreadPoolExecutor$Worker.run(ThreadPoolExecutor.java:628)
	at org.gradle.internal.concurrent.ThreadFactoryImpl$ManagedThreadRunnable.run(ThreadFactoryImpl.java:56)
	at java.base/java.lang.Thread.run(Thread.java:834)
Caused by: uk.gov.dhsc.htbhf.claimant.exception.CardClientException: Exception caught trying to call card service at: http://localhost:8140/v1/cards/330c4323-3624-4ef9-b73d-aaa855a83d90/deposit
	at uk.gov.dhsc.htbhf.claimant.service.CardClient.depositFundsToCard(CardClient.java:55)
	at uk.gov.dhsc.htbhf.claimant.service.payments.PaymentService.depositFundsToCard(PaymentService.java:186)
	at uk.gov.dhsc.htbhf.claimant.service.payments.PaymentService.makePaymentForCycle(PaymentService.java:130)
	... 106 common frames omitted
Caused by: org.springframework.web.client.HttpServerErrorException$InternalServerError: 500 Server Error
	at org.springframework.web.client.HttpServerErrorException.create(HttpServerErrorException.java:79)
	at org.springframework.web.client.DefaultResponseErrorHandler.handleError(DefaultResponseErrorHandler.java:124)
	at org.springframework.web.client.DefaultResponseErrorHandler.handleError(DefaultResponseErrorHandler.java:102)
	at org.springframework.web.client.ResponseErrorHandler.handleError(ResponseErrorHandler.java:63)
	at org.springframework.web.client.RestTemplate.handleResponse(RestTemplate.java:778)
	at org.springframework.web.client.RestTemplate.doExecute(RestTemplate.java:736)
	at org.springframework.web.client.RestTemplate.execute(RestTemplate.java:670)
	at org.springframework.web.client.RestTemplate.postForEntity(RestTemplate.java:445)
	at uk.gov.dhsc.htbhf.claimant.service.CardClient.depositFundsToCard(CardClient.java:50)
	... 108 common frames omitted
09:58:32.218 [Test worker] INFO  u.g.d.h.c.message.MessageProcessor - Processed 1 MAKE_PAYMENT message(s) with status ERROR
09:58:32.241 [Test worker] INFO  u.g.d.h.c.message.MessageProcessor - Processing 1 message(s) of type MAKE_PAYMENT
09:58:32.274 [Test worker] INFO  u.g.d.h.c.message.MessageProcessor - Processed 1 MAKE_PAYMENT message(s) with status COMPLETED
09:58:32.279 [Test worker] INFO  u.g.d.h.c.message.MessageProcessor - Processing 1 message(s) of type SEND_EMAIL
09:58:32.286 [Test worker] ERROR u.g.d.h.c.m.p.EmailMessageProcessor - Failed to send email message
uk.gov.service.notify.NotificationClientException: Something went wrong
	at uk.gov.dhsc.htbhf.claimant.message.processor.EmailMessageProcessor.processMessage(EmailMessageProcessor.java:41)
	at uk.gov.dhsc.htbhf.claimant.message.MessageProcessor.invokeMessageTypeProcessor(MessageProcessor.java:80)
	at uk.gov.dhsc.htbhf.claimant.message.MessageProcessor.processMessage(MessageProcessor.java:73)
	at uk.gov.dhsc.htbhf.claimant.message.MessageProcessor.lambda$processMessagesOfType$0(MessageProcessor.java:56)
	at java.base/java.util.stream.ReferencePipeline$3$1.accept(ReferencePipeline.java:195)
	at java.base/java.util.ArrayList$ArrayListSpliterator.forEachRemaining(ArrayList.java:1654)
	at java.base/java.util.stream.AbstractPipeline.copyInto(AbstractPipeline.java:484)
	at java.base/java.util.stream.AbstractPipeline.wrapAndCopyInto(AbstractPipeline.java:474)
	at java.base/java.util.stream.ReduceOps$ReduceOp.evaluateSequential(ReduceOps.java:913)
	at java.base/java.util.stream.AbstractPipeline.evaluate(AbstractPipeline.java:234)
	at java.base/java.util.stream.ReferencePipeline.collect(ReferencePipeline.java:578)
	at uk.gov.dhsc.htbhf.claimant.message.MessageProcessor.processMessagesOfType(MessageProcessor.java:57)
	at uk.gov.dhsc.htbhf.claimant.message.MessageProcessor.processMessagesOfType(MessageProcessor.java:44)
	at uk.gov.dhsc.htbhf.claimant.scheduler.MessageProcessorScheduler.processSendEmailMessages(MessageProcessorScheduler.java:51)
	at uk.gov.dhsc.htbhf.claimant.scheduler.MessageProcessorScheduler$$FastClassBySpringCGLIB$$a27d1d6.invoke(&lt;generated&gt;)
	at org.springframework.cglib.proxy.MethodProxy.invoke(MethodProxy.java:218)
	at org.springframework.aop.framework.CglibAopProxy$CglibMethodInvocation.invokeJoinpoint(CglibAopProxy.java:750)
	at org.springframework.aop.framework.ReflectiveMethodInvocation.proceed(ReflectiveMethodInvocation.java:163)
	at org.springframework.aop.aspectj.MethodInvocationProceedingJoinPoint.proceed(MethodInvocationProceedingJoinPoint.java:88)
	at uk.gov.dhsc.htbhf.requestcontext.aop.RequestContextAdvisor.updateRequestContext(RequestContextAdvisor.java:42)
	at jdk.internal.reflect.GeneratedMethodAccessor308.invoke(Unknown Source)
	at java.base/jdk.internal.reflect.DelegatingMethodAccessorImpl.invoke(DelegatingMethodAccessorImpl.java:43)
	at java.base/java.lang.reflect.Method.invoke(Method.java:566)
	at org.springframework.aop.aspectj.AbstractAspectJAdvice.invokeAdviceMethodWithGivenArgs(AbstractAspectJAdvice.java:644)
	at org.springframework.aop.aspectj.AbstractAspectJAdvice.invokeAdviceMethod(AbstractAspectJAdvice.java:633)
	at org.springframework.aop.aspectj.AspectJAroundAdvice.invoke(AspectJAroundAdvice.java:70)
	at org.springframework.aop.framework.ReflectiveMethodInvocation.proceed(ReflectiveMethodInvocation.java:175)
	at org.springframework.aop.interceptor.ExposeInvocationInterceptor.invoke(ExposeInvocationInterceptor.java:93)
	at org.springframework.aop.framework.ReflectiveMethodInvocation.proceed(ReflectiveMethodInvocation.java:186)
	at org.springframework.aop.framework.CglibAopProxy$DynamicAdvisedInterceptor.intercept(CglibAopProxy.java:689)
	at uk.gov.dhsc.htbhf.claimant.scheduler.MessageProcessorScheduler$$EnhancerBySpringCGLIB$$e2dbcefa.processSendEmailMessages(&lt;generated&gt;)
	at uk.gov.dhsc.htbhf.claimant.PaymentCycleIntegrationTests.invokeAllSchedulers(PaymentCycleIntegrationTests.java:498)
	at uk.gov.dhsc.htbhf.claimant.PaymentCycleIntegrationTests.shouldRecoverFromErrorsToMakePaymentAndSendEmail(PaymentCycleIntegrationTests.java:223)
	at java.base/jdk.internal.reflect.NativeMethodAccessorImpl.invoke0(Native Method)
	at java.base/jdk.internal.reflect.NativeMethodAccessorImpl.invoke(NativeMethodAccessorImpl.java:62)
	at java.base/jdk.internal.reflect.DelegatingMethodAccessorImpl.invoke(DelegatingMethodAccessorImpl.java:43)
	at java.base/java.lang.reflect.Method.invoke(Method.java:566)
	at org.junit.platform.commons.util.ReflectionUtils.invokeMethod(ReflectionUtils.java:532)
	at org.junit.jupiter.engine.execution.ExecutableInvoker.invoke(ExecutableInvoker.java:115)
	at org.junit.jupiter.engine.descriptor.TestMethodTestDescriptor.lambda$invokeTestMethod$6(TestMethodTestDescriptor.java:171)
	at org.junit.platform.engine.support.hierarchical.ThrowableCollector.execute(ThrowableCollector.java:72)
	at org.junit.jupiter.engine.descriptor.TestMethodTestDescriptor.invokeTestMethod(TestMethodTestDescriptor.java:167)
	at org.junit.jupiter.engine.descriptor.TestMethodTestDescriptor.execute(TestMethodTestDescriptor.java:114)
	at org.junit.jupiter.engine.descriptor.TestMethodTestDescriptor.execute(TestMethodTestDescriptor.java:59)
	at org.junit.platform.engine.support.hierarchical.NodeTestTask.lambda$executeRecursively$4(NodeTestTask.java:108)
	at org.junit.platform.engine.support.hierarchical.ThrowableCollector.execute(ThrowableCollector.java:72)
	at org.junit.platform.engine.support.hierarchical.NodeTestTask.executeRecursively(NodeTestTask.java:98)
	at org.junit.platform.engine.support.hierarchical.NodeTestTask.execute(NodeTestTask.java:74)
	at java.base/java.util.ArrayList.forEach(ArrayList.java:1540)
	at org.junit.platform.engine.support.hierarchical.SameThreadHierarchicalTestExecutorService.invokeAll(SameThreadHierarchicalTestExecutorService.java:38)
	at org.junit.platform.engine.support.hierarchical.NodeTestTask.lambda$executeRecursively$4(NodeTestTask.java:112)
	at org.junit.platform.engine.support.hierarchical.ThrowableCollector.execute(ThrowableCollector.java:72)
	at org.junit.platform.engine.support.hierarchical.NodeTestTask.executeRecursively(NodeTestTask.java:98)
	at org.junit.platform.engine.support.hierarchical.NodeTestTask.execute(NodeTestTask.java:74)
	at java.base/java.util.ArrayList.forEach(ArrayList.java:1540)
	at org.junit.platform.engine.support.hierarchical.SameThreadHierarchicalTestExecutorService.invokeAll(SameThreadHierarchicalTestExecutorService.java:38)
	at org.junit.platform.engine.support.hierarchical.NodeTestTask.lambda$executeRecursively$4(NodeTestTask.java:112)
	at org.junit.platform.engine.support.hierarchical.ThrowableCollector.execute(ThrowableCollector.java:72)
	at org.junit.platform.engine.support.hierarchical.NodeTestTask.executeRecursively(NodeTestTask.java:98)
	at org.junit.platform.engine.support.hierarchical.NodeTestTask.execute(NodeTestTask.java:74)
	at org.junit.platform.engine.support.hierarchical.SameThreadHierarchicalTestExecutorService.submit(SameThreadHierarchicalTestExecutorService.java:32)
	at org.junit.platform.engine.support.hierarchical.HierarchicalTestExecutor.execute(HierarchicalTestExecutor.java:57)
	at org.junit.platform.engine.support.hierarchical.HierarchicalTestEngine.execute(HierarchicalTestEngine.java:51)
	at org.junit.platform.launcher.core.DefaultLauncher.execute(DefaultLauncher.java:220)
	at org.junit.platform.launcher.core.DefaultLauncher.lambda$execute$6(DefaultLauncher.java:188)
	at org.junit.platform.launcher.core.DefaultLauncher.withInterceptedStreams(DefaultLauncher.java:202)
	at org.junit.platform.launcher.core.DefaultLauncher.execute(DefaultLauncher.java:181)
	at org.junit.platform.launcher.core.DefaultLauncher.execute(DefaultLauncher.java:128)
	at org.gradle.api.internal.tasks.testing.junitplatform.JUnitPlatformTestClassProcessor$CollectAllTestClassesExecutor.processAllTestClasses(JUnitPlatformTestClassProcessor.java:102)
	at org.gradle.api.internal.tasks.testing.junitplatform.JUnitPlatformTestClassProcessor$CollectAllTestClassesExecutor.access$000(JUnitPlatformTestClassProcessor.java:82)
	at org.gradle.api.internal.tasks.testing.junitplatform.JUnitPlatformTestClassProcessor.stop(JUnitPlatformTestClassProcessor.java:78)
	at org.gradle.api.internal.tasks.testing.SuiteTestClassProcessor.stop(SuiteTestClassProcessor.java:61)
	at java.base/jdk.internal.reflect.NativeMethodAccessorImpl.invoke0(Native Method)
	at java.base/jdk.internal.reflect.NativeMethodAccessorImpl.invoke(NativeMethodAccessorImpl.java:62)
	at java.base/jdk.internal.reflect.DelegatingMethodAccessorImpl.invoke(DelegatingMethodAccessorImpl.java:43)
	at java.base/java.lang.reflect.Method.invoke(Method.java:566)
	at org.gradle.internal.dispatch.ReflectionDispatch.dispatch(ReflectionDispatch.java:36)
	at org.gradle.internal.dispatch.ReflectionDispatch.dispatch(ReflectionDispatch.java:24)
	at org.gradle.internal.dispatch.ContextClassLoaderDispatch.dispatch(ContextClassLoaderDispatch.java:33)
	at org.gradle.internal.dispatch.ProxyDispatchAdapter$DispatchingInvocationHandler.invoke(ProxyDispatchAdapter.java:94)
	at com.sun.proxy.$Proxy2.stop(Unknown Source)
	at org.gradle.api.internal.tasks.testing.worker.TestWorker.stop(TestWorker.java:132)
	at java.base/jdk.internal.reflect.NativeMethodAccessorImpl.invoke0(Native Method)
	at java.base/jdk.internal.reflect.NativeMethodAccessorImpl.invoke(NativeMethodAccessorImpl.java:62)
	at java.base/jdk.internal.reflect.DelegatingMethodAccessorImpl.invoke(DelegatingMethodAccessorImpl.java:43)
	at java.base/java.lang.reflect.Method.invoke(Method.java:566)
	at org.gradle.internal.dispatch.ReflectionDispatch.dispatch(ReflectionDispatch.java:36)
	at org.gradle.internal.dispatch.ReflectionDispatch.dispatch(ReflectionDispatch.java:24)
	at org.gradle.internal.remote.internal.hub.MessageHubBackedObjectConnection$DispatchWrapper.dispatch(MessageHubBackedObjectConnection.java:182)
	at org.gradle.internal.remote.internal.hub.MessageHubBackedObjectConnection$DispatchWrapper.dispatch(MessageHubBackedObjectConnection.java:164)
	at org.gradle.internal.remote.internal.hub.MessageHub$Handler.run(MessageHub.java:412)
	at org.gradle.internal.concurrent.ExecutorPolicy$CatchAndRecordFailures.onExecute(ExecutorPolicy.java:64)
	at org.gradle.internal.concurrent.ManagedExecutorImpl$1.run(ManagedExecutorImpl.java:48)
	at java.base/java.util.concurrent.ThreadPoolExecutor.runWorker(ThreadPoolExecutor.java:1128)
	at java.base/java.util.concurrent.ThreadPoolExecutor$Worker.run(ThreadPoolExecutor.java:628)
	at org.gradle.internal.concurrent.ThreadFactoryImpl$ManagedThreadRunnable.run(ThreadFactoryImpl.java:56)
	at java.base/java.lang.Thread.run(Thread.java:834)
09:58:32.288 [Test worker] ERROR u.g.d.h.c.message.MessageProcessor - Failure event caught for message with id 815525fd-5481-443d-a1a5-a9d49dbb8fc5, exception detail: Failed to send PAYMENT email message, exception is: Something went wrong (at uk.gov.dhsc.htbhf.claimant.message.processor.EmailMessageProcessor.processMessage(EmailMessageProcessor.java:52)), wraps: Something went wrong (at uk.gov.dhsc.htbhf.claimant.message.processor.EmailMessageProcessor.processMessage(EmailMessageProcessor.java:41))
uk.gov.dhsc.htbhf.claimant.exception.EventFailedException: Failed to send PAYMENT email message, exception is: Something went wrong
	at uk.gov.dhsc.htbhf.claimant.message.processor.EmailMessageProcessor.processMessage(EmailMessageProcessor.java:52)
	at uk.gov.dhsc.htbhf.claimant.message.MessageProcessor.invokeMessageTypeProcessor(MessageProcessor.java:80)
	at uk.gov.dhsc.htbhf.claimant.message.MessageProcessor.processMessage(MessageProcessor.java:73)
	at uk.gov.dhsc.htbhf.claimant.message.MessageProcessor.lambda$processMessagesOfType$0(MessageProcessor.java:56)
	at java.base/java.util.stream.ReferencePipeline$3$1.accept(ReferencePipeline.java:195)
	at java.base/java.util.ArrayList$ArrayListSpliterator.forEachRemaining(ArrayList.java:1654)
	at java.base/java.util.stream.AbstractPipeline.copyInto(AbstractPipeline.java:484)
	at java.base/java.util.stream.AbstractPipeline.wrapAndCopyInto(AbstractPipeline.java:474)
	at java.base/java.util.stream.ReduceOps$ReduceOp.evaluateSequential(ReduceOps.java:913)
	at java.base/java.util.stream.AbstractPipeline.evaluate(AbstractPipeline.java:234)
	at java.base/java.util.stream.ReferencePipeline.collect(ReferencePipeline.java:578)
	at uk.gov.dhsc.htbhf.claimant.message.MessageProcessor.processMessagesOfType(MessageProcessor.java:57)
	at uk.gov.dhsc.htbhf.claimant.message.MessageProcessor.processMessagesOfType(MessageProcessor.java:44)
	at uk.gov.dhsc.htbhf.claimant.scheduler.MessageProcessorScheduler.processSendEmailMessages(MessageProcessorScheduler.java:51)
	at uk.gov.dhsc.htbhf.claimant.scheduler.MessageProcessorScheduler$$FastClassBySpringCGLIB$$a27d1d6.invoke(&lt;generated&gt;)
	at org.springframework.cglib.proxy.MethodProxy.invoke(MethodProxy.java:218)
	at org.springframework.aop.framework.CglibAopProxy$CglibMethodInvocation.invokeJoinpoint(CglibAopProxy.java:750)
	at org.springframework.aop.framework.ReflectiveMethodInvocation.proceed(ReflectiveMethodInvocation.java:163)
	at org.springframework.aop.aspectj.MethodInvocationProceedingJoinPoint.proceed(MethodInvocationProceedingJoinPoint.java:88)
	at uk.gov.dhsc.htbhf.requestcontext.aop.RequestContextAdvisor.updateRequestContext(RequestContextAdvisor.java:42)
	at jdk.internal.reflect.GeneratedMethodAccessor308.invoke(Unknown Source)
	at java.base/jdk.internal.reflect.DelegatingMethodAccessorImpl.invoke(DelegatingMethodAccessorImpl.java:43)
	at java.base/java.lang.reflect.Method.invoke(Method.java:566)
	at org.springframework.aop.aspectj.AbstractAspectJAdvice.invokeAdviceMethodWithGivenArgs(AbstractAspectJAdvice.java:644)
	at org.springframework.aop.aspectj.AbstractAspectJAdvice.invokeAdviceMethod(AbstractAspectJAdvice.java:633)
	at org.springframework.aop.aspectj.AspectJAroundAdvice.invoke(AspectJAroundAdvice.java:70)
	at org.springframework.aop.framework.ReflectiveMethodInvocation.proceed(ReflectiveMethodInvocation.java:175)
	at org.springframework.aop.interceptor.ExposeInvocationInterceptor.invoke(ExposeInvocationInterceptor.java:93)
	at org.springframework.aop.framework.ReflectiveMethodInvocation.proceed(ReflectiveMethodInvocation.java:186)
	at org.springframework.aop.framework.CglibAopProxy$DynamicAdvisedInterceptor.intercept(CglibAopProxy.java:689)
	at uk.gov.dhsc.htbhf.claimant.scheduler.MessageProcessorScheduler$$EnhancerBySpringCGLIB$$e2dbcefa.processSendEmailMessages(&lt;generated&gt;)
	at uk.gov.dhsc.htbhf.claimant.PaymentCycleIntegrationTests.invokeAllSchedulers(PaymentCycleIntegrationTests.java:498)
	at uk.gov.dhsc.htbhf.claimant.PaymentCycleIntegrationTests.shouldRecoverFromErrorsToMakePaymentAndSendEmail(PaymentCycleIntegrationTests.java:223)
	at java.base/jdk.internal.reflect.NativeMethodAccessorImpl.invoke0(Native Method)
	at java.base/jdk.internal.reflect.NativeMethodAccessorImpl.invoke(NativeMethodAccessorImpl.java:62)
	at java.base/jdk.internal.reflect.DelegatingMethodAccessorImpl.invoke(DelegatingMethodAccessorImpl.java:43)
	at java.base/java.lang.reflect.Method.invoke(Method.java:566)
	at org.junit.platform.commons.util.ReflectionUtils.invokeMethod(ReflectionUtils.java:532)
	at org.junit.jupiter.engine.execution.ExecutableInvoker.invoke(ExecutableInvoker.java:115)
	at org.junit.jupiter.engine.descriptor.TestMethodTestDescriptor.lambda$invokeTestMethod$6(TestMethodTestDescriptor.java:171)
	at org.junit.platform.engine.support.hierarchical.ThrowableCollector.execute(ThrowableCollector.java:72)
	at org.junit.jupiter.engine.descriptor.TestMethodTestDescriptor.invokeTestMethod(TestMethodTestDescriptor.java:167)
	at org.junit.jupiter.engine.descriptor.TestMethodTestDescriptor.execute(TestMethodTestDescriptor.java:114)
	at org.junit.jupiter.engine.descriptor.TestMethodTestDescriptor.execute(TestMethodTestDescriptor.java:59)
	at org.junit.platform.engine.support.hierarchical.NodeTestTask.lambda$executeRecursively$4(NodeTestTask.java:108)
	at org.junit.platform.engine.support.hierarchical.ThrowableCollector.execute(ThrowableCollector.java:72)
	at org.junit.platform.engine.support.hierarchical.NodeTestTask.executeRecursively(NodeTestTask.java:98)
	at org.junit.platform.engine.support.hierarchical.NodeTestTask.execute(NodeTestTask.java:74)
	at java.base/java.util.ArrayList.forEach(ArrayList.java:1540)
	at org.junit.platform.engine.support.hierarchical.SameThreadHierarchicalTestExecutorService.invokeAll(SameThreadHierarchicalTestExecutorService.java:38)
	at org.junit.platform.engine.support.hierarchical.NodeTestTask.lambda$executeRecursively$4(NodeTestTask.java:112)
	at org.junit.platform.engine.support.hierarchical.ThrowableCollector.execute(ThrowableCollector.java:72)
	at org.junit.platform.engine.support.hierarchical.NodeTestTask.executeRecursively(NodeTestTask.java:98)
	at org.junit.platform.engine.support.hierarchical.NodeTestTask.execute(NodeTestTask.java:74)
	at java.base/java.util.ArrayList.forEach(ArrayList.java:1540)
	at org.junit.platform.engine.support.hierarchical.SameThreadHierarchicalTestExecutorService.invokeAll(SameThreadHierarchicalTestExecutorService.java:38)
	at org.junit.platform.engine.support.hierarchical.NodeTestTask.lambda$executeRecursively$4(NodeTestTask.java:112)
	at org.junit.platform.engine.support.hierarchical.ThrowableCollector.execute(ThrowableCollector.java:72)
	at org.junit.platform.engine.support.hierarchical.NodeTestTask.executeRecursively(NodeTestTask.java:98)
	at org.junit.platform.engine.support.hierarchical.NodeTestTask.execute(NodeTestTask.java:74)
	at org.junit.platform.engine.support.hierarchical.SameThreadHierarchicalTestExecutorService.submit(SameThreadHierarchicalTestExecutorService.java:32)
	at org.junit.platform.engine.support.hierarchical.HierarchicalTestExecutor.execute(HierarchicalTestExecutor.java:57)
	at org.junit.platform.engine.support.hierarchical.HierarchicalTestEngine.execute(HierarchicalTestEngine.java:51)
	at org.junit.platform.launcher.core.DefaultLauncher.execute(DefaultLauncher.java:220)
	at org.junit.platform.launcher.core.DefaultLauncher.lambda$execute$6(DefaultLauncher.java:188)
	at org.junit.platform.launcher.core.DefaultLauncher.withInterceptedStreams(DefaultLauncher.java:202)
	at org.junit.platform.launcher.core.DefaultLauncher.execute(DefaultLauncher.java:181)
	at org.junit.platform.launcher.core.DefaultLauncher.execute(DefaultLauncher.java:128)
	at org.gradle.api.internal.tasks.testing.junitplatform.JUnitPlatformTestClassProcessor$CollectAllTestClassesExecutor.processAllTestClasses(JUnitPlatformTestClassProcessor.java:102)
	at org.gradle.api.internal.tasks.testing.junitplatform.JUnitPlatformTestClassProcessor$CollectAllTestClassesExecutor.access$000(JUnitPlatformTestClassProcessor.java:82)
	at org.gradle.api.internal.tasks.testing.junitplatform.JUnitPlatformTestClassProcessor.stop(JUnitPlatformTestClassProcessor.java:78)
	at org.gradle.api.internal.tasks.testing.SuiteTestClassProcessor.stop(SuiteTestClassProcessor.java:61)
	at java.base/jdk.internal.reflect.NativeMethodAccessorImpl.invoke0(Native Method)
	at java.base/jdk.internal.reflect.NativeMethodAccessorImpl.invoke(NativeMethodAccessorImpl.java:62)
	at java.base/jdk.internal.reflect.DelegatingMethodAccessorImpl.invoke(DelegatingMethodAccessorImpl.java:43)
	at java.base/java.lang.reflect.Method.invoke(Method.java:566)
	at org.gradle.internal.dispatch.ReflectionDispatch.dispatch(ReflectionDispatch.java:36)
	at org.gradle.internal.dispatch.ReflectionDispatch.dispatch(ReflectionDispatch.java:24)
	at org.gradle.internal.dispatch.ContextClassLoaderDispatch.dispatch(ContextClassLoaderDispatch.java:33)
	at org.gradle.internal.dispatch.ProxyDispatchAdapter$DispatchingInvocationHandler.invoke(ProxyDispatchAdapter.java:94)
	at com.sun.proxy.$Proxy2.stop(Unknown Source)
	at org.gradle.api.internal.tasks.testing.worker.TestWorker.stop(TestWorker.java:132)
	at java.base/jdk.internal.reflect.NativeMethodAccessorImpl.invoke0(Native Method)
	at java.base/jdk.internal.reflect.NativeMethodAccessorImpl.invoke(NativeMethodAccessorImpl.java:62)
	at java.base/jdk.internal.reflect.DelegatingMethodAccessorImpl.invoke(DelegatingMethodAccessorImpl.java:43)
	at java.base/java.lang.reflect.Method.invoke(Method.java:566)
	at org.gradle.internal.dispatch.ReflectionDispatch.dispatch(ReflectionDispatch.java:36)
	at org.gradle.internal.dispatch.ReflectionDispatch.dispatch(ReflectionDispatch.java:24)
	at org.gradle.internal.remote.internal.hub.MessageHubBackedObjectConnection$DispatchWrapper.dispatch(MessageHubBackedObjectConnection.java:182)
	at org.gradle.internal.remote.internal.hub.MessageHubBackedObjectConnection$DispatchWrapper.dispatch(MessageHubBackedObjectConnection.java:164)
	at org.gradle.internal.remote.internal.hub.MessageHub$Handler.run(MessageHub.java:412)
	at org.gradle.internal.concurrent.ExecutorPolicy$CatchAndRecordFailures.onExecute(ExecutorPolicy.java:64)
	at org.gradle.internal.concurrent.ManagedExecutorImpl$1.run(ManagedExecutorImpl.java:48)
	at java.base/java.util.concurrent.ThreadPoolExecutor.runWorker(ThreadPoolExecutor.java:1128)
	at java.base/java.util.concurrent.ThreadPoolExecutor$Worker.run(ThreadPoolExecutor.java:628)
	at org.gradle.internal.concurrent.ThreadFactoryImpl$ManagedThreadRunnable.run(ThreadFactoryImpl.java:56)
	at java.base/java.lang.Thread.run(Thread.java:834)
Caused by: uk.gov.service.notify.NotificationClientException: Something went wrong
	at uk.gov.dhsc.htbhf.claimant.message.processor.EmailMessageProcessor.processMessage(EmailMessageProcessor.java:41)
	... 96 common frames omitted
09:58:32.293 [Test worker] INFO  u.g.d.h.c.message.MessageProcessor - Processed 1 SEND_EMAIL message(s) with status ERROR
09:58:32.298 [Test worker] INFO  u.g.d.h.c.message.MessageProcessor - Processing 1 message(s) of type REPORT_PAYMENT
09:58:32.316 [qtp1806553972-156] ERROR WireMock - Request was not matched as there were no stubs registered:
{
  &quot;url&quot; : &quot;/postcodes/AA11AA&quot;,
  &quot;absoluteUrl&quot; : &quot;http://localhost:8120/postcodes/AA11AA&quot;,
  &quot;method&quot; : &quot;GET&quot;,
  &quot;clientIp&quot; : &quot;127.0.0.1&quot;,
  &quot;headers&quot; : {
    &quot;User-Agent&quot; : &quot;Java/11.0.4&quot;,
    &quot;Connection&quot; : &quot;keep-alive&quot;,
    &quot;X-REQUEST-ID&quot; : &quot;&quot;,
    &quot;Host&quot; : &quot;localhost:8120&quot;,
    &quot;Accept&quot; : &quot;application/json, application/*+json&quot;,
    &quot;X-SESSION-ID&quot; : &quot;MessageProcessor:REPORT_PAYMENT&quot;
  },
  &quot;cookies&quot; : { },
  &quot;browserProxyRequest&quot; : false,
  &quot;loggedDate&quot; : 1572429512313,
  &quot;bodyAsBase64&quot; : &quot;&quot;,
  &quot;body&quot; : &quot;&quot;,
  &quot;scheme&quot; : &quot;http&quot;,
  &quot;host&quot; : &quot;localhost&quot;,
  &quot;port&quot; : 8120,
  &quot;loggedDateString&quot; : &quot;2019-10-30T09:58:32Z&quot;,
  &quot;queryParams&quot; : { }
}
09:58:32.319 [Test worker] ERROR u.g.d.h.c.r.PostcodeDataClient - No postcode data found for postcode AA11AA on claim 996f3b11-ecc7-4aef-8cef-f8c1285e1104
09:58:32.350 [qtp685305942-165] ERROR WireMock - Request was not matched as there were no stubs registered:
{
  &quot;url&quot; : &quot;/collect&quot;,
  &quot;absoluteUrl&quot; : &quot;http://localhost:8150/collect&quot;,
  &quot;method&quot; : &quot;POST&quot;,
  &quot;clientIp&quot; : &quot;127.0.0.1&quot;,
  &quot;headers&quot; : {
    &quot;Accept-Charset&quot; : &quot;big5, big5-hkscs, cesu-8, euc-jp, euc-kr, gb18030, gb2312, gbk, ibm-thai, ibm00858, ibm01140, ibm01141, ibm01142, ibm01143, ibm01144, ibm01145, ibm01146, ibm01147, ibm01148, ibm01149, ibm037, ibm1026, ibm1047, ibm273, ibm277, ibm278, ibm280, ibm284, ibm285, ibm290, ibm297, ibm420, ibm424, ibm437, ibm500, ibm775, ibm850, ibm852, ibm855, ibm857, ibm860, ibm861, ibm862, ibm863, ibm864, ibm865, ibm866, ibm868, ibm869, ibm870, ibm871, ibm918, iso-2022-cn, iso-2022-jp, iso-2022-jp-2, iso-2022-kr, iso-8859-1, iso-8859-13, iso-8859-15, iso-8859-16, iso-8859-2, iso-8859-3, iso-8859-4, iso-8859-5, iso-8859-6, iso-8859-7, iso-8859-8, iso-8859-9, jis_x0201, jis_x0212-1990, koi8-r, koi8-u, shift_jis, tis-620, us-ascii, utf-16, utf-16be, utf-16le, utf-32, utf-32be, utf-32le, utf-8, windows-1250, windows-1251, windows-1252, windows-1253, windows-1254, windows-1255, windows-1256, windows-1257, windows-1258, windows-31j, x-big5-hkscs-2001, x-big5-solaris, x-euc-jp-linux, x-euc-tw, x-eucjp-open, x-ibm1006, x-ibm1025, x-ibm1046, x-ibm1097, x-ibm1098, x-ibm1112, x-ibm1122, x-ibm1123, x-ibm1124, x-ibm1129, x-ibm1166, x-ibm1364, x-ibm1381, x-ibm1383, x-ibm29626c, x-ibm300, x-ibm33722, x-ibm737, x-ibm833, x-ibm834, x-ibm856, x-ibm874, x-ibm875, x-ibm921, x-ibm922, x-ibm930, x-ibm933, x-ibm935, x-ibm937, x-ibm939, x-ibm942, x-ibm942c, x-ibm943, x-ibm943c, x-ibm948, x-ibm949, x-ibm949c, x-ibm950, x-ibm964, x-ibm970, x-iscii91, x-iso-2022-cn-cns, x-iso-2022-cn-gb, x-iso-8859-11, x-jis0208, x-jisautodetect, x-johab, x-macarabic, x-maccentraleurope, x-maccroatian, x-maccyrillic, x-macdingbat, x-macgreek, x-machebrew, x-maciceland, x-macroman, x-macromania, x-macsymbol, x-macthai, x-macturkish, x-macukraine, x-ms932_0213, x-ms950-hkscs, x-ms950-hkscs-xp, x-mswin-936, x-pck, x-sjis_0213, x-utf-16le-bom, x-utf-32be-bom, x-utf-32le-bom, x-windows-50220, x-windows-50221, x-windows-874, x-windows-949, x-windows-950, x-windows-iso2022jp&quot;,
    &quot;Accept&quot; : &quot;application/json, application/*+json&quot;,
    &quot;User-Agent&quot; : &quot;Java/11.0.4&quot;,
    &quot;Connection&quot; : &quot;keep-alive&quot;,
    &quot;X-REQUEST-ID&quot; : &quot;&quot;,
    &quot;Host&quot; : &quot;localhost:8150&quot;,
    &quot;X-SESSION-ID&quot; : &quot;MessageProcessor:REPORT_PAYMENT&quot;,
    &quot;Content-Length&quot; : &quot;320&quot;,
    &quot;Content-Type&quot; : &quot;text/plain&quot;
  },
  &quot;cookies&quot; : { },
  &quot;browserProxyRequest&quot; : false,
  &quot;loggedDate&quot; : 1572429512346,
  &quot;bodyAsBase64&quot; : &quot;dD1ldmVudCZ2PTEmdGlkPXRyYWNraW5nLWlkJmVjPVBBWU1FTlQmZWE9U0NIRURVTEVEX1BBWU1FTlQmZXY9NDk2MCZxdD03OSZjaWQ9OTk2ZjNiMTEtZWNjNy00YWVmLThjZWYtZjhjMTI4NWUxMTA0JmNkMT1PTkxJTkUmY2QxMD1OT1RfRk9VTkQmY2QzPVByZWduYW50K3dpdGgrcGFzc3BvcnRlZCtjaGlsZHJlbiZjZDQ9Tk9UX0ZPVU5EJmNkNT1OT1RfRk9VTkQmY2Q2PU5PVF9GT1VORCZjZDc9Tk9UX0ZPVU5EJmNkOD1OT1RfRk9VTkQmY2Q5PU5PVF9GT1VORCZjbTE9MSZjbTI9MSZjbTM9MSZjbTQ9MjQ4MCZjbTU9MTI0MCZjbTY9MTI0MCZjbTc9MzMmY204PTA=&quot;,
  &quot;body&quot; : &quot;t=event&amp;v=1&amp;tid=tracking-id&amp;ec=PAYMENT&amp;ea=SCHEDULED_PAYMENT&amp;ev=4960&amp;qt=79&amp;cid=996f3b11-ecc7-4aef-8cef-f8c1285e1104&amp;cd1=ONLINE&amp;cd10=NOT_FOUND&amp;cd3=Pregnant+with+passported+children&amp;cd4=NOT_FOUND&amp;cd5=NOT_FOUND&amp;cd6=NOT_FOUND&amp;cd7=NOT_FOUND&amp;cd8=NOT_FOUND&amp;cd9=NOT_FOUND&amp;cm1=1&amp;cm2=1&amp;cm3=1&amp;cm4=2480&amp;cm5=1240&amp;cm6=1240&amp;cm7=33&amp;cm8=0&quot;,
  &quot;scheme&quot; : &quot;http&quot;,
  &quot;host&quot; : &quot;localhost&quot;,
  &quot;port&quot; : 8150,
  &quot;loggedDateString&quot; : &quot;2019-10-30T09:58:32Z&quot;,
  &quot;queryParams&quot; : { }
}
09:58:32.352 [Test worker] ERROR u.g.d.h.c.r.GoogleAnalyticsClient - Exception caught trying to post to http://localhost:8150/collect
09:58:32.353 [Test worker] ERROR u.g.d.h.c.message.MessageProcessor - Unable to process message with id 3cbef9b3-d4ec-4a77-b2f1-cf13d613ab64, exception detail: Exception caught trying to call google analytics at: http://localhost:8150/collect (at uk.gov.dhsc.htbhf.claimant.reporting.GoogleAnalyticsClient.reportEvent(GoogleAnalyticsClient.java:57)), wraps: 404 Not Found (at org.springframework.web.client.HttpClientErrorException.create(HttpClientErrorException.java:85))
uk.gov.dhsc.htbhf.claimant.exception.GoogleAnalyticsException: Exception caught trying to call google analytics at: http://localhost:8150/collect
	at uk.gov.dhsc.htbhf.claimant.reporting.GoogleAnalyticsClient.reportEvent(GoogleAnalyticsClient.java:57)
	at uk.gov.dhsc.htbhf.claimant.reporting.MIReporter.reportPayment(MIReporter.java:41)
	at uk.gov.dhsc.htbhf.claimant.message.processor.ReportPaymentMessageProcessor.processMessage(ReportPaymentMessageProcessor.java:26)
	at uk.gov.dhsc.htbhf.claimant.message.MessageProcessor.invokeMessageTypeProcessor(MessageProcessor.java:80)
	at uk.gov.dhsc.htbhf.claimant.message.MessageProcessor.processMessage(MessageProcessor.java:73)
	at uk.gov.dhsc.htbhf.claimant.message.MessageProcessor.lambda$processMessagesOfType$0(MessageProcessor.java:56)
	at java.base/java.util.stream.ReferencePipeline$3$1.accept(ReferencePipeline.java:195)
	at java.base/java.util.ArrayList$ArrayListSpliterator.forEachRemaining(ArrayList.java:1654)
	at java.base/java.util.stream.AbstractPipeline.copyInto(AbstractPipeline.java:484)
	at java.base/java.util.stream.AbstractPipeline.wrapAndCopyInto(AbstractPipeline.java:474)
	at java.base/java.util.stream.ReduceOps$ReduceOp.evaluateSequential(ReduceOps.java:913)
	at java.base/java.util.stream.AbstractPipeline.evaluate(AbstractPipeline.java:234)
	at java.base/java.util.stream.ReferencePipeline.collect(ReferencePipeline.java:578)
	at uk.gov.dhsc.htbhf.claimant.message.MessageProcessor.processMessagesOfType(MessageProcessor.java:57)
	at uk.gov.dhsc.htbhf.claimant.message.MessageProcessor.processMessagesOfType(MessageProcessor.java:44)
	at uk.gov.dhsc.htbhf.claimant.scheduler.MessageProcessorScheduler.processReportPaymentMessages(MessageProcessorScheduler.java:111)
	at uk.gov.dhsc.htbhf.claimant.scheduler.MessageProcessorScheduler$$FastClassBySpringCGLIB$$a27d1d6.invoke(&lt;generated&gt;)
	at org.springframework.cglib.proxy.MethodProxy.invoke(MethodProxy.java:218)
	at org.springframework.aop.framework.CglibAopProxy$CglibMethodInvocation.invokeJoinpoint(CglibAopProxy.java:750)
	at org.springframework.aop.framework.ReflectiveMethodInvocation.proceed(ReflectiveMethodInvocation.java:163)
	at org.springframework.aop.aspectj.MethodInvocationProceedingJoinPoint.proceed(MethodInvocationProceedingJoinPoint.java:88)
	at uk.gov.dhsc.htbhf.requestcontext.aop.RequestContextAdvisor.updateRequestContext(RequestContextAdvisor.java:42)
	at jdk.internal.reflect.GeneratedMethodAccessor308.invoke(Unknown Source)
	at java.base/jdk.internal.reflect.DelegatingMethodAccessorImpl.invoke(DelegatingMethodAccessorImpl.java:43)
	at java.base/java.lang.reflect.Method.invoke(Method.java:566)
	at org.springframework.aop.aspectj.AbstractAspectJAdvice.invokeAdviceMethodWithGivenArgs(AbstractAspectJAdvice.java:644)
	at org.springframework.aop.aspectj.AbstractAspectJAdvice.invokeAdviceMethod(AbstractAspectJAdvice.java:633)
	at org.springframework.aop.aspectj.AspectJAroundAdvice.invoke(AspectJAroundAdvice.java:70)
	at org.springframework.aop.framework.ReflectiveMethodInvocation.proceed(ReflectiveMethodInvocation.java:175)
	at org.springframework.aop.interceptor.ExposeInvocationInterceptor.invoke(ExposeInvocationInterceptor.java:93)
	at org.springframework.aop.framework.ReflectiveMethodInvocation.proceed(ReflectiveMethodInvocation.java:186)
	at org.springframework.aop.framework.CglibAopProxy$DynamicAdvisedInterceptor.intercept(CglibAopProxy.java:689)
	at uk.gov.dhsc.htbhf.claimant.scheduler.MessageProcessorScheduler$$EnhancerBySpringCGLIB$$e2dbcefa.processReportPaymentMessages(&lt;generated&gt;)
	at uk.gov.dhsc.htbhf.claimant.PaymentCycleIntegrationTests.invokeAllSchedulers(PaymentCycleIntegrationTests.java:499)
	at uk.gov.dhsc.htbhf.claimant.PaymentCycleIntegrationTests.shouldRecoverFromErrorsToMakePaymentAndSendEmail(PaymentCycleIntegrationTests.java:223)
	at java.base/jdk.internal.reflect.NativeMethodAccessorImpl.invoke0(Native Method)
	at java.base/jdk.internal.reflect.NativeMethodAccessorImpl.invoke(NativeMethodAccessorImpl.java:62)
	at java.base/jdk.internal.reflect.DelegatingMethodAccessorImpl.invoke(DelegatingMethodAccessorImpl.java:43)
	at java.base/java.lang.reflect.Method.invoke(Method.java:566)
	at org.junit.platform.commons.util.ReflectionUtils.invokeMethod(ReflectionUtils.java:532)
	at org.junit.jupiter.engine.execution.ExecutableInvoker.invoke(ExecutableInvoker.java:115)
	at org.junit.jupiter.engine.descriptor.TestMethodTestDescriptor.lambda$invokeTestMethod$6(TestMethodTestDescriptor.java:171)
	at org.junit.platform.engine.support.hierarchical.ThrowableCollector.execute(ThrowableCollector.java:72)
	at org.junit.jupiter.engine.descriptor.TestMethodTestDescriptor.invokeTestMethod(TestMethodTestDescriptor.java:167)
	at org.junit.jupiter.engine.descriptor.TestMethodTestDescriptor.execute(TestMethodTestDescriptor.java:114)
	at org.junit.jupiter.engine.descriptor.TestMethodTestDescriptor.execute(TestMethodTestDescriptor.java:59)
	at org.junit.platform.engine.support.hierarchical.NodeTestTask.lambda$executeRecursively$4(NodeTestTask.java:108)
	at org.junit.platform.engine.support.hierarchical.ThrowableCollector.execute(ThrowableCollector.java:72)
	at org.junit.platform.engine.support.hierarchical.NodeTestTask.executeRecursively(NodeTestTask.java:98)
	at org.junit.platform.engine.support.hierarchical.NodeTestTask.execute(NodeTestTask.java:74)
	at java.base/java.util.ArrayList.forEach(ArrayList.java:1540)
	at org.junit.platform.engine.support.hierarchical.SameThreadHierarchicalTestExecutorService.invokeAll(SameThreadHierarchicalTestExecutorService.java:38)
	at org.junit.platform.engine.support.hierarchical.NodeTestTask.lambda$executeRecursively$4(NodeTestTask.java:112)
	at org.junit.platform.engine.support.hierarchical.ThrowableCollector.execute(ThrowableCollector.java:72)
	at org.junit.platform.engine.support.hierarchical.NodeTestTask.executeRecursively(NodeTestTask.java:98)
	at org.junit.platform.engine.support.hierarchical.NodeTestTask.execute(NodeTestTask.java:74)
	at java.base/java.util.ArrayList.forEach(ArrayList.java:1540)
	at org.junit.platform.engine.support.hierarchical.SameThreadHierarchicalTestExecutorService.invokeAll(SameThreadHierarchicalTestExecutorService.java:38)
	at org.junit.platform.engine.support.hierarchical.NodeTestTask.lambda$executeRecursively$4(NodeTestTask.java:112)
	at org.junit.platform.engine.support.hierarchical.ThrowableCollector.execute(ThrowableCollector.java:72)
	at org.junit.platform.engine.support.hierarchical.NodeTestTask.executeRecursively(NodeTestTask.java:98)
	at org.junit.platform.engine.support.hierarchical.NodeTestTask.execute(NodeTestTask.java:74)
	at org.junit.platform.engine.support.hierarchical.SameThreadHierarchicalTestExecutorService.submit(SameThreadHierarchicalTestExecutorService.java:32)
	at org.junit.platform.engine.support.hierarchical.HierarchicalTestExecutor.execute(HierarchicalTestExecutor.java:57)
	at org.junit.platform.engine.support.hierarchical.HierarchicalTestEngine.execute(HierarchicalTestEngine.java:51)
	at org.junit.platform.launcher.core.DefaultLauncher.execute(DefaultLauncher.java:220)
	at org.junit.platform.launcher.core.DefaultLauncher.lambda$execute$6(DefaultLauncher.java:188)
	at org.junit.platform.launcher.core.DefaultLauncher.withInterceptedStreams(DefaultLauncher.java:202)
	at org.junit.platform.launcher.core.DefaultLauncher.execute(DefaultLauncher.java:181)
	at org.junit.platform.launcher.core.DefaultLauncher.execute(DefaultLauncher.java:128)
	at org.gradle.api.internal.tasks.testing.junitplatform.JUnitPlatformTestClassProcessor$CollectAllTestClassesExecutor.processAllTestClasses(JUnitPlatformTestClassProcessor.java:102)
	at org.gradle.api.internal.tasks.testing.junitplatform.JUnitPlatformTestClassProcessor$CollectAllTestClassesExecutor.access$000(JUnitPlatformTestClassProcessor.java:82)
	at org.gradle.api.internal.tasks.testing.junitplatform.JUnitPlatformTestClassProcessor.stop(JUnitPlatformTestClassProcessor.java:78)
	at org.gradle.api.internal.tasks.testing.SuiteTestClassProcessor.stop(SuiteTestClassProcessor.java:61)
	at java.base/jdk.internal.reflect.NativeMethodAccessorImpl.invoke0(Native Method)
	at java.base/jdk.internal.reflect.NativeMethodAccessorImpl.invoke(NativeMethodAccessorImpl.java:62)
	at java.base/jdk.internal.reflect.DelegatingMethodAccessorImpl.invoke(DelegatingMethodAccessorImpl.java:43)
	at java.base/java.lang.reflect.Method.invoke(Method.java:566)
	at org.gradle.internal.dispatch.ReflectionDispatch.dispatch(ReflectionDispatch.java:36)
	at org.gradle.internal.dispatch.ReflectionDispatch.dispatch(ReflectionDispatch.java:24)
	at org.gradle.internal.dispatch.ContextClassLoaderDispatch.dispatch(ContextClassLoaderDispatch.java:33)
	at org.gradle.internal.dispatch.ProxyDispatchAdapter$DispatchingInvocationHandler.invoke(ProxyDispatchAdapter.java:94)
	at com.sun.proxy.$Proxy2.stop(Unknown Source)
	at org.gradle.api.internal.tasks.testing.worker.TestWorker.stop(TestWorker.java:132)
	at java.base/jdk.internal.reflect.NativeMethodAccessorImpl.invoke0(Native Method)
	at java.base/jdk.internal.reflect.NativeMethodAccessorImpl.invoke(NativeMethodAccessorImpl.java:62)
	at java.base/jdk.internal.reflect.DelegatingMethodAccessorImpl.invoke(DelegatingMethodAccessorImpl.java:43)
	at java.base/java.lang.reflect.Method.invoke(Method.java:566)
	at org.gradle.internal.dispatch.ReflectionDispatch.dispatch(ReflectionDispatch.java:36)
	at org.gradle.internal.dispatch.ReflectionDispatch.dispatch(ReflectionDispatch.java:24)
	at org.gradle.internal.remote.internal.hub.MessageHubBackedObjectConnection$DispatchWrapper.dispatch(MessageHubBackedObjectConnection.java:182)
	at org.gradle.internal.remote.internal.hub.MessageHubBackedObjectConnection$DispatchWrapper.dispatch(MessageHubBackedObjectConnection.java:164)
	at org.gradle.internal.remote.internal.hub.MessageHub$Handler.run(MessageHub.java:412)
	at org.gradle.internal.concurrent.ExecutorPolicy$CatchAndRecordFailures.onExecute(ExecutorPolicy.java:64)
	at org.gradle.internal.concurrent.ManagedExecutorImpl$1.run(ManagedExecutorImpl.java:48)
	at java.base/java.util.concurrent.ThreadPoolExecutor.runWorker(ThreadPoolExecutor.java:1128)
	at java.base/java.util.concurrent.ThreadPoolExecutor$Worker.run(ThreadPoolExecutor.java:628)
	at org.gradle.internal.concurrent.ThreadFactoryImpl$ManagedThreadRunnable.run(ThreadFactoryImpl.java:56)
	at java.base/java.lang.Thread.run(Thread.java:834)
Caused by: org.springframework.web.client.HttpClientErrorException$NotFound: 404 Not Found
	at org.springframework.web.client.HttpClientErrorException.create(HttpClientErrorException.java:85)
	at org.springframework.web.client.DefaultResponseErrorHandler.handleError(DefaultResponseErrorHandler.java:122)
	at org.springframework.web.client.DefaultResponseErrorHandler.handleError(DefaultResponseErrorHandler.java:102)
	at org.springframework.web.client.ResponseErrorHandler.handleError(ResponseErrorHandler.java:63)
	at org.springframework.web.client.RestTemplate.handleResponse(RestTemplate.java:778)
	at org.springframework.web.client.RestTemplate.doExecute(RestTemplate.java:736)
	at org.springframework.web.client.RestTemplate.exchange(RestTemplate.java:637)
	at uk.gov.dhsc.htbhf.claimant.reporting.GoogleAnalyticsClient.reportEvent(GoogleAnalyticsClient.java:53)
	... 98 common frames omitted
09:58:32.359 [Test worker] INFO  u.g.d.h.c.message.MessageProcessor - Processed 1 REPORT_PAYMENT message(s) with status ERROR
09:58:32.377 [Test worker] INFO  u.g.d.h.c.message.MessageProcessor - Processing 1 message(s) of type SEND_EMAIL
09:58:32.390 [Test worker] INFO  u.g.d.h.c.message.MessageProcessor - Processed 1 SEND_EMAIL message(s) with status COMPLETED
09:58:32.395 [Test worker] INFO  u.g.d.h.c.message.MessageProcessor - Processing 1 message(s) of type REPORT_PAYMENT
09:58:32.416 [qtp685305942-166] ERROR WireMock - Request was not matched as there were no stubs registered:
{
  &quot;url&quot; : &quot;/collect&quot;,
  &quot;absoluteUrl&quot; : &quot;http://localhost:8150/collect&quot;,
  &quot;method&quot; : &quot;POST&quot;,
  &quot;clientIp&quot; : &quot;127.0.0.1&quot;,
  &quot;headers&quot; : {
    &quot;Accept-Charset&quot; : &quot;big5, big5-hkscs, cesu-8, euc-jp, euc-kr, gb18030, gb2312, gbk, ibm-thai, ibm00858, ibm01140, ibm01141, ibm01142, ibm01143, ibm01144, ibm01145, ibm01146, ibm01147, ibm01148, ibm01149, ibm037, ibm1026, ibm1047, ibm273, ibm277, ibm278, ibm280, ibm284, ibm285, ibm290, ibm297, ibm420, ibm424, ibm437, ibm500, ibm775, ibm850, ibm852, ibm855, ibm857, ibm860, ibm861, ibm862, ibm863, ibm864, ibm865, ibm866, ibm868, ibm869, ibm870, ibm871, ibm918, iso-2022-cn, iso-2022-jp, iso-2022-jp-2, iso-2022-kr, iso-8859-1, iso-8859-13, iso-8859-15, iso-8859-16, iso-8859-2, iso-8859-3, iso-8859-4, iso-8859-5, iso-8859-6, iso-8859-7, iso-8859-8, iso-8859-9, jis_x0201, jis_x0212-1990, koi8-r, koi8-u, shift_jis, tis-620, us-ascii, utf-16, utf-16be, utf-16le, utf-32, utf-32be, utf-32le, utf-8, windows-1250, windows-1251, windows-1252, windows-1253, windows-1254, windows-1255, windows-1256, windows-1257, windows-1258, windows-31j, x-big5-hkscs-2001, x-big5-solaris, x-euc-jp-linux, x-euc-tw, x-eucjp-open, x-ibm1006, x-ibm1025, x-ibm1046, x-ibm1097, x-ibm1098, x-ibm1112, x-ibm1122, x-ibm1123, x-ibm1124, x-ibm1129, x-ibm1166, x-ibm1364, x-ibm1381, x-ibm1383, x-ibm29626c, x-ibm300, x-ibm33722, x-ibm737, x-ibm833, x-ibm834, x-ibm856, x-ibm874, x-ibm875, x-ibm921, x-ibm922, x-ibm930, x-ibm933, x-ibm935, x-ibm937, x-ibm939, x-ibm942, x-ibm942c, x-ibm943, x-ibm943c, x-ibm948, x-ibm949, x-ibm949c, x-ibm950, x-ibm964, x-ibm970, x-iscii91, x-iso-2022-cn-cns, x-iso-2022-cn-gb, x-iso-8859-11, x-jis0208, x-jisautodetect, x-johab, x-macarabic, x-maccentraleurope, x-maccroatian, x-maccyrillic, x-macdingbat, x-macgreek, x-machebrew, x-maciceland, x-macroman, x-macromania, x-macsymbol, x-macthai, x-macturkish, x-macukraine, x-ms932_0213, x-ms950-hkscs, x-ms950-hkscs-xp, x-mswin-936, x-pck, x-sjis_0213, x-utf-16le-bom, x-utf-32be-bom, x-utf-32le-bom, x-windows-50220, x-windows-50221, x-windows-874, x-windows-949, x-windows-950, x-windows-iso2022jp&quot;,
    &quot;Accept&quot; : &quot;application/json, application/*+json&quot;,
    &quot;User-Agent&quot; : &quot;Java/11.0.4&quot;,
    &quot;Connection&quot; : &quot;keep-alive&quot;,
    &quot;X-REQUEST-ID&quot; : &quot;&quot;,
    &quot;Host&quot; : &quot;localhost:8150&quot;,
    &quot;X-SESSION-ID&quot; : &quot;MessageProcessor:REPORT_PAYMENT&quot;,
    &quot;Content-Length&quot; : &quot;321&quot;,
    &quot;Content-Type&quot; : &quot;text/plain&quot;
  },
  &quot;cookies&quot; : { },
  &quot;browserProxyRequest&quot; : false,
  &quot;loggedDate&quot; : 1572429512413,
  &quot;bodyAsBase64&quot; : &quot;dD1ldmVudCZ2PTEmdGlkPXRyYWNraW5nLWlkJmVjPVBBWU1FTlQmZWE9U0NIRURVTEVEX1BBWU1FTlQmZXY9NDk2MCZxdD0xNDYmY2lkPTk5NmYzYjExLWVjYzctNGFlZi04Y2VmLWY4YzEyODVlMTEwNCZjZDE9T05MSU5FJmNkMTA9Tk9UX0ZPVU5EJmNkMz1QcmVnbmFudCt3aXRoK3Bhc3Nwb3J0ZWQrY2hpbGRyZW4mY2Q0PU5PVF9GT1VORCZjZDU9Tk9UX0ZPVU5EJmNkNj1OT1RfRk9VTkQmY2Q3PU5PVF9GT1VORCZjZDg9Tk9UX0ZPVU5EJmNkOT1OT1RfRk9VTkQmY20xPTEmY20yPTEmY20zPTEmY200PTI0ODAmY201PTEyNDAmY202PTEyNDAmY203PTMzJmNtOD0w&quot;,
  &quot;body&quot; : &quot;t=event&amp;v=1&amp;tid=tracking-id&amp;ec=PAYMENT&amp;ea=SCHEDULED_PAYMENT&amp;ev=4960&amp;qt=146&amp;cid=996f3b11-ecc7-4aef-8cef-f8c1285e1104&amp;cd1=ONLINE&amp;cd10=NOT_FOUND&amp;cd3=Pregnant+with+passported+children&amp;cd4=NOT_FOUND&amp;cd5=NOT_FOUND&amp;cd6=NOT_FOUND&amp;cd7=NOT_FOUND&amp;cd8=NOT_FOUND&amp;cd9=NOT_FOUND&amp;cm1=1&amp;cm2=1&amp;cm3=1&amp;cm4=2480&amp;cm5=1240&amp;cm6=1240&amp;cm7=33&amp;cm8=0&quot;,
  &quot;scheme&quot; : &quot;http&quot;,
  &quot;host&quot; : &quot;localhost&quot;,
  &quot;port&quot; : 8150,
  &quot;loggedDateString&quot; : &quot;2019-10-30T09:58:32Z&quot;,
  &quot;queryParams&quot; : { }
}
09:58:32.418 [Test worker] ERROR u.g.d.h.c.r.GoogleAnalyticsClient - Exception caught trying to post to http://localhost:8150/collect
09:58:32.419 [Test worker] ERROR u.g.d.h.c.message.MessageProcessor - Unable to process message with id 3cbef9b3-d4ec-4a77-b2f1-cf13d613ab64, exception detail: Exception caught trying to call google analytics at: http://localhost:8150/collect (at uk.gov.dhsc.htbhf.claimant.reporting.GoogleAnalyticsClient.reportEvent(GoogleAnalyticsClient.java:57)), wraps: 404 Not Found (at org.springframework.web.client.HttpClientErrorException.create(HttpClientErrorException.java:85))
uk.gov.dhsc.htbhf.claimant.exception.GoogleAnalyticsException: Exception caught trying to call google analytics at: http://localhost:8150/collect
	at uk.gov.dhsc.htbhf.claimant.reporting.GoogleAnalyticsClient.reportEvent(GoogleAnalyticsClient.java:57)
	at uk.gov.dhsc.htbhf.claimant.reporting.MIReporter.reportPayment(MIReporter.java:41)
	at uk.gov.dhsc.htbhf.claimant.message.processor.ReportPaymentMessageProcessor.processMessage(ReportPaymentMessageProcessor.java:26)
	at uk.gov.dhsc.htbhf.claimant.message.MessageProcessor.invokeMessageTypeProcessor(MessageProcessor.java:80)
	at uk.gov.dhsc.htbhf.claimant.message.MessageProcessor.processMessage(MessageProcessor.java:73)
	at uk.gov.dhsc.htbhf.claimant.message.MessageProcessor.lambda$processMessagesOfType$0(MessageProcessor.java:56)
	at java.base/java.util.stream.ReferencePipeline$3$1.accept(ReferencePipeline.java:195)
	at java.base/java.util.ArrayList$ArrayListSpliterator.forEachRemaining(ArrayList.java:1654)
	at java.base/java.util.stream.AbstractPipeline.copyInto(AbstractPipeline.java:484)
	at java.base/java.util.stream.AbstractPipeline.wrapAndCopyInto(AbstractPipeline.java:474)
	at java.base/java.util.stream.ReduceOps$ReduceOp.evaluateSequential(ReduceOps.java:913)
	at java.base/java.util.stream.AbstractPipeline.evaluate(AbstractPipeline.java:234)
	at java.base/java.util.stream.ReferencePipeline.collect(ReferencePipeline.java:578)
	at uk.gov.dhsc.htbhf.claimant.message.MessageProcessor.processMessagesOfType(MessageProcessor.java:57)
	at uk.gov.dhsc.htbhf.claimant.message.MessageProcessor.processMessagesOfType(MessageProcessor.java:44)
	at uk.gov.dhsc.htbhf.claimant.scheduler.MessageProcessorScheduler.processReportPaymentMessages(MessageProcessorScheduler.java:111)
	at uk.gov.dhsc.htbhf.claimant.scheduler.MessageProcessorScheduler$$FastClassBySpringCGLIB$$a27d1d6.invoke(&lt;generated&gt;)
	at org.springframework.cglib.proxy.MethodProxy.invoke(MethodProxy.java:218)
	at org.springframework.aop.framework.CglibAopProxy$CglibMethodInvocation.invokeJoinpoint(CglibAopProxy.java:750)
	at org.springframework.aop.framework.ReflectiveMethodInvocation.proceed(ReflectiveMethodInvocation.java:163)
	at org.springframework.aop.aspectj.MethodInvocationProceedingJoinPoint.proceed(MethodInvocationProceedingJoinPoint.java:88)
	at uk.gov.dhsc.htbhf.requestcontext.aop.RequestContextAdvisor.updateRequestContext(RequestContextAdvisor.java:42)
	at jdk.internal.reflect.GeneratedMethodAccessor308.invoke(Unknown Source)
	at java.base/jdk.internal.reflect.DelegatingMethodAccessorImpl.invoke(DelegatingMethodAccessorImpl.java:43)
	at java.base/java.lang.reflect.Method.invoke(Method.java:566)
	at org.springframework.aop.aspectj.AbstractAspectJAdvice.invokeAdviceMethodWithGivenArgs(AbstractAspectJAdvice.java:644)
	at org.springframework.aop.aspectj.AbstractAspectJAdvice.invokeAdviceMethod(AbstractAspectJAdvice.java:633)
	at org.springframework.aop.aspectj.AspectJAroundAdvice.invoke(AspectJAroundAdvice.java:70)
	at org.springframework.aop.framework.ReflectiveMethodInvocation.proceed(ReflectiveMethodInvocation.java:175)
	at org.springframework.aop.interceptor.ExposeInvocationInterceptor.invoke(ExposeInvocationInterceptor.java:93)
	at org.springframework.aop.framework.ReflectiveMethodInvocation.proceed(ReflectiveMethodInvocation.java:186)
	at org.springframework.aop.framework.CglibAopProxy$DynamicAdvisedInterceptor.intercept(CglibAopProxy.java:689)
	at uk.gov.dhsc.htbhf.claimant.scheduler.MessageProcessorScheduler$$EnhancerBySpringCGLIB$$e2dbcefa.processReportPaymentMessages(&lt;generated&gt;)
	at uk.gov.dhsc.htbhf.claimant.PaymentCycleIntegrationTests.invokeAllSchedulers(PaymentCycleIntegrationTests.java:499)
	at uk.gov.dhsc.htbhf.claimant.PaymentCycleIntegrationTests.shouldRecoverFromErrorsToMakePaymentAndSendEmail(PaymentCycleIntegrationTests.java:226)
	at java.base/jdk.internal.reflect.NativeMethodAccessorImpl.invoke0(Native Method)
	at java.base/jdk.internal.reflect.NativeMethodAccessorImpl.invoke(NativeMethodAccessorImpl.java:62)
	at java.base/jdk.internal.reflect.DelegatingMethodAccessorImpl.invoke(DelegatingMethodAccessorImpl.java:43)
	at java.base/java.lang.reflect.Method.invoke(Method.java:566)
	at org.junit.platform.commons.util.ReflectionUtils.invokeMethod(ReflectionUtils.java:532)
	at org.junit.jupiter.engine.execution.ExecutableInvoker.invoke(ExecutableInvoker.java:115)
	at org.junit.jupiter.engine.descriptor.TestMethodTestDescriptor.lambda$invokeTestMethod$6(TestMethodTestDescriptor.java:171)
	at org.junit.platform.engine.support.hierarchical.ThrowableCollector.execute(ThrowableCollector.java:72)
	at org.junit.jupiter.engine.descriptor.TestMethodTestDescriptor.invokeTestMethod(TestMethodTestDescriptor.java:167)
	at org.junit.jupiter.engine.descriptor.TestMethodTestDescriptor.execute(TestMethodTestDescriptor.java:114)
	at org.junit.jupiter.engine.descriptor.TestMethodTestDescriptor.execute(TestMethodTestDescriptor.java:59)
	at org.junit.platform.engine.support.hierarchical.NodeTestTask.lambda$executeRecursively$4(NodeTestTask.java:108)
	at org.junit.platform.engine.support.hierarchical.ThrowableCollector.execute(ThrowableCollector.java:72)
	at org.junit.platform.engine.support.hierarchical.NodeTestTask.executeRecursively(NodeTestTask.java:98)
	at org.junit.platform.engine.support.hierarchical.NodeTestTask.execute(NodeTestTask.java:74)
	at java.base/java.util.ArrayList.forEach(ArrayList.java:1540)
	at org.junit.platform.engine.support.hierarchical.SameThreadHierarchicalTestExecutorService.invokeAll(SameThreadHierarchicalTestExecutorService.java:38)
	at org.junit.platform.engine.support.hierarchical.NodeTestTask.lambda$executeRecursively$4(NodeTestTask.java:112)
	at org.junit.platform.engine.support.hierarchical.ThrowableCollector.execute(ThrowableCollector.java:72)
	at org.junit.platform.engine.support.hierarchical.NodeTestTask.executeRecursively(NodeTestTask.java:98)
	at org.junit.platform.engine.support.hierarchical.NodeTestTask.execute(NodeTestTask.java:74)
	at java.base/java.util.ArrayList.forEach(ArrayList.java:1540)
	at org.junit.platform.engine.support.hierarchical.SameThreadHierarchicalTestExecutorService.invokeAll(SameThreadHierarchicalTestExecutorService.java:38)
	at org.junit.platform.engine.support.hierarchical.NodeTestTask.lambda$executeRecursively$4(NodeTestTask.java:112)
	at org.junit.platform.engine.support.hierarchical.ThrowableCollector.execute(ThrowableCollector.java:72)
	at org.junit.platform.engine.support.hierarchical.NodeTestTask.executeRecursively(NodeTestTask.java:98)
	at org.junit.platform.engine.support.hierarchical.NodeTestTask.execute(NodeTestTask.java:74)
	at org.junit.platform.engine.support.hierarchical.SameThreadHierarchicalTestExecutorService.submit(SameThreadHierarchicalTestExecutorService.java:32)
	at org.junit.platform.engine.support.hierarchical.HierarchicalTestExecutor.execute(HierarchicalTestExecutor.java:57)
	at org.junit.platform.engine.support.hierarchical.HierarchicalTestEngine.execute(HierarchicalTestEngine.java:51)
	at org.junit.platform.launcher.core.DefaultLauncher.execute(DefaultLauncher.java:220)
	at org.junit.platform.launcher.core.DefaultLauncher.lambda$execute$6(DefaultLauncher.java:188)
	at org.junit.platform.launcher.core.DefaultLauncher.withInterceptedStreams(DefaultLauncher.java:202)
	at org.junit.platform.launcher.core.DefaultLauncher.execute(DefaultLauncher.java:181)
	at org.junit.platform.launcher.core.DefaultLauncher.execute(DefaultLauncher.java:128)
	at org.gradle.api.internal.tasks.testing.junitplatform.JUnitPlatformTestClassProcessor$CollectAllTestClassesExecutor.processAllTestClasses(JUnitPlatformTestClassProcessor.java:102)
	at org.gradle.api.internal.tasks.testing.junitplatform.JUnitPlatformTestClassProcessor$CollectAllTestClassesExecutor.access$000(JUnitPlatformTestClassProcessor.java:82)
	at org.gradle.api.internal.tasks.testing.junitplatform.JUnitPlatformTestClassProcessor.stop(JUnitPlatformTestClassProcessor.java:78)
	at org.gradle.api.internal.tasks.testing.SuiteTestClassProcessor.stop(SuiteTestClassProcessor.java:61)
	at java.base/jdk.internal.reflect.NativeMethodAccessorImpl.invoke0(Native Method)
	at java.base/jdk.internal.reflect.NativeMethodAccessorImpl.invoke(NativeMethodAccessorImpl.java:62)
	at java.base/jdk.internal.reflect.DelegatingMethodAccessorImpl.invoke(DelegatingMethodAccessorImpl.java:43)
	at java.base/java.lang.reflect.Method.invoke(Method.java:566)
	at org.gradle.internal.dispatch.ReflectionDispatch.dispatch(ReflectionDispatch.java:36)
	at org.gradle.internal.dispatch.ReflectionDispatch.dispatch(ReflectionDispatch.java:24)
	at org.gradle.internal.dispatch.ContextClassLoaderDispatch.dispatch(ContextClassLoaderDispatch.java:33)
	at org.gradle.internal.dispatch.ProxyDispatchAdapter$DispatchingInvocationHandler.invoke(ProxyDispatchAdapter.java:94)
	at com.sun.proxy.$Proxy2.stop(Unknown Source)
	at org.gradle.api.internal.tasks.testing.worker.TestWorker.stop(TestWorker.java:132)
	at java.base/jdk.internal.reflect.NativeMethodAccessorImpl.invoke0(Native Method)
	at java.base/jdk.internal.reflect.NativeMethodAccessorImpl.invoke(NativeMethodAccessorImpl.java:62)
	at java.base/jdk.internal.reflect.DelegatingMethodAccessorImpl.invoke(DelegatingMethodAccessorImpl.java:43)
	at java.base/java.lang.reflect.Method.invoke(Method.java:566)
	at org.gradle.internal.dispatch.ReflectionDispatch.dispatch(ReflectionDispatch.java:36)
	at org.gradle.internal.dispatch.ReflectionDispatch.dispatch(ReflectionDispatch.java:24)
	at org.gradle.internal.remote.internal.hub.MessageHubBackedObjectConnection$DispatchWrapper.dispatch(MessageHubBackedObjectConnection.java:182)
	at org.gradle.internal.remote.internal.hub.MessageHubBackedObjectConnection$DispatchWrapper.dispatch(MessageHubBackedObjectConnection.java:164)
	at org.gradle.internal.remote.internal.hub.MessageHub$Handler.run(MessageHub.java:412)
	at org.gradle.internal.concurrent.ExecutorPolicy$CatchAndRecordFailures.onExecute(ExecutorPolicy.java:64)
	at org.gradle.internal.concurrent.ManagedExecutorImpl$1.run(ManagedExecutorImpl.java:48)
	at java.base/java.util.concurrent.ThreadPoolExecutor.runWorker(ThreadPoolExecutor.java:1128)
	at java.base/java.util.concurrent.ThreadPoolExecutor$Worker.run(ThreadPoolExecutor.java:628)
	at org.gradle.internal.concurrent.ThreadFactoryImpl$ManagedThreadRunnable.run(ThreadFactoryImpl.java:56)
	at java.base/java.lang.Thread.run(Thread.java:834)
Caused by: org.springframework.web.client.HttpClientErrorException$NotFound: 404 Not Found
	at org.springframework.web.client.HttpClientErrorException.create(HttpClientErrorException.java:85)
	at org.springframework.web.client.DefaultResponseErrorHandler.handleError(DefaultResponseErrorHandler.java:122)
	at org.springframework.web.client.DefaultResponseErrorHandler.handleError(DefaultResponseErrorHandler.java:102)
	at org.springframework.web.client.ResponseErrorHandler.handleError(ResponseErrorHandler.java:63)
	at org.springframework.web.client.RestTemplate.handleResponse(RestTemplate.java:778)
	at org.springframework.web.client.RestTemplate.doExecute(RestTemplate.java:736)
	at org.springframework.web.client.RestTemplate.exchange(RestTemplate.java:637)
	at uk.gov.dhsc.htbhf.claimant.reporting.GoogleAnalyticsClient.reportEvent(GoogleAnalyticsClient.java:53)
	... 98 common frames omitted
09:58:32.425 [Test worker] INFO  u.g.d.h.c.message.MessageProcessor - Processed 1 REPORT_PAYMENT message(s) with status ERROR
09:58:32.556 [Test worker] INFO  u.g.d.h.c.message.MessageProcessor - Processing 1 message(s) of type DETERMINE_ENTITLEMENT
09:58:32.599 [Test worker] INFO  u.g.d.h.c.message.MessageProcessor - Processed 1 DETERMINE_ENTITLEMENT message(s) with status COMPLETED
09:58:32.609 [Test worker] INFO  u.g.d.h.c.message.MessageProcessor - Processing 1 message(s) of type SEND_EMAIL
09:58:32.621 [Test worker] INFO  u.g.d.h.c.message.MessageProcessor - Processed 1 SEND_EMAIL message(s) with status COMPLETED
09:58:32.740 [Test worker] INFO  u.g.d.h.c.message.MessageProcessor - Processing 1 message(s) of type DETERMINE_ENTITLEMENT
09:58:32.775 [Test worker] INFO  u.g.d.h.c.message.MessageProcessor - Processed 1 DETERMINE_ENTITLEMENT message(s) with status COMPLETED
09:58:32.784 [Test worker] INFO  u.g.d.h.c.message.MessageProcessor - Processing 1 message(s) of type SEND_EMAIL
09:58:32.795 [Test worker] INFO  u.g.d.h.c.message.MessageProcessor - Processed 1 SEND_EMAIL message(s) with status COMPLETED
09:58:32.897 [Test worker] INFO  u.g.d.h.c.message.MessageProcessor - Processing 1 message(s) of type DETERMINE_ENTITLEMENT
09:58:32.928 [Test worker] INFO  u.g.d.h.c.message.MessageProcessor - Processed 1 DETERMINE_ENTITLEMENT message(s) with status COMPLETED
09:58:32.936 [Test worker] INFO  u.g.d.h.c.message.MessageProcessor - Processing 1 message(s) of type SEND_EMAIL
09:58:32.945 [Test worker] INFO  u.g.d.h.c.message.MessageProcessor - Processed 1 SEND_EMAIL message(s) with status COMPLETED
09:58:33.042 [Test worker] INFO  u.g.d.h.c.message.MessageProcessor - Processing 1 message(s) of type DETERMINE_ENTITLEMENT
09:58:33.074 [Test worker] INFO  u.g.d.h.c.message.MessageProcessor - Processed 1 DETERMINE_ENTITLEMENT message(s) with status COMPLETED
09:58:33.082 [Test worker] INFO  u.g.d.h.c.message.MessageProcessor - Processing 1 message(s) of type SEND_EMAIL
09:58:33.092 [Test worker] INFO  u.g.d.h.c.message.MessageProcessor - Processed 1 SEND_EMAIL message(s) with status COMPLETED
09:58:33.191 [Test worker] INFO  u.g.d.h.c.message.MessageProcessor - Processing 1 message(s) of type DETERMINE_ENTITLEMENT
09:58:33.223 [Test worker] INFO  u.g.d.h.c.message.MessageProcessor - Processed 1 DETERMINE_ENTITLEMENT message(s) with status COMPLETED
09:58:33.232 [Test worker] INFO  u.g.d.h.c.message.MessageProcessor - Processing 1 message(s) of type SEND_EMAIL
09:58:33.242 [Test worker] INFO  u.g.d.h.c.message.MessageProcessor - Processed 1 SEND_EMAIL message(s) with status COMPLETED
09:58:33.338 [Test worker] INFO  u.g.d.h.c.message.MessageProcessor - Processing 1 message(s) of type DETERMINE_ENTITLEMENT
09:58:33.360 [Test worker] INFO  u.g.d.h.c.message.MessageProcessor - Processed 1 DETERMINE_ENTITLEMENT message(s) with status COMPLETED
09:58:33.365 [Test worker] INFO  u.g.d.h.c.message.MessageProcessor - Processing 1 message(s) of type MAKE_PAYMENT
09:58:33.398 [Test worker] INFO  u.g.d.h.c.message.MessageProcessor - Processed 1 MAKE_PAYMENT message(s) with status COMPLETED
09:58:33.403 [Test worker] INFO  u.g.d.h.c.message.MessageProcessor - Processing 2 message(s) of type SEND_EMAIL
09:58:33.422 [Test worker] INFO  u.g.d.h.c.message.MessageProcessor - Processed 2 SEND_EMAIL message(s) with status COMPLETED
09:58:33.426 [Test worker] INFO  u.g.d.h.c.message.MessageProcessor - Processing 1 message(s) of type REPORT_PAYMENT
09:58:33.442 [qtp1370075540-420] ERROR WireMock - Request was not matched as there were no stubs registered:
{
  &quot;url&quot; : &quot;/postcodes/AA11AA&quot;,
  &quot;absoluteUrl&quot; : &quot;http://localhost:8120/postcodes/AA11AA&quot;,
  &quot;method&quot; : &quot;GET&quot;,
  &quot;clientIp&quot; : &quot;127.0.0.1&quot;,
  &quot;headers&quot; : {
    &quot;User-Agent&quot; : &quot;Java/11.0.4&quot;,
    &quot;Connection&quot; : &quot;keep-alive&quot;,
    &quot;X-REQUEST-ID&quot; : &quot;&quot;,
    &quot;Host&quot; : &quot;localhost:8120&quot;,
    &quot;Accept&quot; : &quot;application/json, application/*+json&quot;,
    &quot;X-SESSION-ID&quot; : &quot;MessageProcessor:REPORT_PAYMENT&quot;
  },
  &quot;cookies&quot; : { },
  &quot;browserProxyRequest&quot; : false,
  &quot;loggedDate&quot; : 1572429513439,
  &quot;bodyAsBase64&quot; : &quot;&quot;,
  &quot;body&quot; : &quot;&quot;,
  &quot;scheme&quot; : &quot;http&quot;,
  &quot;host&quot; : &quot;localhost&quot;,
  &quot;port&quot; : 8120,
  &quot;loggedDateString&quot; : &quot;2019-10-30T09:58:33Z&quot;,
  &quot;queryParams&quot; : { }
}
09:58:33.445 [Test worker] ERROR u.g.d.h.c.r.PostcodeDataClient - No postcode data found for postcode AA11AA on claim c69d237d-07ed-4c45-9fee-88d146721a70
09:58:33.472 [qtp1964989310-429] ERROR WireMock - Request was not matched as there were no stubs registered:
{
  &quot;url&quot; : &quot;/collect&quot;,
  &quot;absoluteUrl&quot; : &quot;http://localhost:8150/collect&quot;,
  &quot;method&quot; : &quot;POST&quot;,
  &quot;clientIp&quot; : &quot;127.0.0.1&quot;,
  &quot;headers&quot; : {
    &quot;Accept-Charset&quot; : &quot;big5, big5-hkscs, cesu-8, euc-jp, euc-kr, gb18030, gb2312, gbk, ibm-thai, ibm00858, ibm01140, ibm01141, ibm01142, ibm01143, ibm01144, ibm01145, ibm01146, ibm01147, ibm01148, ibm01149, ibm037, ibm1026, ibm1047, ibm273, ibm277, ibm278, ibm280, ibm284, ibm285, ibm290, ibm297, ibm420, ibm424, ibm437, ibm500, ibm775, ibm850, ibm852, ibm855, ibm857, ibm860, ibm861, ibm862, ibm863, ibm864, ibm865, ibm866, ibm868, ibm869, ibm870, ibm871, ibm918, iso-2022-cn, iso-2022-jp, iso-2022-jp-2, iso-2022-kr, iso-8859-1, iso-8859-13, iso-8859-15, iso-8859-16, iso-8859-2, iso-8859-3, iso-8859-4, iso-8859-5, iso-8859-6, iso-8859-7, iso-8859-8, iso-8859-9, jis_x0201, jis_x0212-1990, koi8-r, koi8-u, shift_jis, tis-620, us-ascii, utf-16, utf-16be, utf-16le, utf-32, utf-32be, utf-32le, utf-8, windows-1250, windows-1251, windows-1252, windows-1253, windows-1254, windows-1255, windows-1256, windows-1257, windows-1258, windows-31j, x-big5-hkscs-2001, x-big5-solaris, x-euc-jp-linux, x-euc-tw, x-eucjp-open, x-ibm1006, x-ibm1025, x-ibm1046, x-ibm1097, x-ibm1098, x-ibm1112, x-ibm1122, x-ibm1123, x-ibm1124, x-ibm1129, x-ibm1166, x-ibm1364, x-ibm1381, x-ibm1383, x-ibm29626c, x-ibm300, x-ibm33722, x-ibm737, x-ibm833, x-ibm834, x-ibm856, x-ibm874, x-ibm875, x-ibm921, x-ibm922, x-ibm930, x-ibm933, x-ibm935, x-ibm937, x-ibm939, x-ibm942, x-ibm942c, x-ibm943, x-ibm943c, x-ibm948, x-ibm949, x-ibm949c, x-ibm950, x-ibm964, x-ibm970, x-iscii91, x-iso-2022-cn-cns, x-iso-2022-cn-gb, x-iso-8859-11, x-jis0208, x-jisautodetect, x-johab, x-macarabic, x-maccentraleurope, x-maccroatian, x-maccyrillic, x-macdingbat, x-macgreek, x-machebrew, x-maciceland, x-macroman, x-macromania, x-macsymbol, x-macthai, x-macturkish, x-macukraine, x-ms932_0213, x-ms950-hkscs, x-ms950-hkscs-xp, x-mswin-936, x-pck, x-sjis_0213, x-utf-16le-bom, x-utf-32be-bom, x-utf-32le-bom, x-windows-50220, x-windows-50221, x-windows-874, x-windows-949, x-windows-950, x-windows-iso2022jp&quot;,
    &quot;Accept&quot; : &quot;application/json, application/*+json&quot;,
    &quot;User-Agent&quot; : &quot;Java/11.0.4&quot;,
    &quot;Connection&quot; : &quot;keep-alive&quot;,
    &quot;X-REQUEST-ID&quot; : &quot;&quot;,
    &quot;Host&quot; : &quot;localhost:8150&quot;,
    &quot;X-SESSION-ID&quot; : &quot;MessageProcessor:REPORT_PAYMENT&quot;,
    &quot;Content-Length&quot; : &quot;318&quot;,
    &quot;Content-Type&quot; : &quot;text/plain&quot;
  },
  &quot;cookies&quot; : { },
  &quot;browserProxyRequest&quot; : false,
  &quot;loggedDate&quot; : 1572429513469,
  &quot;bodyAsBase64&quot; : &quot;dD1ldmVudCZ2PTEmdGlkPXRyYWNraW5nLWlkJmVjPVBBWU1FTlQmZWE9U0NIRURVTEVEX1BBWU1FTlQmZXY9MjQ4MCZxdD03OSZjaWQ9YzY5ZDIzN2QtMDdlZC00YzQ1LTlmZWUtODhkMTQ2NzIxYTcwJmNkMT1PTkxJTkUmY2QxMD1OT1RfRk9VTkQmY2QzPU5vdCtwcmVnbmFudCt3aXRoK3Bhc3Nwb3J0ZWQrY2hpbGRyZW4mY2Q0PU5PVF9GT1VORCZjZDU9Tk9UX0ZPVU5EJmNkNj1OT1RfRk9VTkQmY2Q3PU5PVF9GT1VORCZjZDg9Tk9UX0ZPVU5EJmNkOT1OT1RfRk9VTkQmY20xPTEmY20yPTAmY20zPTAmY200PTI0ODAmY201PTAmY202PTAmY203PTMzJmNtOD0x&quot;,
  &quot;body&quot; : &quot;t=event&amp;v=1&amp;tid=tracking-id&amp;ec=PAYMENT&amp;ea=SCHEDULED_PAYMENT&amp;ev=2480&amp;qt=79&amp;cid=c69d237d-07ed-4c45-9fee-88d146721a70&amp;cd1=ONLINE&amp;cd10=NOT_FOUND&amp;cd3=Not+pregnant+with+passported+children&amp;cd4=NOT_FOUND&amp;cd5=NOT_FOUND&amp;cd6=NOT_FOUND&amp;cd7=NOT_FOUND&amp;cd8=NOT_FOUND&amp;cd9=NOT_FOUND&amp;cm1=1&amp;cm2=0&amp;cm3=0&amp;cm4=2480&amp;cm5=0&amp;cm6=0&amp;cm7=33&amp;cm8=1&quot;,
  &quot;scheme&quot; : &quot;http&quot;,
  &quot;host&quot; : &quot;localhost&quot;,
  &quot;port&quot; : 8150,
  &quot;loggedDateString&quot; : &quot;2019-10-30T09:58:33Z&quot;,
  &quot;queryParams&quot; : { }
}
09:58:33.474 [Test worker] ERROR u.g.d.h.c.r.GoogleAnalyticsClient - Exception caught trying to post to http://localhost:8150/collect
09:58:33.474 [Test worker] ERROR u.g.d.h.c.message.MessageProcessor - Unable to process message with id b97d61b8-1975-4868-afa2-c3f612b2b792, exception detail: Exception caught trying to call google analytics at: http://localhost:8150/collect (at uk.gov.dhsc.htbhf.claimant.reporting.GoogleAnalyticsClient.reportEvent(GoogleAnalyticsClient.java:57)), wraps: 404 Not Found (at org.springframework.web.client.HttpClientErrorException.create(HttpClientErrorException.java:85))
uk.gov.dhsc.htbhf.claimant.exception.GoogleAnalyticsException: Exception caught trying to call google analytics at: http://localhost:8150/collect
	at uk.gov.dhsc.htbhf.claimant.reporting.GoogleAnalyticsClient.reportEvent(GoogleAnalyticsClient.java:57)
	at uk.gov.dhsc.htbhf.claimant.reporting.MIReporter.reportPayment(MIReporter.java:41)
	at uk.gov.dhsc.htbhf.claimant.message.processor.ReportPaymentMessageProcessor.processMessage(ReportPaymentMessageProcessor.java:26)
	at uk.gov.dhsc.htbhf.claimant.message.MessageProcessor.invokeMessageTypeProcessor(MessageProcessor.java:80)
	at uk.gov.dhsc.htbhf.claimant.message.MessageProcessor.processMessage(MessageProcessor.java:73)
	at uk.gov.dhsc.htbhf.claimant.message.MessageProcessor.lambda$processMessagesOfType$0(MessageProcessor.java:56)
	at java.base/java.util.stream.ReferencePipeline$3$1.accept(ReferencePipeline.java:195)
	at java.base/java.util.ArrayList$ArrayListSpliterator.forEachRemaining(ArrayList.java:1654)
	at java.base/java.util.stream.AbstractPipeline.copyInto(AbstractPipeline.java:484)
	at java.base/java.util.stream.AbstractPipeline.wrapAndCopyInto(AbstractPipeline.java:474)
	at java.base/java.util.stream.ReduceOps$ReduceOp.evaluateSequential(ReduceOps.java:913)
	at java.base/java.util.stream.AbstractPipeline.evaluate(AbstractPipeline.java:234)
	at java.base/java.util.stream.ReferencePipeline.collect(ReferencePipeline.java:578)
	at uk.gov.dhsc.htbhf.claimant.message.MessageProcessor.processMessagesOfType(MessageProcessor.java:57)
	at uk.gov.dhsc.htbhf.claimant.message.MessageProcessor.processMessagesOfType(MessageProcessor.java:44)
	at uk.gov.dhsc.htbhf.claimant.scheduler.MessageProcessorScheduler.processReportPaymentMessages(MessageProcessorScheduler.java:111)
	at uk.gov.dhsc.htbhf.claimant.scheduler.MessageProcessorScheduler$$FastClassBySpringCGLIB$$a27d1d6.invoke(&lt;generated&gt;)
	at org.springframework.cglib.proxy.MethodProxy.invoke(MethodProxy.java:218)
	at org.springframework.aop.framework.CglibAopProxy$CglibMethodInvocation.invokeJoinpoint(CglibAopProxy.java:750)
	at org.springframework.aop.framework.ReflectiveMethodInvocation.proceed(ReflectiveMethodInvocation.java:163)
	at org.springframework.aop.aspectj.MethodInvocationProceedingJoinPoint.proceed(MethodInvocationProceedingJoinPoint.java:88)
	at uk.gov.dhsc.htbhf.requestcontext.aop.RequestContextAdvisor.updateRequestContext(RequestContextAdvisor.java:42)
	at jdk.internal.reflect.GeneratedMethodAccessor308.invoke(Unknown Source)
	at java.base/jdk.internal.reflect.DelegatingMethodAccessorImpl.invoke(DelegatingMethodAccessorImpl.java:43)
	at java.base/java.lang.reflect.Method.invoke(Method.java:566)
	at org.springframework.aop.aspectj.AbstractAspectJAdvice.invokeAdviceMethodWithGivenArgs(AbstractAspectJAdvice.java:644)
	at org.springframework.aop.aspectj.AbstractAspectJAdvice.invokeAdviceMethod(AbstractAspectJAdvice.java:633)
	at org.springframework.aop.aspectj.AspectJAroundAdvice.invoke(AspectJAroundAdvice.java:70)
	at org.springframework.aop.framework.ReflectiveMethodInvocation.proceed(ReflectiveMethodInvocation.java:175)
	at org.springframework.aop.interceptor.ExposeInvocationInterceptor.invoke(ExposeInvocationInterceptor.java:93)
	at org.springframework.aop.framework.ReflectiveMethodInvocation.proceed(ReflectiveMethodInvocation.java:186)
	at org.springframework.aop.framework.CglibAopProxy$DynamicAdvisedInterceptor.intercept(CglibAopProxy.java:689)
	at uk.gov.dhsc.htbhf.claimant.scheduler.MessageProcessorScheduler$$EnhancerBySpringCGLIB$$e2dbcefa.processReportPaymentMessages(&lt;generated&gt;)
	at uk.gov.dhsc.htbhf.claimant.PaymentCycleIntegrationTests.invokeAllSchedulers(PaymentCycleIntegrationTests.java:499)
	at uk.gov.dhsc.htbhf.claimant.PaymentCycleIntegrationTests.shouldSendEmailsWhenChildTurnsOneOnFirstDayOfNextPaymentCycle(PaymentCycleIntegrationTests.java:164)
	at java.base/jdk.internal.reflect.NativeMethodAccessorImpl.invoke0(Native Method)
	at java.base/jdk.internal.reflect.NativeMethodAccessorImpl.invoke(NativeMethodAccessorImpl.java:62)
	at java.base/jdk.internal.reflect.DelegatingMethodAccessorImpl.invoke(DelegatingMethodAccessorImpl.java:43)
	at java.base/java.lang.reflect.Method.invoke(Method.java:566)
	at org.junit.platform.commons.util.ReflectionUtils.invokeMethod(ReflectionUtils.java:532)
	at org.junit.jupiter.engine.execution.ExecutableInvoker.invoke(ExecutableInvoker.java:115)
	at org.junit.jupiter.engine.descriptor.TestMethodTestDescriptor.lambda$invokeTestMethod$6(TestMethodTestDescriptor.java:171)
	at org.junit.platform.engine.support.hierarchical.ThrowableCollector.execute(ThrowableCollector.java:72)
	at org.junit.jupiter.engine.descriptor.TestMethodTestDescriptor.invokeTestMethod(TestMethodTestDescriptor.java:167)
	at org.junit.jupiter.engine.descriptor.TestMethodTestDescriptor.execute(TestMethodTestDescriptor.java:114)
	at org.junit.jupiter.engine.descriptor.TestMethodTestDescriptor.execute(TestMethodTestDescriptor.java:59)
	at org.junit.platform.engine.support.hierarchical.NodeTestTask.lambda$executeRecursively$4(NodeTestTask.java:108)
	at org.junit.platform.engine.support.hierarchical.ThrowableCollector.execute(ThrowableCollector.java:72)
	at org.junit.platform.engine.support.hierarchical.NodeTestTask.executeRecursively(NodeTestTask.java:98)
	at org.junit.platform.engine.support.hierarchical.NodeTestTask.execute(NodeTestTask.java:74)
	at java.base/java.util.ArrayList.forEach(ArrayList.java:1540)
	at org.junit.platform.engine.support.hierarchical.SameThreadHierarchicalTestExecutorService.invokeAll(SameThreadHierarchicalTestExecutorService.java:38)
	at org.junit.platform.engine.support.hierarchical.NodeTestTask.lambda$executeRecursively$4(NodeTestTask.java:112)
	at org.junit.platform.engine.support.hierarchical.ThrowableCollector.execute(ThrowableCollector.java:72)
	at org.junit.platform.engine.support.hierarchical.NodeTestTask.executeRecursively(NodeTestTask.java:98)
	at org.junit.platform.engine.support.hierarchical.NodeTestTask.execute(NodeTestTask.java:74)
	at java.base/java.util.ArrayList.forEach(ArrayList.java:1540)
	at org.junit.platform.engine.support.hierarchical.SameThreadHierarchicalTestExecutorService.invokeAll(SameThreadHierarchicalTestExecutorService.java:38)
	at org.junit.platform.engine.support.hierarchical.NodeTestTask.lambda$executeRecursively$4(NodeTestTask.java:112)
	at org.junit.platform.engine.support.hierarchical.ThrowableCollector.execute(ThrowableCollector.java:72)
	at org.junit.platform.engine.support.hierarchical.NodeTestTask.executeRecursively(NodeTestTask.java:98)
	at org.junit.platform.engine.support.hierarchical.NodeTestTask.execute(NodeTestTask.java:74)
	at org.junit.platform.engine.support.hierarchical.SameThreadHierarchicalTestExecutorService.submit(SameThreadHierarchicalTestExecutorService.java:32)
	at org.junit.platform.engine.support.hierarchical.HierarchicalTestExecutor.execute(HierarchicalTestExecutor.java:57)
	at org.junit.platform.engine.support.hierarchical.HierarchicalTestEngine.execute(HierarchicalTestEngine.java:51)
	at org.junit.platform.launcher.core.DefaultLauncher.execute(DefaultLauncher.java:220)
	at org.junit.platform.launcher.core.DefaultLauncher.lambda$execute$6(DefaultLauncher.java:188)
	at org.junit.platform.launcher.core.DefaultLauncher.withInterceptedStreams(DefaultLauncher.java:202)
	at org.junit.platform.launcher.core.DefaultLauncher.execute(DefaultLauncher.java:181)
	at org.junit.platform.launcher.core.DefaultLauncher.execute(DefaultLauncher.java:128)
	at org.gradle.api.internal.tasks.testing.junitplatform.JUnitPlatformTestClassProcessor$CollectAllTestClassesExecutor.processAllTestClasses(JUnitPlatformTestClassProcessor.java:102)
	at org.gradle.api.internal.tasks.testing.junitplatform.JUnitPlatformTestClassProcessor$CollectAllTestClassesExecutor.access$000(JUnitPlatformTestClassProcessor.java:82)
	at org.gradle.api.internal.tasks.testing.junitplatform.JUnitPlatformTestClassProcessor.stop(JUnitPlatformTestClassProcessor.java:78)
	at org.gradle.api.internal.tasks.testing.SuiteTestClassProcessor.stop(SuiteTestClassProcessor.java:61)
	at java.base/jdk.internal.reflect.NativeMethodAccessorImpl.invoke0(Native Method)
	at java.base/jdk.internal.reflect.NativeMethodAccessorImpl.invoke(NativeMethodAccessorImpl.java:62)
	at java.base/jdk.internal.reflect.DelegatingMethodAccessorImpl.invoke(DelegatingMethodAccessorImpl.java:43)
	at java.base/java.lang.reflect.Method.invoke(Method.java:566)
	at org.gradle.internal.dispatch.ReflectionDispatch.dispatch(ReflectionDispatch.java:36)
	at org.gradle.internal.dispatch.ReflectionDispatch.dispatch(ReflectionDispatch.java:24)
	at org.gradle.internal.dispatch.ContextClassLoaderDispatch.dispatch(ContextClassLoaderDispatch.java:33)
	at org.gradle.internal.dispatch.ProxyDispatchAdapter$DispatchingInvocationHandler.invoke(ProxyDispatchAdapter.java:94)
	at com.sun.proxy.$Proxy2.stop(Unknown Source)
	at org.gradle.api.internal.tasks.testing.worker.TestWorker.stop(TestWorker.java:132)
	at java.base/jdk.internal.reflect.NativeMethodAccessorImpl.invoke0(Native Method)
	at java.base/jdk.internal.reflect.NativeMethodAccessorImpl.invoke(NativeMethodAccessorImpl.java:62)
	at java.base/jdk.internal.reflect.DelegatingMethodAccessorImpl.invoke(DelegatingMethodAccessorImpl.java:43)
	at java.base/java.lang.reflect.Method.invoke(Method.java:566)
	at org.gradle.internal.dispatch.ReflectionDispatch.dispatch(ReflectionDispatch.java:36)
	at org.gradle.internal.dispatch.ReflectionDispatch.dispatch(ReflectionDispatch.java:24)
	at org.gradle.internal.remote.internal.hub.MessageHubBackedObjectConnection$DispatchWrapper.dispatch(MessageHubBackedObjectConnection.java:182)
	at org.gradle.internal.remote.internal.hub.MessageHubBackedObjectConnection$DispatchWrapper.dispatch(MessageHubBackedObjectConnection.java:164)
	at org.gradle.internal.remote.internal.hub.MessageHub$Handler.run(MessageHub.java:412)
	at org.gradle.internal.concurrent.ExecutorPolicy$CatchAndRecordFailures.onExecute(ExecutorPolicy.java:64)
	at org.gradle.internal.concurrent.ManagedExecutorImpl$1.run(ManagedExecutorImpl.java:48)
	at java.base/java.util.concurrent.ThreadPoolExecutor.runWorker(ThreadPoolExecutor.java:1128)
	at java.base/java.util.concurrent.ThreadPoolExecutor$Worker.run(ThreadPoolExecutor.java:628)
	at org.gradle.internal.concurrent.ThreadFactoryImpl$ManagedThreadRunnable.run(ThreadFactoryImpl.java:56)
	at java.base/java.lang.Thread.run(Thread.java:834)
Caused by: org.springframework.web.client.HttpClientErrorException$NotFound: 404 Not Found
	at org.springframework.web.client.HttpClientErrorException.create(HttpClientErrorException.java:85)
	at org.springframework.web.client.DefaultResponseErrorHandler.handleError(DefaultResponseErrorHandler.java:122)
	at org.springframework.web.client.DefaultResponseErrorHandler.handleError(DefaultResponseErrorHandler.java:102)
	at org.springframework.web.client.ResponseErrorHandler.handleError(ResponseErrorHandler.java:63)
	at org.springframework.web.client.RestTemplate.handleResponse(RestTemplate.java:778)
	at org.springframework.web.client.RestTemplate.doExecute(RestTemplate.java:736)
	at org.springframework.web.client.RestTemplate.exchange(RestTemplate.java:637)
	at uk.gov.dhsc.htbhf.claimant.reporting.GoogleAnalyticsClient.reportEvent(GoogleAnalyticsClient.java:53)
	... 98 common frames omitted
09:58:33.480 [Test worker] INFO  u.g.d.h.c.message.MessageProcessor - Processed 1 REPORT_PAYMENT message(s) with status ERROR
09:58:33.581 [Test worker] INFO  u.g.d.h.c.message.MessageProcessor - Processing 1 message(s) of type DETERMINE_ENTITLEMENT
09:58:33.608 [Test worker] INFO  u.g.d.h.c.message.MessageProcessor - Processed 1 DETERMINE_ENTITLEMENT message(s) with status COMPLETED
09:58:33.612 [Test worker] INFO  u.g.d.h.c.message.MessageProcessor - Processing 1 message(s) of type MAKE_PAYMENT
09:58:33.642 [Test worker] INFO  u.g.d.h.c.message.MessageProcessor - Processed 1 MAKE_PAYMENT message(s) with status COMPLETED
09:58:33.647 [Test worker] INFO  u.g.d.h.c.message.MessageProcessor - Processing 1 message(s) of type SEND_EMAIL
09:58:33.656 [Test worker] INFO  u.g.d.h.c.message.MessageProcessor - Processed 1 SEND_EMAIL message(s) with status COMPLETED
09:58:33.660 [Test worker] INFO  u.g.d.h.c.message.MessageProcessor - Processing 1 message(s) of type REPORT_PAYMENT
09:58:33.676 [qtp1434381215-467] ERROR WireMock - Request was not matched as there were no stubs registered:
{
  &quot;url&quot; : &quot;/postcodes/AA11AA&quot;,
  &quot;absoluteUrl&quot; : &quot;http://localhost:8120/postcodes/AA11AA&quot;,
  &quot;method&quot; : &quot;GET&quot;,
  &quot;clientIp&quot; : &quot;127.0.0.1&quot;,
  &quot;headers&quot; : {
    &quot;User-Agent&quot; : &quot;Java/11.0.4&quot;,
    &quot;Connection&quot; : &quot;keep-alive&quot;,
    &quot;X-REQUEST-ID&quot; : &quot;&quot;,
    &quot;Host&quot; : &quot;localhost:8120&quot;,
    &quot;Accept&quot; : &quot;application/json, application/*+json&quot;,
    &quot;X-SESSION-ID&quot; : &quot;MessageProcessor:REPORT_PAYMENT&quot;
  },
  &quot;cookies&quot; : { },
  &quot;browserProxyRequest&quot; : false,
  &quot;loggedDate&quot; : 1572429513673,
  &quot;bodyAsBase64&quot; : &quot;&quot;,
  &quot;body&quot; : &quot;&quot;,
  &quot;scheme&quot; : &quot;http&quot;,
  &quot;host&quot; : &quot;localhost&quot;,
  &quot;port&quot; : 8120,
  &quot;loggedDateString&quot; : &quot;2019-10-30T09:58:33Z&quot;,
  &quot;queryParams&quot; : { }
}
09:58:33.678 [Test worker] ERROR u.g.d.h.c.r.PostcodeDataClient - No postcode data found for postcode AA11AA on claim 5a2e6277-48a8-4b5d-a79e-ae63d55d2deb
09:58:33.703 [qtp61348906-476] ERROR WireMock - Request was not matched as there were no stubs registered:
{
  &quot;url&quot; : &quot;/collect&quot;,
  &quot;absoluteUrl&quot; : &quot;http://localhost:8150/collect&quot;,
  &quot;method&quot; : &quot;POST&quot;,
  &quot;clientIp&quot; : &quot;127.0.0.1&quot;,
  &quot;headers&quot; : {
    &quot;Accept-Charset&quot; : &quot;big5, big5-hkscs, cesu-8, euc-jp, euc-kr, gb18030, gb2312, gbk, ibm-thai, ibm00858, ibm01140, ibm01141, ibm01142, ibm01143, ibm01144, ibm01145, ibm01146, ibm01147, ibm01148, ibm01149, ibm037, ibm1026, ibm1047, ibm273, ibm277, ibm278, ibm280, ibm284, ibm285, ibm290, ibm297, ibm420, ibm424, ibm437, ibm500, ibm775, ibm850, ibm852, ibm855, ibm857, ibm860, ibm861, ibm862, ibm863, ibm864, ibm865, ibm866, ibm868, ibm869, ibm870, ibm871, ibm918, iso-2022-cn, iso-2022-jp, iso-2022-jp-2, iso-2022-kr, iso-8859-1, iso-8859-13, iso-8859-15, iso-8859-16, iso-8859-2, iso-8859-3, iso-8859-4, iso-8859-5, iso-8859-6, iso-8859-7, iso-8859-8, iso-8859-9, jis_x0201, jis_x0212-1990, koi8-r, koi8-u, shift_jis, tis-620, us-ascii, utf-16, utf-16be, utf-16le, utf-32, utf-32be, utf-32le, utf-8, windows-1250, windows-1251, windows-1252, windows-1253, windows-1254, windows-1255, windows-1256, windows-1257, windows-1258, windows-31j, x-big5-hkscs-2001, x-big5-solaris, x-euc-jp-linux, x-euc-tw, x-eucjp-open, x-ibm1006, x-ibm1025, x-ibm1046, x-ibm1097, x-ibm1098, x-ibm1112, x-ibm1122, x-ibm1123, x-ibm1124, x-ibm1129, x-ibm1166, x-ibm1364, x-ibm1381, x-ibm1383, x-ibm29626c, x-ibm300, x-ibm33722, x-ibm737, x-ibm833, x-ibm834, x-ibm856, x-ibm874, x-ibm875, x-ibm921, x-ibm922, x-ibm930, x-ibm933, x-ibm935, x-ibm937, x-ibm939, x-ibm942, x-ibm942c, x-ibm943, x-ibm943c, x-ibm948, x-ibm949, x-ibm949c, x-ibm950, x-ibm964, x-ibm970, x-iscii91, x-iso-2022-cn-cns, x-iso-2022-cn-gb, x-iso-8859-11, x-jis0208, x-jisautodetect, x-johab, x-macarabic, x-maccentraleurope, x-maccroatian, x-maccyrillic, x-macdingbat, x-macgreek, x-machebrew, x-maciceland, x-macroman, x-macromania, x-macsymbol, x-macthai, x-macturkish, x-macukraine, x-ms932_0213, x-ms950-hkscs, x-ms950-hkscs-xp, x-mswin-936, x-pck, x-sjis_0213, x-utf-16le-bom, x-utf-32be-bom, x-utf-32le-bom, x-windows-50220, x-windows-50221, x-windows-874, x-windows-949, x-windows-950, x-windows-iso2022jp&quot;,
    &quot;Accept&quot; : &quot;application/json, application/*+json&quot;,
    &quot;User-Agent&quot; : &quot;Java/11.0.4&quot;,
    &quot;Connection&quot; : &quot;keep-alive&quot;,
    &quot;X-REQUEST-ID&quot; : &quot;&quot;,
    &quot;Host&quot; : &quot;localhost:8150&quot;,
    &quot;X-SESSION-ID&quot; : &quot;MessageProcessor:REPORT_PAYMENT&quot;,
    &quot;Content-Length&quot; : &quot;317&quot;,
    &quot;Content-Type&quot; : &quot;text/plain&quot;
  },
  &quot;cookies&quot; : { },
  &quot;browserProxyRequest&quot; : false,
  &quot;loggedDate&quot; : 1572429513701,
  &quot;bodyAsBase64&quot; : &quot;dD1ldmVudCZ2PTEmdGlkPXRyYWNraW5nLWlkJmVjPVBBWU1FTlQmZWE9U0NIRURVTEVEX1BBWU1FTlQmZXY9MzcyMCZxdD02NSZjaWQ9NWEyZTYyNzctNDhhOC00YjVkLWE3OWUtYWU2M2Q1NWQyZGViJmNkMT1PTkxJTkUmY2QxMD1OT1RfRk9VTkQmY2QzPVByZWduYW50K3dpdGgrcGFzc3BvcnRlZCtjaGlsZHJlbiZjZDQ9Tk9UX0ZPVU5EJmNkNT1OT1RfRk9VTkQmY2Q2PU5PVF9GT1VORCZjZDc9Tk9UX0ZPVU5EJmNkOD1OT1RfRk9VTkQmY2Q5PU5PVF9GT1VORCZjbTE9MSZjbTI9MSZjbTM9MCZjbTQ9MjQ4MCZjbTU9MTI0MCZjbTY9MCZjbTc9MzMmY204PTA=&quot;,
  &quot;body&quot; : &quot;t=event&amp;v=1&amp;tid=tracking-id&amp;ec=PAYMENT&amp;ea=SCHEDULED_PAYMENT&amp;ev=3720&amp;qt=65&amp;cid=5a2e6277-48a8-4b5d-a79e-ae63d55d2deb&amp;cd1=ONLINE&amp;cd10=NOT_FOUND&amp;cd3=Pregnant+with+passported+children&amp;cd4=NOT_FOUND&amp;cd5=NOT_FOUND&amp;cd6=NOT_FOUND&amp;cd7=NOT_FOUND&amp;cd8=NOT_FOUND&amp;cd9=NOT_FOUND&amp;cm1=1&amp;cm2=1&amp;cm3=0&amp;cm4=2480&amp;cm5=1240&amp;cm6=0&amp;cm7=33&amp;cm8=0&quot;,
  &quot;scheme&quot; : &quot;http&quot;,
  &quot;host&quot; : &quot;localhost&quot;,
  &quot;port&quot; : 8150,
  &quot;loggedDateString&quot; : &quot;2019-10-30T09:58:33Z&quot;,
  &quot;queryParams&quot; : { }
}
09:58:33.706 [Test worker] ERROR u.g.d.h.c.r.GoogleAnalyticsClient - Exception caught trying to post to http://localhost:8150/collect
09:58:33.706 [Test worker] ERROR u.g.d.h.c.message.MessageProcessor - Unable to process message with id d86d837c-d760-44e2-b59c-a2a20f510547, exception detail: Exception caught trying to call google analytics at: http://localhost:8150/collect (at uk.gov.dhsc.htbhf.claimant.reporting.GoogleAnalyticsClient.reportEvent(GoogleAnalyticsClient.java:57)), wraps: 404 Not Found (at org.springframework.web.client.HttpClientErrorException.create(HttpClientErrorException.java:85))
uk.gov.dhsc.htbhf.claimant.exception.GoogleAnalyticsException: Exception caught trying to call google analytics at: http://localhost:8150/collect
	at uk.gov.dhsc.htbhf.claimant.reporting.GoogleAnalyticsClient.reportEvent(GoogleAnalyticsClient.java:57)
	at uk.gov.dhsc.htbhf.claimant.reporting.MIReporter.reportPayment(MIReporter.java:41)
	at uk.gov.dhsc.htbhf.claimant.message.processor.ReportPaymentMessageProcessor.processMessage(ReportPaymentMessageProcessor.java:26)
	at uk.gov.dhsc.htbhf.claimant.message.MessageProcessor.invokeMessageTypeProcessor(MessageProcessor.java:80)
	at uk.gov.dhsc.htbhf.claimant.message.MessageProcessor.processMessage(MessageProcessor.java:73)
	at uk.gov.dhsc.htbhf.claimant.message.MessageProcessor.lambda$processMessagesOfType$0(MessageProcessor.java:56)
	at java.base/java.util.stream.ReferencePipeline$3$1.accept(ReferencePipeline.java:195)
	at java.base/java.util.ArrayList$ArrayListSpliterator.forEachRemaining(ArrayList.java:1654)
	at java.base/java.util.stream.AbstractPipeline.copyInto(AbstractPipeline.java:484)
	at java.base/java.util.stream.AbstractPipeline.wrapAndCopyInto(AbstractPipeline.java:474)
	at java.base/java.util.stream.ReduceOps$ReduceOp.evaluateSequential(ReduceOps.java:913)
	at java.base/java.util.stream.AbstractPipeline.evaluate(AbstractPipeline.java:234)
	at java.base/java.util.stream.ReferencePipeline.collect(ReferencePipeline.java:578)
	at uk.gov.dhsc.htbhf.claimant.message.MessageProcessor.processMessagesOfType(MessageProcessor.java:57)
	at uk.gov.dhsc.htbhf.claimant.message.MessageProcessor.processMessagesOfType(MessageProcessor.java:44)
	at uk.gov.dhsc.htbhf.claimant.scheduler.MessageProcessorScheduler.processReportPaymentMessages(MessageProcessorScheduler.java:111)
	at uk.gov.dhsc.htbhf.claimant.scheduler.MessageProcessorScheduler$$FastClassBySpringCGLIB$$a27d1d6.invoke(&lt;generated&gt;)
	at org.springframework.cglib.proxy.MethodProxy.invoke(MethodProxy.java:218)
	at org.springframework.aop.framework.CglibAopProxy$CglibMethodInvocation.invokeJoinpoint(CglibAopProxy.java:750)
	at org.springframework.aop.framework.ReflectiveMethodInvocation.proceed(ReflectiveMethodInvocation.java:163)
	at org.springframework.aop.aspectj.MethodInvocationProceedingJoinPoint.proceed(MethodInvocationProceedingJoinPoint.java:88)
	at uk.gov.dhsc.htbhf.requestcontext.aop.RequestContextAdvisor.updateRequestContext(RequestContextAdvisor.java:42)
	at jdk.internal.reflect.GeneratedMethodAccessor308.invoke(Unknown Source)
	at java.base/jdk.internal.reflect.DelegatingMethodAccessorImpl.invoke(DelegatingMethodAccessorImpl.java:43)
	at java.base/java.lang.reflect.Method.invoke(Method.java:566)
	at org.springframework.aop.aspectj.AbstractAspectJAdvice.invokeAdviceMethodWithGivenArgs(AbstractAspectJAdvice.java:644)
	at org.springframework.aop.aspectj.AbstractAspectJAdvice.invokeAdviceMethod(AbstractAspectJAdvice.java:633)
	at org.springframework.aop.aspectj.AspectJAroundAdvice.invoke(AspectJAroundAdvice.java:70)
	at org.springframework.aop.framework.ReflectiveMethodInvocation.proceed(ReflectiveMethodInvocation.java:175)
	at org.springframework.aop.interceptor.ExposeInvocationInterceptor.invoke(ExposeInvocationInterceptor.java:93)
	at org.springframework.aop.framework.ReflectiveMethodInvocation.proceed(ReflectiveMethodInvocation.java:186)
	at org.springframework.aop.framework.CglibAopProxy$DynamicAdvisedInterceptor.intercept(CglibAopProxy.java:689)
	at uk.gov.dhsc.htbhf.claimant.scheduler.MessageProcessorScheduler$$EnhancerBySpringCGLIB$$e2dbcefa.processReportPaymentMessages(&lt;generated&gt;)
	at uk.gov.dhsc.htbhf.claimant.PaymentCycleIntegrationTests.invokeAllSchedulers(PaymentCycleIntegrationTests.java:499)
	at uk.gov.dhsc.htbhf.claimant.PaymentCycleIntegrationTests.shouldSendNewChildEmailWhenPaymentCycleIncludesBackdatedVouchers(PaymentCycleIntegrationTests.java:253)
	at java.base/jdk.internal.reflect.NativeMethodAccessorImpl.invoke0(Native Method)
	at java.base/jdk.internal.reflect.NativeMethodAccessorImpl.invoke(NativeMethodAccessorImpl.java:62)
	at java.base/jdk.internal.reflect.DelegatingMethodAccessorImpl.invoke(DelegatingMethodAccessorImpl.java:43)
	at java.base/java.lang.reflect.Method.invoke(Method.java:566)
	at org.junit.platform.commons.util.ReflectionUtils.invokeMethod(ReflectionUtils.java:532)
	at org.junit.jupiter.engine.execution.ExecutableInvoker.invoke(ExecutableInvoker.java:115)
	at org.junit.jupiter.engine.descriptor.TestMethodTestDescriptor.lambda$invokeTestMethod$6(TestMethodTestDescriptor.java:171)
	at org.junit.platform.engine.support.hierarchical.ThrowableCollector.execute(ThrowableCollector.java:72)
	at org.junit.jupiter.engine.descriptor.TestMethodTestDescriptor.invokeTestMethod(TestMethodTestDescriptor.java:167)
	at org.junit.jupiter.engine.descriptor.TestMethodTestDescriptor.execute(TestMethodTestDescriptor.java:114)
	at org.junit.jupiter.engine.descriptor.TestMethodTestDescriptor.execute(TestMethodTestDescriptor.java:59)
	at org.junit.platform.engine.support.hierarchical.NodeTestTask.lambda$executeRecursively$4(NodeTestTask.java:108)
	at org.junit.platform.engine.support.hierarchical.ThrowableCollector.execute(ThrowableCollector.java:72)
	at org.junit.platform.engine.support.hierarchical.NodeTestTask.executeRecursively(NodeTestTask.java:98)
	at org.junit.platform.engine.support.hierarchical.NodeTestTask.execute(NodeTestTask.java:74)
	at java.base/java.util.ArrayList.forEach(ArrayList.java:1540)
	at org.junit.platform.engine.support.hierarchical.SameThreadHierarchicalTestExecutorService.invokeAll(SameThreadHierarchicalTestExecutorService.java:38)
	at org.junit.platform.engine.support.hierarchical.NodeTestTask.lambda$executeRecursively$4(NodeTestTask.java:112)
	at org.junit.platform.engine.support.hierarchical.ThrowableCollector.execute(ThrowableCollector.java:72)
	at org.junit.platform.engine.support.hierarchical.NodeTestTask.executeRecursively(NodeTestTask.java:98)
	at org.junit.platform.engine.support.hierarchical.NodeTestTask.execute(NodeTestTask.java:74)
	at java.base/java.util.ArrayList.forEach(ArrayList.java:1540)
	at org.junit.platform.engine.support.hierarchical.SameThreadHierarchicalTestExecutorService.invokeAll(SameThreadHierarchicalTestExecutorService.java:38)
	at org.junit.platform.engine.support.hierarchical.NodeTestTask.lambda$executeRecursively$4(NodeTestTask.java:112)
	at org.junit.platform.engine.support.hierarchical.ThrowableCollector.execute(ThrowableCollector.java:72)
	at org.junit.platform.engine.support.hierarchical.NodeTestTask.executeRecursively(NodeTestTask.java:98)
	at org.junit.platform.engine.support.hierarchical.NodeTestTask.execute(NodeTestTask.java:74)
	at org.junit.platform.engine.support.hierarchical.SameThreadHierarchicalTestExecutorService.submit(SameThreadHierarchicalTestExecutorService.java:32)
	at org.junit.platform.engine.support.hierarchical.HierarchicalTestExecutor.execute(HierarchicalTestExecutor.java:57)
	at org.junit.platform.engine.support.hierarchical.HierarchicalTestEngine.execute(HierarchicalTestEngine.java:51)
	at org.junit.platform.launcher.core.DefaultLauncher.execute(DefaultLauncher.java:220)
	at org.junit.platform.launcher.core.DefaultLauncher.lambda$execute$6(DefaultLauncher.java:188)
	at org.junit.platform.launcher.core.DefaultLauncher.withInterceptedStreams(DefaultLauncher.java:202)
	at org.junit.platform.launcher.core.DefaultLauncher.execute(DefaultLauncher.java:181)
	at org.junit.platform.launcher.core.DefaultLauncher.execute(DefaultLauncher.java:128)
	at org.gradle.api.internal.tasks.testing.junitplatform.JUnitPlatformTestClassProcessor$CollectAllTestClassesExecutor.processAllTestClasses(JUnitPlatformTestClassProcessor.java:102)
	at org.gradle.api.internal.tasks.testing.junitplatform.JUnitPlatformTestClassProcessor$CollectAllTestClassesExecutor.access$000(JUnitPlatformTestClassProcessor.java:82)
	at org.gradle.api.internal.tasks.testing.junitplatform.JUnitPlatformTestClassProcessor.stop(JUnitPlatformTestClassProcessor.java:78)
	at org.gradle.api.internal.tasks.testing.SuiteTestClassProcessor.stop(SuiteTestClassProcessor.java:61)
	at java.base/jdk.internal.reflect.NativeMethodAccessorImpl.invoke0(Native Method)
	at java.base/jdk.internal.reflect.NativeMethodAccessorImpl.invoke(NativeMethodAccessorImpl.java:62)
	at java.base/jdk.internal.reflect.DelegatingMethodAccessorImpl.invoke(DelegatingMethodAccessorImpl.java:43)
	at java.base/java.lang.reflect.Method.invoke(Method.java:566)
	at org.gradle.internal.dispatch.ReflectionDispatch.dispatch(ReflectionDispatch.java:36)
	at org.gradle.internal.dispatch.ReflectionDispatch.dispatch(ReflectionDispatch.java:24)
	at org.gradle.internal.dispatch.ContextClassLoaderDispatch.dispatch(ContextClassLoaderDispatch.java:33)
	at org.gradle.internal.dispatch.ProxyDispatchAdapter$DispatchingInvocationHandler.invoke(ProxyDispatchAdapter.java:94)
	at com.sun.proxy.$Proxy2.stop(Unknown Source)
	at org.gradle.api.internal.tasks.testing.worker.TestWorker.stop(TestWorker.java:132)
	at java.base/jdk.internal.reflect.NativeMethodAccessorImpl.invoke0(Native Method)
	at java.base/jdk.internal.reflect.NativeMethodAccessorImpl.invoke(NativeMethodAccessorImpl.java:62)
	at java.base/jdk.internal.reflect.DelegatingMethodAccessorImpl.invoke(DelegatingMethodAccessorImpl.java:43)
	at java.base/java.lang.reflect.Method.invoke(Method.java:566)
	at org.gradle.internal.dispatch.ReflectionDispatch.dispatch(ReflectionDispatch.java:36)
	at org.gradle.internal.dispatch.ReflectionDispatch.dispatch(ReflectionDispatch.java:24)
	at org.gradle.internal.remote.internal.hub.MessageHubBackedObjectConnection$DispatchWrapper.dispatch(MessageHubBackedObjectConnection.java:182)
	at org.gradle.internal.remote.internal.hub.MessageHubBackedObjectConnection$DispatchWrapper.dispatch(MessageHubBackedObjectConnection.java:164)
	at org.gradle.internal.remote.internal.hub.MessageHub$Handler.run(MessageHub.java:412)
	at org.gradle.internal.concurrent.ExecutorPolicy$CatchAndRecordFailures.onExecute(ExecutorPolicy.java:64)
	at org.gradle.internal.concurrent.ManagedExecutorImpl$1.run(ManagedExecutorImpl.java:48)
	at java.base/java.util.concurrent.ThreadPoolExecutor.runWorker(ThreadPoolExecutor.java:1128)
	at java.base/java.util.concurrent.ThreadPoolExecutor$Worker.run(ThreadPoolExecutor.java:628)
	at org.gradle.internal.concurrent.ThreadFactoryImpl$ManagedThreadRunnable.run(ThreadFactoryImpl.java:56)
	at java.base/java.lang.Thread.run(Thread.java:834)
Caused by: org.springframework.web.client.HttpClientErrorException$NotFound: 404 Not Found
	at org.springframework.web.client.HttpClientErrorException.create(HttpClientErrorException.java:85)
	at org.springframework.web.client.DefaultResponseErrorHandler.handleError(DefaultResponseErrorHandler.java:122)
	at org.springframework.web.client.DefaultResponseErrorHandler.handleError(DefaultResponseErrorHandler.java:102)
	at org.springframework.web.client.ResponseErrorHandler.handleError(ResponseErrorHandler.java:63)
	at org.springframework.web.client.RestTemplate.handleResponse(RestTemplate.java:778)
	at org.springframework.web.client.RestTemplate.doExecute(RestTemplate.java:736)
	at org.springframework.web.client.RestTemplate.exchange(RestTemplate.java:637)
	at uk.gov.dhsc.htbhf.claimant.reporting.GoogleAnalyticsClient.reportEvent(GoogleAnalyticsClient.java:53)
	... 98 common frames omitted
09:58:33.713 [Test worker] INFO  u.g.d.h.c.message.MessageProcessor - Processed 1 REPORT_PAYMENT message(s) with status ERROR
09:58:33.850 [Test worker] INFO  u.g.d.h.c.message.MessageProcessor - Processing 1 message(s) of type DETERMINE_ENTITLEMENT
09:58:33.883 [Test worker] INFO  u.g.d.h.c.message.MessageProcessor - Processed 1 DETERMINE_ENTITLEMENT message(s) with status COMPLETED
09:58:34.014 [Test worker] INFO  u.g.d.h.c.message.MessageProcessor - Processing 1 message(s) of type DETERMINE_ENTITLEMENT
09:58:34.041 [Test worker] INFO  u.g.d.h.c.message.MessageProcessor - Processed 1 DETERMINE_ENTITLEMENT message(s) with status COMPLETED
09:58:34.156 [Test worker] INFO  u.g.d.h.c.message.MessageProcessor - Processing 1 message(s) of type DETERMINE_ENTITLEMENT
09:58:34.184 [Test worker] INFO  u.g.d.h.c.message.MessageProcessor - Processed 1 DETERMINE_ENTITLEMENT message(s) with status COMPLETED
09:58:34.299 [Test worker] INFO  u.g.d.h.c.message.MessageProcessor - Processing 1 message(s) of type DETERMINE_ENTITLEMENT
09:58:34.326 [Test worker] INFO  u.g.d.h.c.message.MessageProcessor - Processed 1 DETERMINE_ENTITLEMENT message(s) with status COMPLETED
09:58:34.425 [Test worker] INFO  u.g.d.h.c.message.MessageProcessor - Processing 1 message(s) of type DETERMINE_ENTITLEMENT
09:58:34.454 [Test worker] INFO  u.g.d.h.c.message.MessageProcessor - Processed 1 DETERMINE_ENTITLEMENT message(s) with status COMPLETED
09:58:34.462 [Test worker] INFO  u.g.d.h.c.message.MessageProcessor - Processing 1 message(s) of type SEND_EMAIL
09:58:34.471 [Test worker] INFO  u.g.d.h.c.message.MessageProcessor - Processed 1 SEND_EMAIL message(s) with status COMPLETED
09:58:34.563 [Test worker] INFO  u.g.d.h.c.message.MessageProcessor - Processing 1 message(s) of type DETERMINE_ENTITLEMENT
09:58:34.592 [Test worker] INFO  u.g.d.h.c.message.MessageProcessor - Processed 1 DETERMINE_ENTITLEMENT message(s) with status COMPLETED
09:58:34.706 [Test worker] INFO  u.g.d.h.c.message.MessageProcessor - Processing 1 message(s) of type DETERMINE_ENTITLEMENT
09:58:34.733 [Test worker] INFO  u.g.d.h.c.message.MessageProcessor - Processed 1 DETERMINE_ENTITLEMENT message(s) with status COMPLETED
09:58:34.836 [Test worker] INFO  u.g.d.h.c.message.MessageProcessor - Processing 1 message(s) of type DETERMINE_ENTITLEMENT
09:58:34.857 [Test worker] INFO  u.g.d.h.c.message.MessageProcessor - Processed 1 DETERMINE_ENTITLEMENT message(s) with status COMPLETED
09:58:34.861 [Test worker] INFO  u.g.d.h.c.message.MessageProcessor - Processing 1 message(s) of type MAKE_PAYMENT
09:58:34.891 [Test worker] INFO  u.g.d.h.c.message.MessageProcessor - Processed 1 MAKE_PAYMENT message(s) with status COMPLETED
09:58:34.895 [Test worker] INFO  u.g.d.h.c.message.MessageProcessor - Processing 1 message(s) of type SEND_EMAIL
09:58:34.904 [Test worker] INFO  u.g.d.h.c.message.MessageProcessor - Processed 1 SEND_EMAIL message(s) with status COMPLETED
09:58:34.909 [Test worker] INFO  u.g.d.h.c.message.MessageProcessor - Processing 1 message(s) of type REPORT_PAYMENT
09:58:34.961 [Test worker] INFO  u.g.d.h.c.message.MessageProcessor - Processed 1 REPORT_PAYMENT message(s) with status COMPLETED
09:58:35.085 [Test worker] INFO  u.g.d.h.c.message.MessageProcessor - Processing 1 message(s) of type DETERMINE_ENTITLEMENT
09:58:35.105 [Test worker] INFO  u.g.d.h.c.message.MessageProcessor - Processed 1 DETERMINE_ENTITLEMENT message(s) with status COMPLETED
09:58:35.109 [Test worker] INFO  u.g.d.h.c.message.MessageProcessor - Processing 1 message(s) of type MAKE_PAYMENT
09:58:35.136 [Test worker] INFO  u.g.d.h.c.message.MessageProcessor - Processed 1 MAKE_PAYMENT message(s) with status COMPLETED
09:58:35.140 [Test worker] INFO  u.g.d.h.c.message.MessageProcessor - Processing 1 message(s) of type SEND_EMAIL
09:58:35.149 [Test worker] INFO  u.g.d.h.c.message.MessageProcessor - Processed 1 SEND_EMAIL message(s) with status COMPLETED
09:58:35.153 [Test worker] INFO  u.g.d.h.c.message.MessageProcessor - Processing 1 message(s) of type REPORT_PAYMENT
09:58:35.194 [Test worker] INFO  u.g.d.h.c.message.MessageProcessor - Processed 1 REPORT_PAYMENT message(s) with status COMPLETED
09:58:35.309 [Test worker] INFO  u.g.d.h.c.message.MessageProcessor - Processing 1 message(s) of type DETERMINE_ENTITLEMENT
09:58:35.331 [Test worker] INFO  u.g.d.h.c.message.MessageProcessor - Processed 1 DETERMINE_ENTITLEMENT message(s) with status COMPLETED
09:58:35.335 [Test worker] INFO  u.g.d.h.c.message.MessageProcessor - Processing 1 message(s) of type MAKE_PAYMENT
09:58:35.362 [Test worker] INFO  u.g.d.h.c.message.MessageProcessor - Processed 1 MAKE_PAYMENT message(s) with status COMPLETED
09:58:35.367 [Test worker] INFO  u.g.d.h.c.message.MessageProcessor - Processing 1 message(s) of type SEND_EMAIL
09:58:35.375 [Test worker] INFO  u.g.d.h.c.message.MessageProcessor - Processed 1 SEND_EMAIL message(s) with status COMPLETED
09:58:35.380 [Test worker] INFO  u.g.d.h.c.message.MessageProcessor - Processing 1 message(s) of type REPORT_PAYMENT
09:58:35.421 [Test worker] INFO  u.g.d.h.c.message.MessageProcessor - Processed 1 REPORT_PAYMENT message(s) with status COMPLETED
09:58:35.536 [Test worker] INFO  u.g.d.h.c.message.MessageProcessor - Processing 1 message(s) of type DETERMINE_ENTITLEMENT
09:58:35.556 [Test worker] INFO  u.g.d.h.c.message.MessageProcessor - Processed 1 DETERMINE_ENTITLEMENT message(s) with status COMPLETED
09:58:35.560 [Test worker] INFO  u.g.d.h.c.message.MessageProcessor - Processing 1 message(s) of type MAKE_PAYMENT
09:58:35.586 [Test worker] INFO  u.g.d.h.c.message.MessageProcessor - Processed 1 MAKE_PAYMENT message(s) with status COMPLETED
09:58:35.591 [Test worker] INFO  u.g.d.h.c.message.MessageProcessor - Processing 1 message(s) of type SEND_EMAIL
09:58:35.599 [Test worker] INFO  u.g.d.h.c.message.MessageProcessor - Processed 1 SEND_EMAIL message(s) with status COMPLETED
09:58:35.603 [Test worker] INFO  u.g.d.h.c.message.MessageProcessor - Processing 1 message(s) of type REPORT_PAYMENT
09:58:35.644 [Test worker] INFO  u.g.d.h.c.message.MessageProcessor - Processed 1 REPORT_PAYMENT message(s) with status COMPLETED
09:58:35.752 [Test worker] INFO  u.g.d.h.c.message.MessageProcessor - Processing 1 message(s) of type DETERMINE_ENTITLEMENT
09:58:35.771 [Test worker] INFO  u.g.d.h.c.message.MessageProcessor - Processed 1 DETERMINE_ENTITLEMENT message(s) with status COMPLETED
09:58:35.775 [Test worker] INFO  u.g.d.h.c.message.MessageProcessor - Processing 1 message(s) of type MAKE_PAYMENT
09:58:35.801 [Test worker] INFO  u.g.d.h.c.message.MessageProcessor - Processed 1 MAKE_PAYMENT message(s) with status COMPLETED
09:58:35.805 [Test worker] INFO  u.g.d.h.c.message.MessageProcessor - Processing 2 message(s) of type SEND_EMAIL
09:58:35.822 [Test worker] INFO  u.g.d.h.c.message.MessageProcessor - Processed 2 SEND_EMAIL message(s) with status COMPLETED
09:58:35.826 [Test worker] INFO  u.g.d.h.c.message.MessageProcessor - Processing 1 message(s) of type REPORT_PAYMENT
09:58:35.840 [qtp601349589-1007] ERROR WireMock - Request was not matched as there were no stubs registered:
{
  &quot;url&quot; : &quot;/postcodes/AA11AA&quot;,
  &quot;absoluteUrl&quot; : &quot;http://localhost:8120/postcodes/AA11AA&quot;,
  &quot;method&quot; : &quot;GET&quot;,
  &quot;clientIp&quot; : &quot;127.0.0.1&quot;,
  &quot;headers&quot; : {
    &quot;User-Agent&quot; : &quot;Java/11.0.4&quot;,
    &quot;Connection&quot; : &quot;keep-alive&quot;,
    &quot;X-REQUEST-ID&quot; : &quot;&quot;,
    &quot;Host&quot; : &quot;localhost:8120&quot;,
    &quot;Accept&quot; : &quot;application/json, application/*+json&quot;,
    &quot;X-SESSION-ID&quot; : &quot;MessageProcessor:REPORT_PAYMENT&quot;
  },
  &quot;cookies&quot; : { },
  &quot;browserProxyRequest&quot; : false,
  &quot;loggedDate&quot; : 1572429515837,
  &quot;bodyAsBase64&quot; : &quot;&quot;,
  &quot;body&quot; : &quot;&quot;,
  &quot;scheme&quot; : &quot;http&quot;,
  &quot;host&quot; : &quot;localhost&quot;,
  &quot;port&quot; : 8120,
  &quot;loggedDateString&quot; : &quot;2019-10-30T09:58:35Z&quot;,
  &quot;queryParams&quot; : { }
}
09:58:35.842 [Test worker] ERROR u.g.d.h.c.r.PostcodeDataClient - No postcode data found for postcode AA11AA on claim 66733df9-cc90-4da4-9ebb-453eb279aebd
09:58:35.864 [qtp1618890780-1016] ERROR WireMock - Request was not matched as there were no stubs registered:
{
  &quot;url&quot; : &quot;/collect&quot;,
  &quot;absoluteUrl&quot; : &quot;http://localhost:8150/collect&quot;,
  &quot;method&quot; : &quot;POST&quot;,
  &quot;clientIp&quot; : &quot;127.0.0.1&quot;,
  &quot;headers&quot; : {
    &quot;Accept-Charset&quot; : &quot;big5, big5-hkscs, cesu-8, euc-jp, euc-kr, gb18030, gb2312, gbk, ibm-thai, ibm00858, ibm01140, ibm01141, ibm01142, ibm01143, ibm01144, ibm01145, ibm01146, ibm01147, ibm01148, ibm01149, ibm037, ibm1026, ibm1047, ibm273, ibm277, ibm278, ibm280, ibm284, ibm285, ibm290, ibm297, ibm420, ibm424, ibm437, ibm500, ibm775, ibm850, ibm852, ibm855, ibm857, ibm860, ibm861, ibm862, ibm863, ibm864, ibm865, ibm866, ibm868, ibm869, ibm870, ibm871, ibm918, iso-2022-cn, iso-2022-jp, iso-2022-jp-2, iso-2022-kr, iso-8859-1, iso-8859-13, iso-8859-15, iso-8859-16, iso-8859-2, iso-8859-3, iso-8859-4, iso-8859-5, iso-8859-6, iso-8859-7, iso-8859-8, iso-8859-9, jis_x0201, jis_x0212-1990, koi8-r, koi8-u, shift_jis, tis-620, us-ascii, utf-16, utf-16be, utf-16le, utf-32, utf-32be, utf-32le, utf-8, windows-1250, windows-1251, windows-1252, windows-1253, windows-1254, windows-1255, windows-1256, windows-1257, windows-1258, windows-31j, x-big5-hkscs-2001, x-big5-solaris, x-euc-jp-linux, x-euc-tw, x-eucjp-open, x-ibm1006, x-ibm1025, x-ibm1046, x-ibm1097, x-ibm1098, x-ibm1112, x-ibm1122, x-ibm1123, x-ibm1124, x-ibm1129, x-ibm1166, x-ibm1364, x-ibm1381, x-ibm1383, x-ibm29626c, x-ibm300, x-ibm33722, x-ibm737, x-ibm833, x-ibm834, x-ibm856, x-ibm874, x-ibm875, x-ibm921, x-ibm922, x-ibm930, x-ibm933, x-ibm935, x-ibm937, x-ibm939, x-ibm942, x-ibm942c, x-ibm943, x-ibm943c, x-ibm948, x-ibm949, x-ibm949c, x-ibm950, x-ibm964, x-ibm970, x-iscii91, x-iso-2022-cn-cns, x-iso-2022-cn-gb, x-iso-8859-11, x-jis0208, x-jisautodetect, x-johab, x-macarabic, x-maccentraleurope, x-maccroatian, x-maccyrillic, x-macdingbat, x-macgreek, x-machebrew, x-maciceland, x-macroman, x-macromania, x-macsymbol, x-macthai, x-macturkish, x-macukraine, x-ms932_0213, x-ms950-hkscs, x-ms950-hkscs-xp, x-mswin-936, x-pck, x-sjis_0213, x-utf-16le-bom, x-utf-32be-bom, x-utf-32le-bom, x-windows-50220, x-windows-50221, x-windows-874, x-windows-949, x-windows-950, x-windows-iso2022jp&quot;,
    &quot;Accept&quot; : &quot;application/json, application/*+json&quot;,
    &quot;User-Agent&quot; : &quot;Java/11.0.4&quot;,
    &quot;Connection&quot; : &quot;keep-alive&quot;,
    &quot;X-REQUEST-ID&quot; : &quot;&quot;,
    &quot;Host&quot; : &quot;localhost:8150&quot;,
    &quot;X-SESSION-ID&quot; : &quot;MessageProcessor:REPORT_PAYMENT&quot;,
    &quot;Content-Length&quot; : &quot;318&quot;,
    &quot;Content-Type&quot; : &quot;text/plain&quot;
  },
  &quot;cookies&quot; : { },
  &quot;browserProxyRequest&quot; : false,
  &quot;loggedDate&quot; : 1572429515862,
  &quot;bodyAsBase64&quot; : &quot;dD1ldmVudCZ2PTEmdGlkPXRyYWNraW5nLWlkJmVjPVBBWU1FTlQmZWE9U0NIRURVTEVEX1BBWU1FTlQmZXY9MjQ4MCZxdD02NyZjaWQ9NjY3MzNkZjktY2M5MC00ZGE0LTllYmItNDUzZWIyNzlhZWJkJmNkMT1PTkxJTkUmY2QxMD1OT1RfRk9VTkQmY2QzPU5vdCtwcmVnbmFudCt3aXRoK3Bhc3Nwb3J0ZWQrY2hpbGRyZW4mY2Q0PU5PVF9GT1VORCZjZDU9Tk9UX0ZPVU5EJmNkNj1OT1RfRk9VTkQmY2Q3PU5PVF9GT1VORCZjZDg9Tk9UX0ZPVU5EJmNkOT1OT1RfRk9VTkQmY20xPTEmY20yPTAmY20zPTAmY200PTI0ODAmY201PTAmY202PTAmY203PTMzJmNtOD0x&quot;,
  &quot;body&quot; : &quot;t=event&amp;v=1&amp;tid=tracking-id&amp;ec=PAYMENT&amp;ea=SCHEDULED_PAYMENT&amp;ev=2480&amp;qt=67&amp;cid=66733df9-cc90-4da4-9ebb-453eb279aebd&amp;cd1=ONLINE&amp;cd10=NOT_FOUND&amp;cd3=Not+pregnant+with+passported+children&amp;cd4=NOT_FOUND&amp;cd5=NOT_FOUND&amp;cd6=NOT_FOUND&amp;cd7=NOT_FOUND&amp;cd8=NOT_FOUND&amp;cd9=NOT_FOUND&amp;cm1=1&amp;cm2=0&amp;cm3=0&amp;cm4=2480&amp;cm5=0&amp;cm6=0&amp;cm7=33&amp;cm8=1&quot;,
  &quot;scheme&quot; : &quot;http&quot;,
  &quot;host&quot; : &quot;localhost&quot;,
  &quot;port&quot; : 8150,
  &quot;loggedDateString&quot; : &quot;2019-10-30T09:58:35Z&quot;,
  &quot;queryParams&quot; : { }
}
09:58:35.866 [Test worker] ERROR u.g.d.h.c.r.GoogleAnalyticsClient - Exception caught trying to post to http://localhost:8150/collect
09:58:35.867 [Test worker] ERROR u.g.d.h.c.message.MessageProcessor - Unable to process message with id a8785a1b-3592-4f5f-9bbd-7b4819b8cb83, exception detail: Exception caught trying to call google analytics at: http://localhost:8150/collect (at uk.gov.dhsc.htbhf.claimant.reporting.GoogleAnalyticsClient.reportEvent(GoogleAnalyticsClient.java:57)), wraps: 404 Not Found (at org.springframework.web.client.HttpClientErrorException.create(HttpClientErrorException.java:85))
uk.gov.dhsc.htbhf.claimant.exception.GoogleAnalyticsException: Exception caught trying to call google analytics at: http://localhost:8150/collect
	at uk.gov.dhsc.htbhf.claimant.reporting.GoogleAnalyticsClient.reportEvent(GoogleAnalyticsClient.java:57)
	at uk.gov.dhsc.htbhf.claimant.reporting.MIReporter.reportPayment(MIReporter.java:41)
	at uk.gov.dhsc.htbhf.claimant.message.processor.ReportPaymentMessageProcessor.processMessage(ReportPaymentMessageProcessor.java:26)
	at uk.gov.dhsc.htbhf.claimant.message.MessageProcessor.invokeMessageTypeProcessor(MessageProcessor.java:80)
	at uk.gov.dhsc.htbhf.claimant.message.MessageProcessor.processMessage(MessageProcessor.java:73)
	at uk.gov.dhsc.htbhf.claimant.message.MessageProcessor.lambda$processMessagesOfType$0(MessageProcessor.java:56)
	at java.base/java.util.stream.ReferencePipeline$3$1.accept(ReferencePipeline.java:195)
	at java.base/java.util.ArrayList$ArrayListSpliterator.forEachRemaining(ArrayList.java:1654)
	at java.base/java.util.stream.AbstractPipeline.copyInto(AbstractPipeline.java:484)
	at java.base/java.util.stream.AbstractPipeline.wrapAndCopyInto(AbstractPipeline.java:474)
	at java.base/java.util.stream.ReduceOps$ReduceOp.evaluateSequential(ReduceOps.java:913)
	at java.base/java.util.stream.AbstractPipeline.evaluate(AbstractPipeline.java:234)
	at java.base/java.util.stream.ReferencePipeline.collect(ReferencePipeline.java:578)
	at uk.gov.dhsc.htbhf.claimant.message.MessageProcessor.processMessagesOfType(MessageProcessor.java:57)
	at uk.gov.dhsc.htbhf.claimant.message.MessageProcessor.processMessagesOfType(MessageProcessor.java:44)
	at uk.gov.dhsc.htbhf.claimant.scheduler.MessageProcessorScheduler.processReportPaymentMessages(MessageProcessorScheduler.java:111)
	at uk.gov.dhsc.htbhf.claimant.scheduler.MessageProcessorScheduler$$FastClassBySpringCGLIB$$a27d1d6.invoke(&lt;generated&gt;)
	at org.springframework.cglib.proxy.MethodProxy.invoke(MethodProxy.java:218)
	at org.springframework.aop.framework.CglibAopProxy$CglibMethodInvocation.invokeJoinpoint(CglibAopProxy.java:750)
	at org.springframework.aop.framework.ReflectiveMethodInvocation.proceed(ReflectiveMethodInvocation.java:163)
	at org.springframework.aop.aspectj.MethodInvocationProceedingJoinPoint.proceed(MethodInvocationProceedingJoinPoint.java:88)
	at uk.gov.dhsc.htbhf.requestcontext.aop.RequestContextAdvisor.updateRequestContext(RequestContextAdvisor.java:42)
	at jdk.internal.reflect.GeneratedMethodAccessor308.invoke(Unknown Source)
	at java.base/jdk.internal.reflect.DelegatingMethodAccessorImpl.invoke(DelegatingMethodAccessorImpl.java:43)
	at java.base/java.lang.reflect.Method.invoke(Method.java:566)
	at org.springframework.aop.aspectj.AbstractAspectJAdvice.invokeAdviceMethodWithGivenArgs(AbstractAspectJAdvice.java:644)
	at org.springframework.aop.aspectj.AbstractAspectJAdvice.invokeAdviceMethod(AbstractAspectJAdvice.java:633)
	at org.springframework.aop.aspectj.AspectJAroundAdvice.invoke(AspectJAroundAdvice.java:70)
	at org.springframework.aop.framework.ReflectiveMethodInvocation.proceed(ReflectiveMethodInvocation.java:175)
	at org.springframework.aop.interceptor.ExposeInvocationInterceptor.invoke(ExposeInvocationInterceptor.java:93)
	at org.springframework.aop.framework.ReflectiveMethodInvocation.proceed(ReflectiveMethodInvocation.java:186)
	at org.springframework.aop.framework.CglibAopProxy$DynamicAdvisedInterceptor.intercept(CglibAopProxy.java:689)
	at uk.gov.dhsc.htbhf.claimant.scheduler.MessageProcessorScheduler$$EnhancerBySpringCGLIB$$e2dbcefa.processReportPaymentMessages(&lt;generated&gt;)
	at uk.gov.dhsc.htbhf.claimant.PaymentCycleIntegrationTests.invokeAllSchedulers(PaymentCycleIntegrationTests.java:499)
	at uk.gov.dhsc.htbhf.claimant.PaymentCycleIntegrationTests.shouldSendEmailsWhenChildTurnsOneInNextPaymentCycle(PaymentCycleIntegrationTests.java:139)
	at java.base/jdk.internal.reflect.NativeMethodAccessorImpl.invoke0(Native Method)
	at java.base/jdk.internal.reflect.NativeMethodAccessorImpl.invoke(NativeMethodAccessorImpl.java:62)
	at java.base/jdk.internal.reflect.DelegatingMethodAccessorImpl.invoke(DelegatingMethodAccessorImpl.java:43)
	at java.base/java.lang.reflect.Method.invoke(Method.java:566)
	at org.junit.platform.commons.util.ReflectionUtils.invokeMethod(ReflectionUtils.java:532)
	at org.junit.jupiter.engine.execution.ExecutableInvoker.invoke(ExecutableInvoker.java:115)
	at org.junit.jupiter.engine.descriptor.TestMethodTestDescriptor.lambda$invokeTestMethod$6(TestMethodTestDescriptor.java:171)
	at org.junit.platform.engine.support.hierarchical.ThrowableCollector.execute(ThrowableCollector.java:72)
	at org.junit.jupiter.engine.descriptor.TestMethodTestDescriptor.invokeTestMethod(TestMethodTestDescriptor.java:167)
	at org.junit.jupiter.engine.descriptor.TestMethodTestDescriptor.execute(TestMethodTestDescriptor.java:114)
	at org.junit.jupiter.engine.descriptor.TestMethodTestDescriptor.execute(TestMethodTestDescriptor.java:59)
	at org.junit.platform.engine.support.hierarchical.NodeTestTask.lambda$executeRecursively$4(NodeTestTask.java:108)
	at org.junit.platform.engine.support.hierarchical.ThrowableCollector.execute(ThrowableCollector.java:72)
	at org.junit.platform.engine.support.hierarchical.NodeTestTask.executeRecursively(NodeTestTask.java:98)
	at org.junit.platform.engine.support.hierarchical.NodeTestTask.execute(NodeTestTask.java:74)
	at java.base/java.util.ArrayList.forEach(ArrayList.java:1540)
	at org.junit.platform.engine.support.hierarchical.SameThreadHierarchicalTestExecutorService.invokeAll(SameThreadHierarchicalTestExecutorService.java:38)
	at org.junit.platform.engine.support.hierarchical.NodeTestTask.lambda$executeRecursively$4(NodeTestTask.java:112)
	at org.junit.platform.engine.support.hierarchical.ThrowableCollector.execute(ThrowableCollector.java:72)
	at org.junit.platform.engine.support.hierarchical.NodeTestTask.executeRecursively(NodeTestTask.java:98)
	at org.junit.platform.engine.support.hierarchical.NodeTestTask.execute(NodeTestTask.java:74)
	at java.base/java.util.ArrayList.forEach(ArrayList.java:1540)
	at org.junit.platform.engine.support.hierarchical.SameThreadHierarchicalTestExecutorService.invokeAll(SameThreadHierarchicalTestExecutorService.java:38)
	at org.junit.platform.engine.support.hierarchical.NodeTestTask.lambda$executeRecursively$4(NodeTestTask.java:112)
	at org.junit.platform.engine.support.hierarchical.ThrowableCollector.execute(ThrowableCollector.java:72)
	at org.junit.platform.engine.support.hierarchical.NodeTestTask.executeRecursively(NodeTestTask.java:98)
	at org.junit.platform.engine.support.hierarchical.NodeTestTask.execute(NodeTestTask.java:74)
	at org.junit.platform.engine.support.hierarchical.SameThreadHierarchicalTestExecutorService.submit(SameThreadHierarchicalTestExecutorService.java:32)
	at org.junit.platform.engine.support.hierarchical.HierarchicalTestExecutor.execute(HierarchicalTestExecutor.java:57)
	at org.junit.platform.engine.support.hierarchical.HierarchicalTestEngine.execute(HierarchicalTestEngine.java:51)
	at org.junit.platform.launcher.core.DefaultLauncher.execute(DefaultLauncher.java:220)
	at org.junit.platform.launcher.core.DefaultLauncher.lambda$execute$6(DefaultLauncher.java:188)
	at org.junit.platform.launcher.core.DefaultLauncher.withInterceptedStreams(DefaultLauncher.java:202)
	at org.junit.platform.launcher.core.DefaultLauncher.execute(DefaultLauncher.java:181)
	at org.junit.platform.launcher.core.DefaultLauncher.execute(DefaultLauncher.java:128)
	at org.gradle.api.internal.tasks.testing.junitplatform.JUnitPlatformTestClassProcessor$CollectAllTestClassesExecutor.processAllTestClasses(JUnitPlatformTestClassProcessor.java:102)
	at org.gradle.api.internal.tasks.testing.junitplatform.JUnitPlatformTestClassProcessor$CollectAllTestClassesExecutor.access$000(JUnitPlatformTestClassProcessor.java:82)
	at org.gradle.api.internal.tasks.testing.junitplatform.JUnitPlatformTestClassProcessor.stop(JUnitPlatformTestClassProcessor.java:78)
	at org.gradle.api.internal.tasks.testing.SuiteTestClassProcessor.stop(SuiteTestClassProcessor.java:61)
	at java.base/jdk.internal.reflect.NativeMethodAccessorImpl.invoke0(Native Method)
	at java.base/jdk.internal.reflect.NativeMethodAccessorImpl.invoke(NativeMethodAccessorImpl.java:62)
	at java.base/jdk.internal.reflect.DelegatingMethodAccessorImpl.invoke(DelegatingMethodAccessorImpl.java:43)
	at java.base/java.lang.reflect.Method.invoke(Method.java:566)
	at org.gradle.internal.dispatch.ReflectionDispatch.dispatch(ReflectionDispatch.java:36)
	at org.gradle.internal.dispatch.ReflectionDispatch.dispatch(ReflectionDispatch.java:24)
	at org.gradle.internal.dispatch.ContextClassLoaderDispatch.dispatch(ContextClassLoaderDispatch.java:33)
	at org.gradle.internal.dispatch.ProxyDispatchAdapter$DispatchingInvocationHandler.invoke(ProxyDispatchAdapter.java:94)
	at com.sun.proxy.$Proxy2.stop(Unknown Source)
	at org.gradle.api.internal.tasks.testing.worker.TestWorker.stop(TestWorker.java:132)
	at java.base/jdk.internal.reflect.NativeMethodAccessorImpl.invoke0(Native Method)
	at java.base/jdk.internal.reflect.NativeMethodAccessorImpl.invoke(NativeMethodAccessorImpl.java:62)
	at java.base/jdk.internal.reflect.DelegatingMethodAccessorImpl.invoke(DelegatingMethodAccessorImpl.java:43)
	at java.base/java.lang.reflect.Method.invoke(Method.java:566)
	at org.gradle.internal.dispatch.ReflectionDispatch.dispatch(ReflectionDispatch.java:36)
	at org.gradle.internal.dispatch.ReflectionDispatch.dispatch(ReflectionDispatch.java:24)
	at org.gradle.internal.remote.internal.hub.MessageHubBackedObjectConnection$DispatchWrapper.dispatch(MessageHubBackedObjectConnection.java:182)
	at org.gradle.internal.remote.internal.hub.MessageHubBackedObjectConnection$DispatchWrapper.dispatch(MessageHubBackedObjectConnection.java:164)
	at org.gradle.internal.remote.internal.hub.MessageHub$Handler.run(MessageHub.java:412)
	at org.gradle.internal.concurrent.ExecutorPolicy$CatchAndRecordFailures.onExecute(ExecutorPolicy.java:64)
	at org.gradle.internal.concurrent.ManagedExecutorImpl$1.run(ManagedExecutorImpl.java:48)
	at java.base/java.util.concurrent.ThreadPoolExecutor.runWorker(ThreadPoolExecutor.java:1128)
	at java.base/java.util.concurrent.ThreadPoolExecutor$Worker.run(ThreadPoolExecutor.java:628)
	at org.gradle.internal.concurrent.ThreadFactoryImpl$ManagedThreadRunnable.run(ThreadFactoryImpl.java:56)
	at java.base/java.lang.Thread.run(Thread.java:834)
Caused by: org.springframework.web.client.HttpClientErrorException$NotFound: 404 Not Found
	at org.springframework.web.client.HttpClientErrorException.create(HttpClientErrorException.java:85)
	at org.springframework.web.client.DefaultResponseErrorHandler.handleError(DefaultResponseErrorHandler.java:122)
	at org.springframework.web.client.DefaultResponseErrorHandler.handleError(DefaultResponseErrorHandler.java:102)
	at org.springframework.web.client.ResponseErrorHandler.handleError(ResponseErrorHandler.java:63)
	at org.springframework.web.client.RestTemplate.handleResponse(RestTemplate.java:778)
	at org.springframework.web.client.RestTemplate.doExecute(RestTemplate.java:736)
	at org.springframework.web.client.RestTemplate.exchange(RestTemplate.java:637)
	at uk.gov.dhsc.htbhf.claimant.reporting.GoogleAnalyticsClient.reportEvent(GoogleAnalyticsClient.java:53)
	... 98 common frames omitted
09:58:35.872 [Test worker] INFO  u.g.d.h.c.message.MessageProcessor - Processed 1 REPORT_PAYMENT message(s) with status ERROR
</pre>
</span>
</div>
</div>
<div id="footer">
<p>
<div>
<label class="hidden" id="label-for-line-wrapping-toggle" for="line-wrapping-toggle">Wrap lines
<input id="line-wrapping-toggle" type="checkbox" autocomplete="off"/>
</label>
</div>Generated by 
<a href="http://www.gradle.org">Gradle 5.6</a> at Oct 30, 2019, 9:58:59 AM</p>
</div>
</div>
</body>
</html>
